[2022-07-02 19:16:15,425] {taskinstance.py:1159} INFO - Dependencies all met for <TaskInstance: ai_cluster.check_job_flow manual__2022-07-02T13:46:09.714765+00:00 [queued]>
[2022-07-02 19:16:15,430] {taskinstance.py:1159} INFO - Dependencies all met for <TaskInstance: ai_cluster.check_job_flow manual__2022-07-02T13:46:09.714765+00:00 [queued]>
[2022-07-02 19:16:15,430] {taskinstance.py:1356} INFO - 
--------------------------------------------------------------------------------
[2022-07-02 19:16:15,430] {taskinstance.py:1357} INFO - Starting attempt 1 of 1
[2022-07-02 19:16:15,430] {taskinstance.py:1358} INFO - 
--------------------------------------------------------------------------------
[2022-07-02 19:16:15,438] {taskinstance.py:1377} INFO - Executing <Task(EmrJobFlowSensor): check_job_flow> on 2022-07-02 13:46:09.714765+00:00
[2022-07-02 19:16:15,440] {standard_task_runner.py:52} INFO - Started process 64280 to run task
[2022-07-02 19:16:15,444] {standard_task_runner.py:79} INFO - Running: ['airflow', 'tasks', 'run', 'ai_cluster', 'check_job_flow', 'manual__2022-07-02T13:46:09.714765+00:00', '--job-id', '5', '--raw', '--subdir', 'DAGS_FOLDER/itvghapipeline.py', '--cfg-path', '/var/folders/n4/66bq258d6xq6lscwjlgs6q500000gn/T/tmpr8hx10dq', '--error-file', '/var/folders/n4/66bq258d6xq6lscwjlgs6q500000gn/T/tmpi6qlq1ma']
[2022-07-02 19:16:15,445] {standard_task_runner.py:80} INFO - Job 5: Subtask check_job_flow
[2022-07-02 19:16:15,480] {task_command.py:370} INFO - Running <TaskInstance: ai_cluster.check_job_flow manual__2022-07-02T13:46:09.714765+00:00 [running]> on host itversitys-mbp.lan
[2022-07-02 19:16:15,521] {taskinstance.py:1569} INFO - Exporting the following env vars:
AIRFLOW_CTX_DAG_OWNER=airflow
AIRFLOW_CTX_DAG_ID=ai_cluster
AIRFLOW_CTX_TASK_ID=check_job_flow
AIRFLOW_CTX_EXECUTION_DATE=2022-07-02T13:46:09.714765+00:00
AIRFLOW_CTX_TRY_NUMBER=1
AIRFLOW_CTX_DAG_RUN_ID=manual__2022-07-02T13:46:09.714765+00:00
[2022-07-02 19:16:15,525] {base.py:68} INFO - Using connection ID 'aws_default' for task execution.
[2022-07-02 19:16:15,543] {credentials.py:1311} INFO - Found credentials in shared credentials file: ~/.aws/credentials
[2022-07-02 19:16:15,575] {emr.py:235} INFO - Poking cluster j-MOMIBWNIGU7X
[2022-07-02 19:16:16,588] {emr.py:74} INFO - Job flow currently STARTING
[2022-07-02 19:17:16,617] {emr.py:235} INFO - Poking cluster j-MOMIBWNIGU7X
[2022-07-02 19:17:17,718] {emr.py:74} INFO - Job flow currently STARTING
[2022-07-02 19:18:17,722] {emr.py:235} INFO - Poking cluster j-MOMIBWNIGU7X
[2022-07-02 19:18:18,725] {emr.py:74} INFO - Job flow currently STARTING
[2022-07-02 19:19:18,726] {emr.py:235} INFO - Poking cluster j-MOMIBWNIGU7X
[2022-07-02 19:19:19,664] {emr.py:74} INFO - Job flow currently STARTING
[2022-07-02 19:20:19,664] {emr.py:235} INFO - Poking cluster j-MOMIBWNIGU7X
[2022-07-02 19:20:20,727] {emr.py:74} INFO - Job flow currently STARTING
[2022-07-02 19:21:20,728] {emr.py:235} INFO - Poking cluster j-MOMIBWNIGU7X
[2022-07-02 19:21:21,757] {emr.py:74} INFO - Job flow currently WAITING
[2022-07-02 19:22:21,758] {emr.py:235} INFO - Poking cluster j-MOMIBWNIGU7X
[2022-07-02 19:22:22,996] {emr.py:74} INFO - Job flow currently WAITING
[2022-07-02 19:23:22,997] {emr.py:235} INFO - Poking cluster j-MOMIBWNIGU7X
[2022-07-02 19:23:24,130] {emr.py:74} INFO - Job flow currently WAITING
[2022-07-02 19:24:24,131] {emr.py:235} INFO - Poking cluster j-MOMIBWNIGU7X
[2022-07-02 19:24:25,349] {emr.py:74} INFO - Job flow currently WAITING
[2022-07-02 19:25:25,349] {emr.py:235} INFO - Poking cluster j-MOMIBWNIGU7X
[2022-07-02 19:25:26,458] {emr.py:74} INFO - Job flow currently WAITING
[2022-07-02 19:26:26,459] {emr.py:235} INFO - Poking cluster j-MOMIBWNIGU7X
[2022-07-02 19:26:27,561] {emr.py:74} INFO - Job flow currently WAITING
[2022-07-02 19:27:27,562] {emr.py:235} INFO - Poking cluster j-MOMIBWNIGU7X
[2022-07-02 19:27:28,689] {emr.py:74} INFO - Job flow currently WAITING
[2022-07-02 19:28:28,690] {emr.py:235} INFO - Poking cluster j-MOMIBWNIGU7X
[2022-07-02 19:28:29,728] {emr.py:74} INFO - Job flow currently WAITING
[2022-07-02 19:29:29,729] {emr.py:235} INFO - Poking cluster j-MOMIBWNIGU7X
[2022-07-02 19:29:30,822] {emr.py:74} INFO - Job flow currently WAITING
[2022-07-02 19:30:30,823] {emr.py:235} INFO - Poking cluster j-MOMIBWNIGU7X
[2022-07-02 19:30:31,999] {emr.py:74} INFO - Job flow currently WAITING
[2022-07-02 19:31:31,999] {emr.py:235} INFO - Poking cluster j-MOMIBWNIGU7X
[2022-07-02 19:31:32,968] {emr.py:74} INFO - Job flow currently WAITING
[2022-07-02 19:32:33,020] {emr.py:235} INFO - Poking cluster j-MOMIBWNIGU7X
[2022-07-02 19:32:34,067] {emr.py:74} INFO - Job flow currently WAITING
[2022-07-02 19:33:34,067] {emr.py:235} INFO - Poking cluster j-MOMIBWNIGU7X
[2022-07-02 19:33:35,095] {emr.py:74} INFO - Job flow currently WAITING
[2022-07-02 19:34:35,096] {emr.py:235} INFO - Poking cluster j-MOMIBWNIGU7X
[2022-07-02 19:34:36,380] {emr.py:74} INFO - Job flow currently WAITING
[2022-07-02 19:35:36,381] {emr.py:235} INFO - Poking cluster j-MOMIBWNIGU7X
[2022-07-02 19:35:37,378] {emr.py:74} INFO - Job flow currently WAITING
[2022-07-02 19:36:37,379] {emr.py:235} INFO - Poking cluster j-MOMIBWNIGU7X
[2022-07-02 19:36:38,413] {emr.py:74} INFO - Job flow currently WAITING
[2022-07-02 19:37:38,414] {emr.py:235} INFO - Poking cluster j-MOMIBWNIGU7X
[2022-07-02 19:37:39,407] {emr.py:74} INFO - Job flow currently WAITING
[2022-07-02 19:38:39,407] {emr.py:235} INFO - Poking cluster j-MOMIBWNIGU7X
[2022-07-02 19:38:40,446] {emr.py:74} INFO - Job flow currently WAITING
[2022-07-02 19:39:40,447] {emr.py:235} INFO - Poking cluster j-MOMIBWNIGU7X
[2022-07-02 19:39:41,502] {emr.py:74} INFO - Job flow currently WAITING
[2022-07-02 19:40:41,502] {emr.py:235} INFO - Poking cluster j-MOMIBWNIGU7X
[2022-07-02 19:40:42,538] {emr.py:74} INFO - Job flow currently WAITING
[2022-07-02 19:41:42,538] {emr.py:235} INFO - Poking cluster j-MOMIBWNIGU7X
[2022-07-02 19:41:43,553] {emr.py:74} INFO - Job flow currently WAITING
[2022-07-02 19:42:43,554] {emr.py:235} INFO - Poking cluster j-MOMIBWNIGU7X
[2022-07-02 19:42:44,616] {emr.py:74} INFO - Job flow currently WAITING
[2022-07-02 19:43:44,617] {emr.py:235} INFO - Poking cluster j-MOMIBWNIGU7X
[2022-07-02 19:43:45,588] {emr.py:74} INFO - Job flow currently WAITING
[2022-07-02 19:44:45,589] {emr.py:235} INFO - Poking cluster j-MOMIBWNIGU7X
[2022-07-02 19:44:46,689] {emr.py:74} INFO - Job flow currently WAITING
[2022-07-02 19:45:46,690] {emr.py:235} INFO - Poking cluster j-MOMIBWNIGU7X
[2022-07-02 19:45:47,661] {emr.py:74} INFO - Job flow currently WAITING
[2022-07-02 19:46:47,741] {emr.py:235} INFO - Poking cluster j-MOMIBWNIGU7X
[2022-07-02 19:46:48,804] {emr.py:74} INFO - Job flow currently WAITING
[2022-07-02 19:47:48,806] {emr.py:235} INFO - Poking cluster j-MOMIBWNIGU7X
[2022-07-02 19:47:49,794] {emr.py:74} INFO - Job flow currently WAITING
[2022-07-02 19:48:49,796] {emr.py:235} INFO - Poking cluster j-MOMIBWNIGU7X
[2022-07-02 19:48:50,763] {emr.py:74} INFO - Job flow currently WAITING
[2022-07-02 19:49:50,765] {emr.py:235} INFO - Poking cluster j-MOMIBWNIGU7X
[2022-07-02 19:49:51,725] {emr.py:74} INFO - Job flow currently WAITING
[2022-07-02 19:50:51,726] {emr.py:235} INFO - Poking cluster j-MOMIBWNIGU7X
[2022-07-02 19:50:52,801] {emr.py:74} INFO - Job flow currently WAITING
[2022-07-02 19:51:52,803] {emr.py:235} INFO - Poking cluster j-MOMIBWNIGU7X
[2022-07-02 19:51:53,816] {emr.py:74} INFO - Job flow currently WAITING
[2022-07-02 19:52:53,818] {emr.py:235} INFO - Poking cluster j-MOMIBWNIGU7X
[2022-07-02 19:52:54,870] {emr.py:74} INFO - Job flow currently WAITING
[2022-07-02 19:53:54,872] {emr.py:235} INFO - Poking cluster j-MOMIBWNIGU7X
[2022-07-02 19:53:55,847] {emr.py:74} INFO - Job flow currently WAITING
[2022-07-02 19:54:55,849] {emr.py:235} INFO - Poking cluster j-MOMIBWNIGU7X
[2022-07-02 19:54:56,924] {emr.py:74} INFO - Job flow currently WAITING
[2022-07-02 19:55:56,926] {emr.py:235} INFO - Poking cluster j-MOMIBWNIGU7X
[2022-07-02 19:55:57,918] {emr.py:74} INFO - Job flow currently WAITING
[2022-07-02 19:56:57,920] {emr.py:235} INFO - Poking cluster j-MOMIBWNIGU7X
[2022-07-02 19:56:58,987] {emr.py:74} INFO - Job flow currently WAITING
[2022-07-02 19:57:58,989] {emr.py:235} INFO - Poking cluster j-MOMIBWNIGU7X
[2022-07-02 19:57:59,990] {emr.py:74} INFO - Job flow currently WAITING
[2022-07-02 19:58:59,992] {emr.py:235} INFO - Poking cluster j-MOMIBWNIGU7X
[2022-07-02 19:59:01,062] {emr.py:74} INFO - Job flow currently WAITING
[2022-07-02 20:00:01,065] {emr.py:235} INFO - Poking cluster j-MOMIBWNIGU7X
[2022-07-02 20:00:02,081] {emr.py:74} INFO - Job flow currently WAITING
[2022-07-02 20:01:02,083] {emr.py:235} INFO - Poking cluster j-MOMIBWNIGU7X
[2022-07-02 20:01:03,167] {emr.py:74} INFO - Job flow currently TERMINATING
[2022-07-02 20:02:03,228] {emr.py:235} INFO - Poking cluster j-MOMIBWNIGU7X
[2022-07-02 20:02:04,503] {emr.py:74} INFO - Job flow currently TERMINATED
[2022-07-02 20:02:04,504] {base.py:301} INFO - Success criteria met. Exiting.
[2022-07-02 20:02:04,510] {taskinstance.py:1395} INFO - Marking task as SUCCESS. dag_id=ai_cluster, task_id=check_job_flow, execution_date=20220702T134609, start_date=20220702T134615, end_date=20220702T143204
[2022-07-02 20:02:04,545] {local_task_job.py:156} INFO - Task exited with return code 0
[2022-07-02 20:02:04,555] {local_task_job.py:273} INFO - 0 downstream tasks scheduled from follow-on schedule check
