[2022-07-02 21:35:50,553] {taskinstance.py:1159} INFO - Dependencies all met for <TaskInstance: ai_cluster.check_job_flow manual__2022-07-02T16:05:44.782876+00:00 [queued]>
[2022-07-02 21:35:50,557] {taskinstance.py:1159} INFO - Dependencies all met for <TaskInstance: ai_cluster.check_job_flow manual__2022-07-02T16:05:44.782876+00:00 [queued]>
[2022-07-02 21:35:50,557] {taskinstance.py:1356} INFO - 
--------------------------------------------------------------------------------
[2022-07-02 21:35:50,558] {taskinstance.py:1357} INFO - Starting attempt 1 of 1
[2022-07-02 21:35:50,558] {taskinstance.py:1358} INFO - 
--------------------------------------------------------------------------------
[2022-07-02 21:35:50,565] {taskinstance.py:1377} INFO - Executing <Task(EmrJobFlowSensor): check_job_flow> on 2022-07-02 16:05:44.782876+00:00
[2022-07-02 21:35:50,567] {standard_task_runner.py:52} INFO - Started process 81112 to run task
[2022-07-02 21:35:50,571] {standard_task_runner.py:79} INFO - Running: ['airflow', 'tasks', 'run', 'ai_cluster', 'check_job_flow', 'manual__2022-07-02T16:05:44.782876+00:00', '--job-id', '7', '--raw', '--subdir', 'DAGS_FOLDER/itvghapipeline.py', '--cfg-path', '/var/folders/n4/66bq258d6xq6lscwjlgs6q500000gn/T/tmp_3x6jv87', '--error-file', '/var/folders/n4/66bq258d6xq6lscwjlgs6q500000gn/T/tmpdplorbif']
[2022-07-02 21:35:50,572] {standard_task_runner.py:80} INFO - Job 7: Subtask check_job_flow
[2022-07-02 21:35:50,607] {task_command.py:370} INFO - Running <TaskInstance: ai_cluster.check_job_flow manual__2022-07-02T16:05:44.782876+00:00 [running]> on host itversitys-mbp.lan
[2022-07-02 21:35:50,645] {taskinstance.py:1569} INFO - Exporting the following env vars:
AIRFLOW_CTX_DAG_OWNER=airflow
AIRFLOW_CTX_DAG_ID=ai_cluster
AIRFLOW_CTX_TASK_ID=check_job_flow
AIRFLOW_CTX_EXECUTION_DATE=2022-07-02T16:05:44.782876+00:00
AIRFLOW_CTX_TRY_NUMBER=1
AIRFLOW_CTX_DAG_RUN_ID=manual__2022-07-02T16:05:44.782876+00:00
[2022-07-02 21:35:50,649] {base.py:68} INFO - Using connection ID 'aws_default' for task execution.
[2022-07-02 21:35:50,667] {credentials.py:1311} INFO - Found credentials in shared credentials file: ~/.aws/credentials
[2022-07-02 21:35:50,699] {emr.py:235} INFO - Poking cluster j-1TRKD1SPHI436
[2022-07-02 21:35:51,736] {emr.py:74} INFO - Job flow currently STARTING
[2022-07-02 21:36:51,834] {emr.py:235} INFO - Poking cluster j-1TRKD1SPHI436
[2022-07-02 21:36:52,819] {emr.py:74} INFO - Job flow currently STARTING
[2022-07-02 21:37:52,821] {emr.py:235} INFO - Poking cluster j-1TRKD1SPHI436
[2022-07-02 21:37:54,155] {emr.py:74} INFO - Job flow currently STARTING
[2022-07-02 21:38:54,157] {emr.py:235} INFO - Poking cluster j-1TRKD1SPHI436
[2022-07-02 21:38:55,072] {emr.py:74} INFO - Job flow currently STARTING
[2022-07-02 21:39:55,075] {emr.py:235} INFO - Poking cluster j-1TRKD1SPHI436
[2022-07-02 21:39:56,315] {emr.py:74} INFO - Job flow currently STARTING
[2022-07-02 21:40:56,318] {emr.py:235} INFO - Poking cluster j-1TRKD1SPHI436
[2022-07-02 21:40:57,352] {emr.py:74} INFO - Job flow currently WAITING
[2022-07-02 21:41:57,355] {emr.py:235} INFO - Poking cluster j-1TRKD1SPHI436
[2022-07-02 21:41:58,440] {emr.py:74} INFO - Job flow currently WAITING
[2022-07-02 21:42:58,443] {emr.py:235} INFO - Poking cluster j-1TRKD1SPHI436
[2022-07-02 21:42:59,458] {emr.py:74} INFO - Job flow currently WAITING
[2022-07-02 21:43:59,461] {emr.py:235} INFO - Poking cluster j-1TRKD1SPHI436
[2022-07-02 21:44:00,508] {emr.py:74} INFO - Job flow currently WAITING
[2022-07-02 21:45:00,511] {emr.py:235} INFO - Poking cluster j-1TRKD1SPHI436
[2022-07-02 21:45:01,551] {emr.py:74} INFO - Job flow currently WAITING
[2022-07-02 21:46:01,554] {emr.py:235} INFO - Poking cluster j-1TRKD1SPHI436
[2022-07-02 21:46:02,736] {emr.py:74} INFO - Job flow currently WAITING
[2022-07-02 21:47:02,738] {emr.py:235} INFO - Poking cluster j-1TRKD1SPHI436
[2022-07-02 21:47:03,687] {emr.py:74} INFO - Job flow currently WAITING
[2022-07-02 21:48:03,689] {emr.py:235} INFO - Poking cluster j-1TRKD1SPHI436
[2022-07-02 21:48:04,982] {emr.py:74} INFO - Job flow currently TERMINATED
[2022-07-02 21:48:04,983] {base.py:301} INFO - Success criteria met. Exiting.
[2022-07-02 21:48:04,989] {taskinstance.py:1395} INFO - Marking task as SUCCESS. dag_id=ai_cluster, task_id=check_job_flow, execution_date=20220702T160544, start_date=20220702T160550, end_date=20220702T161804
[2022-07-02 21:48:05,007] {local_task_job.py:156} INFO - Task exited with return code 0
