[2022-07-02 21:48:05,957] {taskinstance.py:1159} INFO - Dependencies all met for <TaskInstance: ai_cluster.check_job_flow_terminate manual__2022-07-02T16:05:44.782876+00:00 [queued]>
[2022-07-02 21:48:05,961] {taskinstance.py:1159} INFO - Dependencies all met for <TaskInstance: ai_cluster.check_job_flow_terminate manual__2022-07-02T16:05:44.782876+00:00 [queued]>
[2022-07-02 21:48:05,962] {taskinstance.py:1356} INFO - 
--------------------------------------------------------------------------------
[2022-07-02 21:48:05,962] {taskinstance.py:1357} INFO - Starting attempt 1 of 1
[2022-07-02 21:48:05,962] {taskinstance.py:1358} INFO - 
--------------------------------------------------------------------------------
[2022-07-02 21:48:05,969] {taskinstance.py:1377} INFO - Executing <Task(EmrJobFlowSensor): check_job_flow_terminate> on 2022-07-02 16:05:44.782876+00:00
[2022-07-02 21:48:05,971] {standard_task_runner.py:52} INFO - Started process 91044 to run task
[2022-07-02 21:48:05,975] {standard_task_runner.py:79} INFO - Running: ['airflow', 'tasks', 'run', 'ai_cluster', 'check_job_flow_terminate', 'manual__2022-07-02T16:05:44.782876+00:00', '--job-id', '8', '--raw', '--subdir', 'DAGS_FOLDER/itvghapipeline.py', '--cfg-path', '/var/folders/n4/66bq258d6xq6lscwjlgs6q500000gn/T/tmp0bcc_wa6', '--error-file', '/var/folders/n4/66bq258d6xq6lscwjlgs6q500000gn/T/tmp08h1hnd7']
[2022-07-02 21:48:05,976] {standard_task_runner.py:80} INFO - Job 8: Subtask check_job_flow_terminate
[2022-07-02 21:48:06,007] {task_command.py:370} INFO - Running <TaskInstance: ai_cluster.check_job_flow_terminate manual__2022-07-02T16:05:44.782876+00:00 [running]> on host itversitys-mbp.lan
[2022-07-02 21:48:06,042] {taskinstance.py:1569} INFO - Exporting the following env vars:
AIRFLOW_CTX_DAG_OWNER=airflow
AIRFLOW_CTX_DAG_ID=ai_cluster
AIRFLOW_CTX_TASK_ID=check_job_flow_terminate
AIRFLOW_CTX_EXECUTION_DATE=2022-07-02T16:05:44.782876+00:00
AIRFLOW_CTX_TRY_NUMBER=1
AIRFLOW_CTX_DAG_RUN_ID=manual__2022-07-02T16:05:44.782876+00:00
[2022-07-02 21:48:06,046] {base.py:68} INFO - Using connection ID 'aws_default' for task execution.
[2022-07-02 21:48:06,063] {credentials.py:1311} INFO - Found credentials in shared credentials file: ~/.aws/credentials
[2022-07-02 21:48:06,090] {emr.py:235} INFO - Poking cluster j-1TRKD1SPHI436
[2022-07-02 21:48:07,337] {emr.py:74} INFO - Job flow currently TERMINATED
[2022-07-02 21:48:07,337] {base.py:301} INFO - Success criteria met. Exiting.
[2022-07-02 21:48:07,341] {taskinstance.py:1395} INFO - Marking task as SUCCESS. dag_id=ai_cluster, task_id=check_job_flow_terminate, execution_date=20220702T160544, start_date=20220702T161805, end_date=20220702T161807
[2022-07-02 21:48:07,369] {local_task_job.py:156} INFO - Task exited with return code 0
[2022-07-02 21:48:07,386] {local_task_job.py:273} INFO - 0 downstream tasks scheduled from follow-on schedule check
