[2022-07-02 19:09:17 +0530] [58261] [INFO] Starting gunicorn 20.1.0
[2022-07-02 19:09:17 +0530] [58261] [ERROR] Connection in use: ('0.0.0.0', 8793)
[2022-07-02 19:09:17 +0530] [58261] [ERROR] Retrying in 1 second.
[2022-07-02 19:09:18 +0530] [58261] [ERROR] Connection in use: ('0.0.0.0', 8793)
[2022-07-02 19:09:18 +0530] [58261] [ERROR] Retrying in 1 second.
[2022-07-02 19:09:19 +0530] [58261] [ERROR] Connection in use: ('0.0.0.0', 8793)
[2022-07-02 19:09:19 +0530] [58261] [ERROR] Retrying in 1 second.
[2022-07-02 19:09:20 +0530] [58261] [ERROR] Connection in use: ('0.0.0.0', 8793)
[2022-07-02 19:09:20 +0530] [58261] [ERROR] Retrying in 1 second.
[2022-07-02 19:09:21 +0530] [58261] [ERROR] Connection in use: ('0.0.0.0', 8793)
[2022-07-02 19:09:21 +0530] [58261] [ERROR] Retrying in 1 second.
[2022-07-02 19:09:22 +0530] [58261] [ERROR] Can't connect to ('0.0.0.0', 8793)
Traceback (most recent call last):
  File "/Users/itversity/Projects/Internal/bootcamp/itversity-material/mastering-emr/me-venv/bin/airflow", line 8, in <module>
    sys.exit(main())
  File "/Users/itversity/Projects/Internal/bootcamp/itversity-material/mastering-emr/me-venv/lib/python3.9/site-packages/airflow/__main__.py", line 38, in main
    args.func(args)
  File "/Users/itversity/Projects/Internal/bootcamp/itversity-material/mastering-emr/me-venv/lib/python3.9/site-packages/airflow/cli/cli_parser.py", line 51, in command
    return func(*args, **kwargs)
  File "/Users/itversity/Projects/Internal/bootcamp/itversity-material/mastering-emr/me-venv/lib/python3.9/site-packages/airflow/utils/cli.py", line 99, in wrapper
    return f(*args, **kwargs)
  File "/Users/itversity/Projects/Internal/bootcamp/itversity-material/mastering-emr/me-venv/lib/python3.9/site-packages/airflow/cli/commands/task_command.py", line 376, in task_run
    _run_task_by_selected_method(args, dag, ti)
  File "/Users/itversity/Projects/Internal/bootcamp/itversity-material/mastering-emr/me-venv/lib/python3.9/site-packages/airflow/cli/commands/task_command.py", line 182, in _run_task_by_selected_method
    _run_task_by_local_task_job(args, ti)
  File "/Users/itversity/Projects/Internal/bootcamp/itversity-material/mastering-emr/me-venv/lib/python3.9/site-packages/airflow/cli/commands/task_command.py", line 240, in _run_task_by_local_task_job
    run_job.run()
  File "/Users/itversity/Projects/Internal/bootcamp/itversity-material/mastering-emr/me-venv/lib/python3.9/site-packages/airflow/jobs/base_job.py", line 244, in [2022-07-02 23:24:38 +0530] [24301] [CRITICAL] WORKER TIMEOUT (pid:26611)
[2022-07-02 23:24:38 +0530] [26611] [INFO] Worker exiting (pid: 26611)
[2022-07-02 23:24:39 +0530] [22103] [INFO] Booting worker with pid: 22103
[2022-07-03 08:29:01 +0530] [24301] [CRITICAL] WORKER TIMEOUT (pid:26612)
[2022-07-03 08:29:02 +0530] [24301] [CRITICAL] WORKER TIMEOUT (pid:22103)
[2022-07-03 08:29:02 +0530] [26612] [INFO] Worker exiting (pid: 26612)
[2022-07-03 08:29:02 +0530] [22103] [INFO] Worker exiting (pid: 22103)
[2022-07-03 08:29:02 +0530] [23576] [INFO] Booting worker with pid: 23576
[2022-07-03 08:29:02 +0530] [23578] [INFO] Booting worker with pid: 23578
[2022-07-03 12:04:36 +0530] [24301] [CRITICAL] WORKER TIMEOUT (pid:23576)
[2022-07-03 12:04:37 +0530] [24301] [CRITICAL] WORKER TIMEOUT (pid:23578)
[2022-07-03 12:04:37 +0530] [23576] [INFO] Worker exiting (pid: 23576)
[2022-07-03 12:04:37 +0530] [23578] [INFO] Worker exiting (pid: 23578)
[2022-07-03 12:04:37 +0530] [33476] [INFO] Booting worker with pid: 33476
[2022-07-03 12:04:37 +0530] [33478] [INFO] Booting worker with pid: 33478
[2022-07-03 14:05:10 +0530] [24301] [CRITICAL] WORKER TIMEOUT (pid:33476)
[2022-07-03 14:05:10 +0530] [24301] [CRITICAL] WORKER TIMEOUT (pid:33478)
[2022-07-03 14:05:10 +0530] [33476] [INFO] Worker exiting (pid: 33476)
[2022-07-03 14:05:10 +0530] [33478] [INFO] Worker exiting (pid: 33478)
[2022-07-03 14:05:10 +0530] [34042] [INFO] Booting worker with pid: 34042
[2022-07-03 14:05:11 +0530] [34043] [INFO] Booting worker with pid: 34043
[2022-07-03 16:05:19 +0530] [24301] [CRITICAL] WORKER TIMEOUT (pid:34042)
[2022-07-03 16:05:19 +0530] [24301] [CRITICAL] WORKER TIMEOUT (pid:34043)
[2022-07-03 16:05:19 +0530] [34042] [INFO] Worker exiting (pid: 34042)
[2022-07-03 16:05:19 +0530] [34043] [INFO] Worker exiting (pid: 34043)
[2022-07-03 16:05:20 +0530] [34218] [INFO] Booting worker with pid: 34218
[2022-07-03 16:05:20 +0530] [34220] [INFO] Booting worker with pid: 34220
[2022-07-03 18:05:28 +0530] [24301] [CRITICAL] WORKER TIMEOUT (pid:34218)
[2022-07-03 18:05:28 +0530] [24301] [CRITICAL] WORKER TIMEOUT (pid:34220)
[2022-07-03 18:05:28 +0530] [34220] [INFO] Worker exiting (pid: 34220)
[2022-07-03 18:05:28 +0530] [34218] [INFO] Worker exiting (pid: 34218)
[2022-07-03 18:05:28 +0530] [24301] [WARNING] Worker with pid 34218 was terminated due to signal 9
[2022-07-03 18:05:28 +0530] [34380] [INFO] Booting worker with pid: 34380
[2022-07-03 18:05:28 +0530] [34385] [INFO] Booting worker with pid: 34385
[2022-07-03 19:58:17 +0530] [24301] [CRITICAL] WORKER TIMEOUT (pid:34380)
[2022-07-03 19:58:17 +0530] [24301] [CRITICAL] WORKER TIMEOUT (pid:34385)
[2022-07-03 19:58:17 +0530] [34380] [INFO] Worker exiting (pid: 34380)
[2022-07-03 19:58:17 +0530] [34385] [INFO] Worker exiting (pid: 34385)
[2022-07-03 19:58:17 +0530] [34552] [INFO] Booting worker with pid: 34552
[2022-07-03 19:58:17 +0530] [34553] [INFO] Booting worker with pid: 34553
[2022-07-03 21:09:11 +0530] [24301] [CRITICAL] WORKER TIMEOUT (pid:34552)
[2022-07-03 21:09:11 +0530] [24301] [CRITICAL] WORKER TIMEOUT (pid:34553)
[2022-07-03 21:09:11 +0530] [34552] [INFO] Worker exiting (pid: 34552)
[2022-07-03 21:09:11 +0530] [34553] [INFO] Worker exiting (pid: 34553)
[2022-07-03 21:09:11 +0530] [85925] [INFO] Booting worker with pid: 85925
[2022-07-03 21:09:11 +0530] [85930] [INFO] Booting worker with pid: 85930
[2022-07-03 23:14:46 +0530] [24301] [CRITICAL] WORKER TIMEOUT (pid:85925)
[2022-07-03 23:14:46 +0530] [24301] [CRITICAL] WORKER TIMEOUT (pid:85930)
[2022-07-03 23:14:46 +0530] [85925] [INFO] Worker exiting (pid: 85925)
[2022-07-03 23:14:46 +0530] [85930] [INFO] Worker exiting (pid: 85930)
[2022-07-03 23:14:46 +0530] [39419] [INFO] Booting worker with pid: 39419
[2022-07-03 23:14:46 +0530] [39420] [INFO] Booting worker with pid: 39420
[2022-07-04 03:15:15 +0530] [24301] [CRITICAL] WORKER TIMEOUT (pid:39419)
[2022-07-04 03:15:15 +0530] [39419] [INFO] Worker exiting (pid: 39419)
[2022-07-04 03:15:17 +0530] [40098] [INFO] Booting worker with pid: 40098
[2022-07-04 05:15:32 +0530] [24301] [CRITICAL] WORKER TIMEOUT (pid:40098)
[2022-07-04 05:15:32 +0530] [40098] [INFO] Worker exiting (pid: 40098)
[2022-07-04 05:15:33 +0530] [40366] [INFO] Booting worker with pid: 40366
[2022-07-04 07:10:35 +0530] [24301] [CRITICAL] WORKER TIMEOUT (pid:39420)
[2022-07-04 07:10:35 +0530] [24301] [CRITICAL] WORKER TIMEOUT (pid:40366)
[2022-07-04 07:10:35 +0530] [40366] [INFO] Worker exiting (pid: 40366)
[2022-07-04 07:10:35 +0530] [39420] [INFO] Worker exiting (pid: 39420)
[2022-07-04 07:10:36 +0530] [40789] [INFO] Booting worker with pid: 40789
[2022-07-04 07:10:36 +0530] [40791] [INFO] Booting worker with pid: 40791
[2022-07-04 08:08:26 +0530] [24301] [CRITICAL] WORKER TIMEOUT (pid:40789)
[2022-07-04 08:08:26 +0530] [24301] [CRITICAL] WORKER TIMEOUT (pid:40791)
[2022-07-04 08:08:26 +0530] [40789] [INFO] Worker exiting (pid: 40789)
[2022-07-04 08:08:26 +0530] [40791] [INFO] Worker exiting (pid: 40791)
[2022-07-04 08:08:26 +0530] [87206] [INFO] Booting worker with pid: 87206
[2022-07-04 08:08:26 +0530] [87207] [INFO] Booting worker with pid: 87207
[2022-07-04 08:25:57 +0530] [24301] [CRITICAL] WORKER TIMEOUT (pid:87206)
[2022-07-04 08:25:57 +0530] [24301] [CRITICAL] WORKER TIMEOUT (pid:87207)
[2022-07-04 08:25:57 +0530] [87206] [INFO] Worker exiting (pid: 87206)
[2022-07-04 08:25:57 +0530] [87207] [INFO] Worker exiting (pid: 87207)
[2022-07-04 08:25:57 +0530] [87891] [INFO] Booting worker with pid: 87891
[2022-07-04 08:25:57 +0530] [87892] [INFO] Booting worker with pid: 87892
[2022-07-04 14:40:24 +0530] [24301] [CRITICAL] WORKER TIMEOUT (pid:87891)
[2022-07-04 14:40:24 +0530] [24301] [CRITICAL] WORKER TIMEOUT (pid:87892)
[2022-07-04 14:40:24 +0530] [87891] [INFO] Worker exiting (pid: 87891)
[2022-07-04 14:40:24 +0530] [87892] [INFO] Worker exiting (pid: 87892)
[2022-07-04 14:40:24 +0530] [24870] [INFO] Booting worker with pid: 24870
[2022-07-04 14:40:24 +0530] [24872] [INFO] Booting worker with pid: 24872
[2022-07-04 14:41:47 +0530] [24301] [CRITICAL] WORKER TIMEOUT (pid:24870)
[2022-07-04 14:41:47 +0530] [24301] [CRITICAL] WORKER TIMEOUT (pid:24872)
[2022-07-04 14:41:47 +0530] [24870] [INFO] Worker exiting (pid: 24870)
[2022-07-04 14:41:47 +0530] [24872] [INFO] Worker exiting (pid: 24872)
[2022-07-04 14:41:47 +0530] [25515] [INFO] Booting worker with pid: 25515
[2022-07-04 14:41:47 +0530] [25520] [INFO] Booting worker with pid: 25520
[2022-07-04 15:11:01 +0530] [24301] [CRITICAL] WORKER TIMEOUT (pid:25515)
[2022-07-04 15:11:01 +0530] [24301] [CRITICAL] WORKER TIMEOUT (pid:25520)
[2022-07-04 15:11:01 +0530] [25515] [INFO] Worker exiting (pid: 25515)
[2022-07-04 15:11:01 +0530] [25520] [INFO] Worker exiting (pid: 25520)
[2022-07-04 15:11:01 +0530] [26208] [INFO] Booting worker with pid: 26208
[2022-07-04 15:11:01 +0530] [26209] [INFO] Booting worker with pid: 26209
[2022-07-04 15:28:24 +0530] [24301] [CRITICAL] WORKER TIMEOUT (pid:26208)
[2022-07-04 15:28:24 +0530] [24301] [CRITICAL] WORKER TIMEOUT (pid:26209)
[2022-07-04 15:28:24 +0530] [26208] [INFO] Worker exiting (pid: 26208)
[2022-07-04 15:28:24 +0530] [26209] [INFO] Worker exiting (pid: 26209)
[2022-07-04 15:28:24 +0530] [26917] [INFO] Booting worker with pid: 26917
[2022-07-04 15:28:24 +0530] [26918] [INFO] Booting worker with pid: 26918
[2022-07-04 15:46:40 +0530] [24301] [CRITICAL] WORKER TIMEOUT (pid:26917)
[2022-07-04 15:46:40 +0530] [24301] [CRITICAL] WORKER TIMEOUT (pid:26918)
[2022-07-04 15:46:40 +0530] [26917] [INFO] Worker exiting (pid: 26917)
[2022-07-04 15:46:40 +0530] [26918] [INFO] Worker exiting (pid: 26918)
[2022-07-04 15:46:40 +0530] [27601] [INFO] Booting worker with pid: 27601
[2022-07-04 15:46:40 +0530] [27602] [INFO] Booting worker with pid: 27602
[2022-07-04 16:29:38 +0530] [24301] [CRITICAL] WORKER TIMEOUT (pid:27601)
[2022-07-04 16:29:38 +0530] [24301] [CRITICAL] WORKER TIMEOUT (pid:27602)
[2022-07-04 16:29:38 +0530] [27602] [INFO] Worker exiting (pid: 27602)
[2022-07-04 16:29:38 +0530] [27601] [INFO] Worker exiting (pid: 27601)
[2022-07-04 16:29:38 +0530] [28287] [INFO] Booting worker with pid: 28287
[2022-07-04 16:29:38 +0530] [28292] [INFO] Booting worker with pid: 28292
[2022-07-04 17:34:16 +0530] [24301] [CRITICAL] WORKER TIMEOUT (pid:28287)
[2022-07-04 17:34:16 +0530] [24301] [CRITICAL] WORKER TIMEOUT (pid:28292)
[2022-07-04 17:34:16 +0530] [28287] [INFO] Worker exiting (pid: 28287)
[2022-07-04 17:34:16 +0530] [28292] [INFO] Worker exiting (pid: 28292)
[2022-07-04 17:34:16 +0530] [24301] [WARNING] Worker with pid 28292 was terminated due to signal 9
[2022-07-04 17:34:16 +0530] [74338] [INFO] Booting worker with pid: 74338
[2022-07-04 17:34:16 +0530] [74343] [INFO] Booting worker with pid: 74343
[2022-07-04 17:57:51 +0530] [24301] [CRITICAL] WORKER TIMEOUT (pid:74338)
[2022-07-04 17:57:51 +0530] [24301] [CRITICAL] WORKER TIMEOUT (pid:74343)
[2022-07-04 17:57:51 +0530] [74343] [INFO] Worker exiting (pid: 74343)
[2022-07-04 17:57:51 +0530] [74338] [INFO] Worker exiting (pid: 74338)
[2022-07-04 17:57:51 +0530] [82827] [INFO] Booting worker with pid: 82827
[2022-07-04 17:57:52 +0530] [82828] [INFO] Booting worker with pid: 82828
[2022-07-04 20:54:54 +0530] [24301] [CRITICAL] WORKER TIMEOUT (pid:82827)
[2022-07-04 20:54:54 +0530] [24301] [CRITICAL] WORKER TIMEOUT (pid:82828)
[2022-07-04 20:54:54 +0530] [82827] [INFO] Worker exiting (pid: 82827)
[2022-07-04 20:54:54 +0530] [82828] [INFO] Worker exiting (pid: 82828)
[2022-07-04 20:54:54 +0530] [28170] [INFO] Booting worker with pid: 28170
[2022-07-04 20:54:54 +0530] [28171] [INFO] Booting worker with pid: 28171
[2022-07-04 21:30:02 +0530] [24301] [CRITICAL] WORKER TIMEOUT (pid:28170)
[2022-07-04 21:30:02 +0530] [24301] [CRITICAL] WORKER TIMEOUT (pid:28171)
[2022-07-04 21:30:02 +0530] [28170] [INFO] Worker exiting (pid: 28170)
[2022-07-04 21:30:02 +0530] [28171] [INFO] Worker exiting (pid: 28171)
[2022-07-04 21:30:02 +0530] [28365] [INFO] Booting worker with pid: 28365
[2022-07-04 21:30:02 +0530] [28371] [INFO] Booting worker with pid: 28371
[2022-07-04 21:44:54 +0530] [24301] [CRITICAL] WORKER TIMEOUT (pid:28365)
[2022-07-04 21:44:54 +0530] [28365] [INFO] Worker exiting (pid: 28365)
[2022-07-04 21:44:57 +0530] [28582] [INFO] Booting worker with pid: 28582
[2022-07-04 22:56:45 +0530] [24301] [CRITICAL] WORKER TIMEOUT (pid:28371)
[2022-07-04 22:56:45 +0530] [24301] [CRITICAL] WORKER TIMEOUT (pid:28582)
[2022-07-04 22:56:45 +0530] [28582] [INFO] Worker exiting (pid: 28582)
[2022-07-04 22:56:45 +0530] [28371] [INFO] Worker exiting (pid: 28371)
[2022-07-04 22:56:45 +0530] [37925] [INFO] Booting worker with pid: 37925
[2022-07-04 22:56:45 +0530] [37926] [INFO] Booting worker with pid: 37926
[2022-07-05 02:30:05 +0530] [24301] [CRITICAL] WORKER TIMEOUT (pid:37925)
[2022-07-05 02:30:06 +0530] [24301] [CRITICAL] WORKER TIMEOUT (pid:37926)
[2022-07-05 02:30:06 +0530] [37925] [INFO] Worker exiting (pid: 37925)
[2022-07-05 02:30:06 +0530] [37926] [INFO] Worker exiting (pid: 37926)
[2022-07-05 02:30:07 +0530] [24301] [WARNING] Worker with pid 37926 was terminated due to signal 9
[2022-07-05 02:30:07 +0530] [24301] [WARNING] Worker with pid 37925 was terminated due to signal 9
[2022-07-05 02:30:07 +0530] [38518] [INFO] Booting worker with pid: 38518
[2022-07-05 02:30:07 +0530] [38523] [INFO] Booting worker with pid: 38523
[2022-07-05 03:07:47 +0530] [24301] [CRITICAL] WORKER TIMEOUT (pid:38518)
[2022-07-05 03:07:47 +0530] [24301] [CRITICAL] WORKER TIMEOUT (pid:38523)
[2022-07-05 03:07:47 +0530] [38523] [INFO] Worker exiting (pid: 38523)
[2022-07-05 03:07:47 +0530] [38518] [INFO] Worker exiting (pid: 38518)
[2022-07-05 03:07:48 +0530] [24301] [WARNING] Worker with pid 38523 was terminated due to signal 9
[2022-07-05 03:07:48 +0530] [24301] [WARNING] Worker with pid 38518 was terminated due to signal 9
[2022-07-05 03:07:48 +0530] [38629] [INFO] Booting worker with pid: 38629
[2022-07-05 03:07:48 +0530] [38631] [INFO] Booting worker with pid: 38631
[2022-07-05 04:17:50 +0530] [24301] [CRITICAL] WORKER TIMEOUT (pid:38629)
[2022-07-05 04:17:50 +0530] [24301] [CRITICAL] WORKER TIMEOUT (pid:38631)
[2022-07-05 04:17:50 +0530] [38631] [INFO] Worker exiting (pid: 38631)
[2022-07-05 04:17:50 +0530] [38629] [INFO] Worker exiting (pid: 38629)
[2022-07-05 04:17:51 +0530] [48616] [INFO] Booting worker with pid: 48616
[2022-07-05 04:17:51 +0530] [48618] [INFO] Booting worker with pid: 48618
[2022-07-05 06:29:51 +0530] [24301] [CRITICAL] WORKER TIMEOUT (pid:48616)
[2022-07-05 06:29:51 +0530] [24301] [CRITICAL] WORKER TIMEOUT (pid:48618)
[2022-07-05 06:29:51 +0530] [48618] [INFO] Worker exiting (pid: 48618)
[2022-07-05 06:29:51 +0530] [48616] [INFO] Worker exiting (pid: 48616)
[2022-07-05 06:29:51 +0530] [58177] [INFO] Booting worker with pid: 58177
[2022-07-05 06:29:51 +0530] [58182] [INFO] Booting worker with pid: 58182
[2022-07-05 06:59:51 +0530] [24301] [CRITICAL] WORKER TIMEOUT (pid:58177)
[2022-07-05 06:59:51 +0530] [24301] [CRITICAL] WORKER TIMEOUT (pid:58182)
[2022-07-05 06:59:51 +0530] [58177] [INFO] Worker exiting (pid: 58177)
[2022-07-05 06:59:51 +0530] [58182] [INFO] Worker exiting (pid: 58182)
[2022-07-05 06:59:51 +0530] [24301] [WARNING] Worker with pid 58182 was terminated due to signal 9
[2022-07-05 06:59:51 +0530] [58440] [INFO] Booting worker with pid: 58440
[2022-07-05 06:59:51 +0530] [58441] [INFO] Booting worker with pid: 58441
[2022-07-05 08:07:03 +0530] [24301] [CRITICAL] WORKER TIMEOUT (pid:58440)
[2022-07-05 08:07:03 +0530] [24301] [CRITICAL] WORKER TIMEOUT (pid:58441)
[2022-07-05 08:07:03 +0530] [58440] [INFO] Worker exiting (pid: 58440)
[2022-07-05 08:07:04 +0530] [24301] [WARNING] Worker with pid 58441 was terminated due to signal 9
[2022-07-05 08:07:04 +0530] [94979] [INFO] Booting worker with pid: 94979
[2022-07-05 08:07:04 +0530] [94980] [INFO] Booting worker with pid: 94980
[2022-07-05 12:57:01 +0530] [24301] [CRITICAL] WORKER TIMEOUT (pid:94979)
[2022-07-05 12:57:02 +0530] [24301] [CRITICAL] WORKER TIMEOUT (pid:94980)
[2022-07-05 12:57:02 +0530] [94979] [INFO] Worker exiting (pid: 94979)
[2022-07-05 12:57:02 +0530] [94980] [INFO] Worker exiting (pid: 94980)
[2022-07-05 12:57:02 +0530] [24949] [INFO] Booting worker with pid: 24949
[2022-07-05 12:57:02 +0530] [24952] [INFO] Booting worker with pid: 24952
[2022-07-05 15:23:34 +0530] [24301] [CRITICAL] WORKER TIMEOUT (pid:24949)
[2022-07-05 15:23:34 +0530] [24301] [CRITICAL] WORKER TIMEOUT (pid:24952)
[2022-07-05 15:23:34 +0530] [24952] [INFO] Worker exiting (pid: 24952)
[2022-07-05 15:23:34 +0530] [24949] [INFO] Worker exiting (pid: 24949)
[2022-07-05 15:23:35 +0530] [82340] [INFO] Booting worker with pid: 82340
[2022-07-05 15:23:35 +0530] [82341] [INFO] Booting worker with pid: 82341
[2022-07-05 19:14:36 +0530] [24301] [CRITICAL] WORKER TIMEOUT (pid:82340)
[2022-07-05 19:14:36 +0530] [24301] [CRITICAL] WORKER TIMEOUT (pid:82341)
[2022-07-05 19:14:36 +0530] [82340] [INFO] Worker exiting (pid: 82340)
[2022-07-05 19:14:36 +0530] [82341] [INFO] Worker exiting (pid: 82341)
[2022-07-05 19:14:37 +0530] [79427] [INFO] Booting worker with pid: 79427
[2022-07-05 19:14:37 +0530] [79428] [INFO] Booting worker with pid: 79428
[2022-07-05 19:49:29 +0530] [24301] [CRITICAL] WORKER TIMEOUT (pid:79427)
[2022-07-05 19:49:29 +0530] [24301] [CRITICAL] WORKER TIMEOUT (pid:79428)
[2022-07-05 19:49:29 +0530] [79427] [INFO] Worker exiting (pid: 79427)
[2022-07-05 19:49:29 +0530] [79428] [INFO] Worker exiting (pid: 79428)
[2022-07-05 19:49:29 +0530] [79715] [INFO] Booting worker with pid: 79715
[2022-07-05 19:49:29 +0530] [79716] [INFO] Booting worker with pid: 79716
[2022-07-05 20:15:13 +0530] [24301] [CRITICAL] WORKER TIMEOUT (pid:79715)
[2022-07-05 20:15:13 +0530] [24301] [CRITICAL] WORKER TIMEOUT (pid:79716)
[2022-07-05 20:15:13 +0530] [79715] [INFO] Worker exiting (pid: 79715)
[2022-07-05 20:15:13 +0530] [79716] [INFO] Worker exiting (pid: 79716)
[2022-07-05 20:15:13 +0530] [93778] [INFO] Booting worker with pid: 93778
[2022-07-05 20:15:13 +0530] [93779] [INFO] Booting worker with pid: 93779
[2022-07-05 20:25:05 +0530] [24301] [CRITICAL] WORKER TIMEOUT (pid:93778)
[2022-07-05 20:25:05 +0530] [24301] [CRITICAL] WORKER TIMEOUT (pid:93779)
[2022-07-05 20:25:05 +0530] [93778] [INFO] Worker exiting (pid: 93778)
[2022-07-05 20:25:05 +0530] [93779] [INFO] Worker exiting (pid: 93779)
[2022-07-05 20:25:05 +0530] [93966] [INFO] Booting worker with pid: 93966
[2022-07-05 20:25:05 +0530] [93967] [INFO] Booting worker with pid: 93967
[2022-07-05 21:13:34 +0530] [24301] [CRITICAL] WORKER TIMEOUT (pid:93966)
[2022-07-05 21:13:34 +0530] [24301] [CRITICAL] WORKER TIMEOUT (pid:93967)
[2022-07-05 21:13:34 +0530] [93966] [INFO] Worker exiting (pid: 93966)
[2022-07-05 21:13:34 +0530] [93967] [INFO] Worker exiting (pid: 93967)
[2022-07-05 21:13:34 +0530] [31964] [INFO] Booting worker with pid: 31964
[2022-07-05 21:13:34 +0530] [31965] [INFO] Booting worker with pid: 31965
[2022-07-05 23:48:42 +0530] [24301] [CRITICAL] WORKER TIMEOUT (pid:31964)
[2022-07-05 23:48:42 +0530] [24301] [CRITICAL] WORKER TIMEOUT (pid:31965)
[2022-07-05 23:48:42 +0530] [31964] [INFO] Worker exiting (pid: 31964)
[2022-07-05 23:48:42 +0530] [31965] [INFO] Worker exiting (pid: 31965)
[2022-07-05 23:48:42 +0530] [63071] [INFO] Booting worker with pid: 63071
[2022-07-05 23:48:42 +0530] [63075] [INFO] Booting worker with pid: 63075
[2022-07-06 03:31:40 +0530] [24301] [CRITICAL] WORKER TIMEOUT (pid:63071)
[2022-07-06 03:31:40 +0530] [24301] [CRITICAL] WORKER TIMEOUT (pid:63075)
[2022-07-06 03:31:40 +0530] [63071] [INFO] Worker exiting (pid: 63071)
[2022-07-06 03:31:40 +0530] [63075] [INFO] Worker exiting (pid: 63075)
[2022-07-06 03:31:41 +0530] [63810] [INFO] Booting worker with pid: 63810
[2022-07-06 03:31:41 +0530] [63811] [INFO] Booting worker with pid: 63811
[2022-07-06 06:12:12 +0530] [24301] [CRITICAL] WORKER TIMEOUT (pid:63810)
[2022-07-06 06:12:12 +0530] [24301] [CRITICAL] WORKER TIMEOUT (pid:63811)
[2022-07-06 06:12:12 +0530] [63811] [INFO] Worker exiting (pid: 63811)
[2022-07-06 06:12:12 +0530] [63810] [INFO] Worker exiting (pid: 63810)
[2022-07-06 06:12:13 +0530] [99554] [INFO] Booting worker with pid: 99554
[2022-07-06 06:12:13 +0530] [99555] [INFO] Booting worker with pid: 99555
[2022-07-06 07:12:14 +0530] [24301] [CRITICAL] WORKER TIMEOUT (pid:99554)
[2022-07-06 07:12:14 +0530] [24301] [CRITICAL] WORKER TIMEOUT (pid:99555)
[2022-07-06 07:12:14 +0530] [99555] [INFO] Worker exiting (pid: 99555)
[2022-07-06 07:12:14 +0530] [99554] [INFO] Worker exiting (pid: 99554)
[2022-07-06 07:12:14 +0530] [99824] [INFO] Booting worker with pid: 99824
[2022-07-06 07:12:14 +0530] [99826] [INFO] Booting worker with pid: 99826
[2022-07-06 12:56:51 +0530] [24301] [CRITICAL] WORKER TIMEOUT (pid:99824)
[2022-07-06 12:56:51 +0530] [24301] [CRITICAL] WORKER TIMEOUT (pid:99826)
[2022-07-06 12:56:51 +0530] [99824] [INFO] Worker exiting (pid: 99824)
[2022-07-06 12:56:51 +0530] [99826] [INFO] Worker exiting (pid: 99826)
[2022-07-06 12:56:52 +0530] [39363] [INFO] Booting worker with pid: 39363
[2022-07-06 12:56:52 +0530] [39365] [INFO] Booting worker with pid: 39365
[2022-07-06 13:27:30 +0530] [24301] [CRITICAL] WORKER TIMEOUT (pid:39363)
[2022-07-06 13:27:30 +0530] [24301] [CRITICAL] WORKER TIMEOUT (pid:39365)
[2022-07-06 13:27:30 +0530] [39363] [INFO] Worker exiting (pid: 39363)
[2022-07-06 13:27:30 +0530] [39365] [INFO] Worker exiting (pid: 39365)
[2022-07-06 13:27:30 +0530] [65993] [INFO] Booting worker with pid: 65993
[2022-07-06 13:27:30 +0530] [66002] [INFO] Booting worker with pid: 66002
[2022-07-06 13:28:46 +0530] [24301] [CRITICAL] WORKER TIMEOUT (pid:65993)
[2022-07-06 13:28:46 +0530] [24301] [CRITICAL] WORKER TIMEOUT (pid:66002)
[2022-07-06 13:28:46 +0530] [65993] [INFO] Worker exiting (pid: 65993)
[2022-07-06 13:28:46 +0530] [66002] [INFO] Worker exiting (pid: 66002)
[2022-07-06 13:28:46 +0530] [66905] [INFO] Booting worker with pid: 66905
[2022-07-06 13:28:46 +0530] [66906] [INFO] Booting worker with pid: 66906
[2022-07-06 13:56:35 +0530] [24301] [CRITICAL] WORKER TIMEOUT (pid:66905)
[2022-07-06 13:56:35 +0530] [24301] [CRITICAL] WORKER TIMEOUT (pid:66906)
[2022-07-06 13:56:35 +0530] [66905] [INFO] Worker exiting (pid: 66905)
[2022-07-06 13:56:35 +0530] [66906] [INFO] Worker exiting (pid: 66906)
[2022-07-06 13:56:35 +0530] [67579] [INFO] Booting worker with pid: 67579
[2022-07-06 13:56:35 +0530] [67585] [INFO] Booting worker with pid: 67585
[2022-07-06 14:14:06 +0530] [24301] [CRITICAL] WORKER TIMEOUT (pid:67579)
[2022-07-06 14:14:06 +0530] [24301] [CRITICAL] WORKER TIMEOUT (pid:67585)
[2022-07-06 14:14:06 +0530] [67579] [INFO] Worker exiting (pid: 67579)
[2022-07-06 14:14:06 +0530] [67585] [INFO] Worker exiting (pid: 67585)
[2022-07-06 14:14:06 +0530] [68403] [INFO] Booting worker with pid: 68403
[2022-07-06 14:14:06 +0530] [68408] [INFO] Booting worker with pid: 68408
[2022-07-06 14:30:29 +0530] [24301] [CRITICAL] WORKER TIMEOUT (pid:68403)
[2022-07-06 14:30:29 +0530] [24301] [CRITICAL] WORKER TIMEOUT (pid:68408)
[2022-07-06 14:30:29 +0530] [68403] [INFO] Worker exiting (pid: 68403)
[2022-07-06 14:30:29 +0530] [68408] [INFO] Worker exiting (pid: 68408)
[2022-07-06 14:30:29 +0530] [69178] [INFO] Booting worker with pid: 69178
[2022-07-06 14:30:30 +0530] [69179] [INFO] Booting worker with pid: 69179
[2022-07-06 14:58:38 +0530] [24301] [CRITICAL] WORKER TIMEOUT (pid:69178)
[2022-07-06 14:58:38 +0530] [24301] [CRITICAL] WORKER TIMEOUT (pid:69179)
[2022-07-06 14:58:38 +0530] [69178] [INFO] Worker exiting (pid: 69178)
[2022-07-06 14:58:38 +0530] [69179] [INFO] Worker exiting (pid: 69179)
[2022-07-06 14:58:38 +0530] [69963] [INFO] Booting worker with pid: 69963
[2022-07-06 14:58:38 +0530] [69964] [INFO] Booting worker with pid: 69964
[2022-07-06 15:16:21 +0530] [24301] [CRITICAL] WORKER TIMEOUT (pid:69963)
[2022-07-06 15:16:21 +0530] [24301] [CRITICAL] WORKER TIMEOUT (pid:69964)
[2022-07-06 15:16:21 +0530] [69963] [INFO] Worker exiting (pid: 69963)
[2022-07-06 15:16:21 +0530] [69964] [INFO] Worker exiting (pid: 69964)
[2022-07-06 15:16:21 +0530] [70767] [INFO] Booting worker with pid: 70767
[2022-07-06 15:16:21 +0530] [70768] [INFO] Booting worker with pid: 70768
[2022-07-06 15:34:05 +0530] [24301] [CRITICAL] WORKER TIMEOUT (pid:70767)
[2022-07-06 15:34:05 +0530] [24301] [CRITICAL] WORKER TIMEOUT (pid:70768)
[2022-07-06 15:34:05 +0530] [70768] [INFO] Worker exiting (pid: 70768)
[2022-07-06 15:34:05 +0530] [70767] [INFO] Worker exiting (pid: 70767)
[2022-07-06 15:34:05 +0530] [71542] [INFO] Booting worker with pid: 71542
[2022-07-06 15:34:05 +0530] [71549] [INFO] Booting worker with pid: 71549
[2022-07-06 15:52:00 +0530] [24301] [CRITICAL] WORKER TIMEOUT (pid:71542)
[2022-07-06 15:52:00 +0530] [24301] [CRITICAL] WORKER TIMEOUT (pid:71549)
[2022-07-06 15:52:00 +0530] [71542] [INFO] Worker exiting (pid: 71542)
[2022-07-06 15:52:00 +0530] [71549] [INFO] Worker exiting (pid: 71549)
[2022-07-06 15:52:00 +0530] [72342] [INFO] Booting worker with pid: 72342
[2022-07-06 15:52:00 +0530] [72344] [INFO] Booting worker with pid: 72344
[2022-07-06 15:59:04 +0530] [24301] [CRITICAL] WORKER TIMEOUT (pid:72342)
[2022-07-06 15:59:04 +0530] [24301] [CRITICAL] WORKER TIMEOUT (pid:72344)
[2022-07-06 15:59:04 +0530] [72342] [INFO] Worker exiting (pid: 72342)
[2022-07-06 15:59:04 +0530] [72344] [INFO] Worker exiting (pid: 72344)
[2022-07-06 15:59:04 +0530] [73482] [INFO] Booting worker with pid: 73482
[2022-07-06 15:59:04 +0530] [73483] [INFO] Booting worker with pid: 73483
[2022-07-06 17:16:37 +0530] [24301] [CRITICAL] WORKER TIMEOUT (pid:73482)
[2022-07-06 17:16:37 +0530] [73482] [INFO] Worker exiting (pid: 73482)
[2022-07-06 17:16:37 +0530] [73954] [INFO] Booting worker with pid: 73954
[2022-07-06 20:30:12 +0530] [24301] [CRITICAL] WORKER TIMEOUT (pid:73483)
[2022-07-06 20:30:12 +0530] [24301] [CRITICAL] WORKER TIMEOUT (pid:73954)
[2022-07-06 20:30:12 +0530] [73954] [INFO] Worker exiting (pid: 73954)
[2022-07-06 20:30:12 +0530] [73483] [INFO] Worker exiting (pid: 73483)
[2022-07-06 20:30:13 +0530] [96243] [INFO] Booting worker with pid: 96243
[2022-07-06 20:30:13 +0530] [96244] [INFO] Booting worker with pid: 96244
[2022-07-06 22:32:06 +0530] [24301] [CRITICAL] WORKER TIMEOUT (pid:96243)
[2022-07-06 22:32:07 +0530] [24301] [CRITICAL] WORKER TIMEOUT (pid:96244)
[2022-07-06 22:32:07 +0530] [96243] [INFO] Worker exiting (pid: 96243)
[2022-07-06 22:32:07 +0530] [96244] [INFO] Worker exiting (pid: 96244)
[2022-07-06 22:32:07 +0530] [93332] [INFO] Booting worker with pid: 93332
[2022-07-06 22:32:07 +0530] [93333] [INFO] Booting worker with pid: 93333
[2022-07-06 23:01:21 +0530] [24301] [CRITICAL] WORKER TIMEOUT (pid:93332)
[2022-07-06 23:01:21 +0530] [24301] [CRITICAL] WORKER TIMEOUT (pid:93333)
[2022-07-06 23:01:21 +0530] [93333] [INFO] Worker exiting (pid: 93333)
[2022-07-06 23:01:21 +0530] [93332] [INFO] Worker exiting (pid: 93332)
[2022-07-06 23:01:22 +0530] [94163] [INFO] Booting worker with pid: 94163
[2022-07-06 23:01:22 +0530] [94164] [INFO] Booting worker with pid: 94164
[2022-07-06 23:19:16 +0530] [24301] [CRITICAL] WORKER TIMEOUT (pid:94163)
[2022-07-06 23:19:16 +0530] [24301] [CRITICAL] WORKER TIMEOUT (pid:94164)
[2022-07-06 23:19:16 +0530] [94164] [INFO] Worker exiting (pid: 94164)
[2022-07-06 23:19:16 +0530] [94163] [INFO] Worker exiting (pid: 94163)
[2022-07-06 23:19:16 +0530] [95093] [INFO] Booting worker with pid: 95093
[2022-07-06 23:19:16 +0530] [95092] [INFO] Booting worker with pid: 95092
[2022-07-06 23:38:12 +0530] [24301] [CRITICAL] WORKER TIMEOUT (pid:95092)
[2022-07-06 23:38:12 +0530] [24301] [CRITICAL] WORKER TIMEOUT (pid:95093)
[2022-07-06 23:38:12 +0530] [95092] [INFO] Worker exiting (pid: 95092)
[2022-07-06 23:38:12 +0530] [95093] [INFO] Worker exiting (pid: 95093)
[2022-07-06 23:38:12 +0530] [95960] [INFO] Booting worker with pid: 95960
[2022-07-06 23:38:12 +0530] [95961] [INFO] Booting worker with pid: 95961
[2022-07-07 00:32:33 +0530] [24301] [CRITICAL] WORKER TIMEOUT (pid:95960)
[2022-07-07 00:32:33 +0530] [24301] [CRITICAL] WORKER TIMEOUT (pid:95961)
[2022-07-07 00:32:33 +0530] [95961] [INFO] Worker exiting (pid: 95961)
[2022-07-07 00:32:33 +0530] [95960] [INFO] Worker exiting (pid: 95960)
[2022-07-07 00:32:33 +0530] [24301] [WARNING] Worker with pid 95960 was terminated due to signal 9
[2022-07-07 00:32:33 +0530] [96950] [INFO] Booting worker with pid: 96950
[2022-07-07 00:32:33 +0530] [96954] [INFO] Booting worker with pid: 96954
[2022-07-07 01:33:21 +0530] [24301] [CRITICAL] WORKER TIMEOUT (pid:96950)
[2022-07-07 01:33:21 +0530] [24301] [CRITICAL] WORKER TIMEOUT (pid:96954)
[2022-07-07 01:33:21 +0530] [96950] [INFO] Worker exiting (pid: 96950)
[2022-07-07 01:33:21 +0530] [96954] [INFO] Worker exiting (pid: 96954)
[2022-07-07 01:33:21 +0530] [97832] [INFO] Booting worker with pid: 97832
[2022-07-07 01:33:21 +0530] [97834] [INFO] Booting worker with pid: 97834
[2022-07-07 01:49:32 +0530] [24301] [CRITICAL] WORKER TIMEOUT (pid:97832)
[2022-07-07 01:49:32 +0530] [97832] [INFO] Worker exiting (pid: 97832)
[2022-07-07 01:49:32 +0530] [99079] [INFO] Booting worker with pid: 99079
[2022-07-07 02:05:20 +0530] [24301] [CRITICAL] WORKER TIMEOUT (pid:97834)
[2022-07-07 02:05:20 +0530] [24301] [CRITICAL] WORKER TIMEOUT (pid:99079)
[2022-07-07 02:05:20 +0530] [97834] [INFO] Worker exiting (pid: 97834)
[2022-07-07 02:05:20 +0530] [99079] [INFO] Worker exiting (pid: 99079)
[2022-07-07 02:05:20 +0530] [99932] [INFO] Booting worker with pid: 99932
[2022-07-07 02:05:20 +0530] [99937] [INFO] Booting worker with pid: 99937
[2022-07-07 02:21:08 +0530] [24301] [CRITICAL] WORKER TIMEOUT (pid:99932)
[2022-07-07 02:21:08 +0530] [24301] [CRITICAL] WORKER TIMEOUT (pid:99937)
[2022-07-07 02:21:08 +0530] [99937] [INFO] Worker exiting (pid: 99937)
[2022-07-07 02:21:08 +0530] [99932] [INFO] Worker exiting (pid: 99932)
[2022-07-07 02:21:08 +0530] [1306] [INFO] Booting worker with pid: 1306
[2022-07-07 02:21:09 +0530] [1307] [INFO] Booting worker with pid: 1307
[2022-07-07 02:36:56 +0530] [24301] [CRITICAL] WORKER TIMEOUT (pid:1306)
[2022-07-07 02:36:56 +0530] [24301] [CRITICAL] WORKER TIMEOUT (pid:1307)
[2022-07-07 02:36:56 +0530] [1306] [INFO] Worker exiting (pid: 1306)
[2022-07-07 02:36:56 +0530] [1307] [INFO] Worker exiting (pid: 1307)
[2022-07-07 02:36:57 +0530] [2192] [INFO] Booting worker with pid: 2192
[2022-07-07 02:36:57 +0530] [2195] [INFO] Booting worker with pid: 2195
[2022-07-07 02:52:43 +0530] [24301] [CRITICAL] WORKER TIMEOUT (pid:2192)
[2022-07-07 02:52:43 +0530] [24301] [CRITICAL] WORKER TIMEOUT (pid:2195)
[2022-07-07 02:52:43 +0530] [2195] [INFO] Worker exiting (pid: 2195)
[2022-07-07 02:52:43 +0530] [2192] [INFO] Worker exiting (pid: 2192)
[2022-07-07 02:52:43 +0530] [3046] [INFO] Booting worker with pid: 3046
[2022-07-07 02:52:43 +0530] [3052] [INFO] Booting worker with pid: 3052
[2022-07-07 02:56:52 +0530] [24301] [CRITICAL] WORKER TIMEOUT (pid:3046)
[2022-07-07 02:56:52 +0530] [24301] [CRITICAL] WORKER TIMEOUT (pid:3052)
[2022-07-07 02:56:52 +0530] [3046] [INFO] Worker exiting (pid: 3046)
[2022-07-07 02:56:52 +0530] [3052] [INFO] Worker exiting (pid: 3052)
[2022-07-07 02:56:52 +0530] [3923] [INFO] Booting worker with pid: 3923
[2022-07-07 02:56:53 +0530] [3924] [INFO] Booting worker with pid: 3924
[2022-07-07 04:25:20 +0530] [24301] [CRITICAL] WORKER TIMEOUT (pid:3923)
[2022-07-07 04:25:20 +0530] [24301] [CRITICAL] WORKER TIMEOUT (pid:3924)
[2022-07-07 04:25:20 +0530] [3923] [INFO] Worker exiting (pid: 3923)
[2022-07-07 04:25:20 +0530] [3924] [INFO] Worker exiting (pid: 3924)
[2022-07-07 04:25:21 +0530] [89604] [INFO] Booting worker with pid: 89604
[2022-07-07 04:25:21 +0530] [89605] [INFO] Booting worker with pid: 89605
[2022-07-07 04:52:27 +0530] [24301] [CRITICAL] WORKER TIMEOUT (pid:89604)
[2022-07-07 04:52:27 +0530] [24301] [CRITICAL] WORKER TIMEOUT (pid:89605)
[2022-07-07 04:52:27 +0530] [89605] [INFO] Worker exiting (pid: 89605)
[2022-07-07 04:52:27 +0530] [89604] [INFO] Worker exiting (pid: 89604)
[2022-07-07 04:52:27 +0530] [90463] [INFO] Booting worker with pid: 90463
[2022-07-07 04:52:27 +0530] [90464] [INFO] Booting worker with pid: 90464
[2022-07-07 05:10:13 +0530] [24301] [CRITICAL] WORKER TIMEOUT (pid:90463)
[2022-07-07 05:10:13 +0530] [24301] [CRITICAL] WORKER TIMEOUT (pid:90464)
[2022-07-07 05:10:13 +0530] [90463] [INFO] Worker exiting (pid: 90463)
[2022-07-07 05:10:13 +0530] [90464] [INFO] Worker exiting (pid: 90464)
[2022-07-07 05:10:13 +0530] [91778] [INFO] Booting worker with pid: 91778
[2022-07-07 05:10:13 +0530] [91779] [INFO] Booting worker with pid: 91779
[2022-07-07 05:32:36 +0530] [24301] [CRITICAL] WORKER TIMEOUT (pid:91778)
[2022-07-07 05:32:36 +0530] [24301] [CRITICAL] WORKER TIMEOUT (pid:91779)
[2022-07-07 05:32:36 +0530] [91778] [INFO] Worker exiting (pid: 91778)
[2022-07-07 05:32:36 +0530] [91779] [INFO] Worker exiting (pid: 91779)
[2022-07-07 05:32:36 +0530] [92915] [INFO] Booting worker with pid: 92915
[2022-07-07 05:32:36 +0530] [92920] [INFO] Booting worker with pid: 92920
[2022-07-07 06:55:49 +0530] [24301] [CRITICAL] WORKER TIMEOUT (pid:92915)
[2022-07-07 06:55:49 +0530] [24301] [CRITICAL] WORKER TIMEOUT (pid:92920)
[2022-07-07 06:55:49 +0530] [92915] [INFO] Worker exiting (pid: 92915)
[2022-07-07 06:55:49 +0530] [92920] [INFO] Worker exiting (pid: 92920)
[2022-07-07 06:55:49 +0530] [96318] [INFO] Booting worker with pid: 96318
[2022-07-07 06:55:49 +0530] [96319] [INFO] Booting worker with pid: 96319
[2022-07-07 07:54:28 +0530] [24301] [CRITICAL] WORKER TIMEOUT (pid:96318)
[2022-07-07 07:54:28 +0530] [24301] [CRITICAL] WORKER TIMEOUT (pid:96319)
[2022-07-07 07:54:28 +0530] [96318] [INFO] Worker exiting (pid: 96318)
[2022-07-07 07:54:28 +0530] [96319] [INFO] Worker exiting (pid: 96319)
[2022-07-07 07:54:28 +0530] [54207] [INFO] Booting worker with pid: 54207
[2022-07-07 07:54:28 +0530] [54216] [INFO] Booting worker with pid: 54216
[2022-07-07 08:22:56 +0530] [24301] [CRITICAL] WORKER TIMEOUT (pid:54207)
[2022-07-07 08:22:56 +0530] [24301] [CRITICAL] WORKER TIMEOUT (pid:54216)
[2022-07-07 08:22:56 +0530] [54207] [INFO] Worker exiting (pid: 54207)
[2022-07-07 08:22:56 +0530] [54216] [INFO] Worker exiting (pid: 54216)
[2022-07-07 08:22:56 +0530] [55068] [INFO] Booting worker with pid: 55068
[2022-07-07 08:22:56 +0530] [55076] [INFO] Booting worker with pid: 55076
[2022-07-07 08:33:20 +0530] [24301] [CRITICAL] WORKER TIMEOUT (pid:55068)
[2022-07-07 08:33:20 +0530] [24301] [CRITICAL] WORKER TIMEOUT (pid:55076)
[2022-07-07 08:33:20 +0530] [55068] [INFO] Worker exiting (pid: 55068)
[2022-07-07 08:33:20 +0530] [55076] [INFO] Worker exiting (pid: 55076)
[2022-07-07 08:33:20 +0530] [64678] [INFO] Booting worker with pid: 64678
[2022-07-07 08:33:20 +0530] [64681] [INFO] Booting worker with pid: 64681
[2022-07-07 08:53:06 +0530] [24301] [CRITICAL] WORKER TIMEOUT (pid:64678)
[2022-07-07 08:53:07 +0530] [24301] [CRITICAL] WORKER TIMEOUT (pid:64681)
[2022-07-07 08:53:07 +0530] [64678] [INFO] Worker exiting (pid: 64678)
[2022-07-07 08:53:07 +0530] [64681] [INFO] Worker exiting (pid: 64681)
[2022-07-07 08:53:07 +0530] [65566] [INFO] Booting worker with pid: 65566
[2022-07-07 08:53:07 +0530] [65569] [INFO] Booting worker with pid: 65569
[2022-07-07 09:28:01 +0530] [24301] [CRITICAL] WORKER TIMEOUT (pid:65566)
[2022-07-07 09:28:01 +0530] [24301] [CRITICAL] WORKER TIMEOUT (pid:65569)
[2022-07-07 09:28:01 +0530] [65566] [INFO] Worker exiting (pid: 65566)
[2022-07-07 09:28:01 +0530] [65569] [INFO] Worker exiting (pid: 65569)
[2022-07-07 09:28:01 +0530] [66722] [INFO] Booting worker with pid: 66722
[2022-07-07 09:28:02 +0530] [66723] [INFO] Booting worker with pid: 66723
[2022-07-07 09:53:58 +0530] [24301] [CRITICAL] WORKER TIMEOUT (pid:66722)
[2022-07-07 09:53:58 +0530] [66722] [INFO] Worker exiting (pid: 66722)
[2022-07-07 09:53:59 +0530] [74689] [INFO] Booting worker with pid: 74689
[2022-07-07 12:57:26 +0530] [24301] [CRITICAL] WORKER TIMEOUT (pid:66723)
[2022-07-07 12:57:26 +0530] [24301] [CRITICAL] WORKER TIMEOUT (pid:74689)
[2022-07-07 12:57:26 +0530] [66723] [INFO] Worker exiting (pid: 66723)
[2022-07-07 12:57:26 +0530] [74689] [INFO] Worker exiting (pid: 74689)
[2022-07-07 12:57:26 +0530] [18176] [INFO] Booting worker with pid: 18176
[2022-07-07 12:57:26 +0530] [18177] [INFO] Booting worker with pid: 18177
[2022-07-07 14:12:01 +0530] [24301] [CRITICAL] WORKER TIMEOUT (pid:18176)
[2022-07-07 14:12:01 +0530] [24301] [CRITICAL] WORKER TIMEOUT (pid:18177)
[2022-07-07 14:12:01 +0530] [18177] [INFO] Worker exiting (pid: 18177)
[2022-07-07 14:12:01 +0530] [18176] [INFO] Worker exiting (pid: 18176)
[2022-07-07 14:12:01 +0530] [24301] [WARNING] Worker with pid 18177 was terminated due to signal 9
[2022-07-07 14:12:01 +0530] [18448] [INFO] Booting worker with pid: 18448
[2022-07-07 14:12:01 +0530] [18450] [INFO] Booting worker with pid: 18450
[2022-07-07 14:12:43 +0530] [24301] [CRITICAL] WORKER TIMEOUT (pid:18448)
[2022-07-07 14:12:43 +0530] [24301] [CRITICAL] WORKER TIMEOUT (pid:18450)
[2022-07-07 14:12:43 +0530] [18448] [INFO] Worker exiting (pid: 18448)
[2022-07-07 14:12:43 +0530] [18450] [INFO] Worker exiting (pid: 18450)
[2022-07-07 14:12:43 +0530] [18628] [INFO] Booting worker with pid: 18628
[2022-07-07 14:12:43 +0530] [18629] [INFO] Booting worker with pid: 18629
[2022-07-07 15:55:57 +0530] [24301] [CRITICAL] WORKER TIMEOUT (pid:18628)
[2022-07-07 15:55:57 +0530] [24301] [CRITICAL] WORKER TIMEOUT (pid:18629)
[2022-07-07 15:55:57 +0530] [18629] [INFO] Worker exiting (pid: 18629)
[2022-07-07 15:55:57 +0530] [18628] [INFO] Worker exiting (pid: 18628)
[2022-07-07 15:55:57 +0530] [23162] [INFO] Booting worker with pid: 23162
[2022-07-07 15:55:57 +0530] [23163] [INFO] Booting worker with pid: 23163
[2022-07-07 19:00:19 +0530] [24301] [CRITICAL] WORKER TIMEOUT (pid:23162)
[2022-07-07 19:00:19 +0530] [24301] [CRITICAL] WORKER TIMEOUT (pid:23163)
[2022-07-07 19:00:19 +0530] [23163] [INFO] Worker exiting (pid: 23163)
[2022-07-07 19:00:19 +0530] [23162] [INFO] Worker exiting (pid: 23162)
[2022-07-07 19:00:19 +0530] [84146] [INFO] Booting worker with pid: 84146
[2022-07-07 19:00:19 +0530] [84147] [INFO] Booting worker with pid: 84147
[2022-07-07 19:50:50 +0530] [24301] [CRITICAL] WORKER TIMEOUT (pid:84146)
[2022-07-07 19:50:50 +0530] [84146] [INFO] Worker exiting (pid: 84146)
[2022-07-07 19:50:50 +0530] [23352] [INFO] Booting worker with pid: 23352
[2022-07-07 20:03:48 +0530] [24301] [CRITICAL] WORKER TIMEOUT (pid:84147)
[2022-07-07 20:03:48 +0530] [24301] [CRITICAL] WORKER TIMEOUT (pid:23352)
[2022-07-07 20:03:48 +0530] [84147] [INFO] Worker exiting (pid: 84147)
[2022-07-07 20:03:48 +0530] [23352] [INFO] Worker exiting (pid: 23352)
[2022-07-07 20:03:48 +0530] [23559] [INFO] Booting worker with pid: 23559
[2022-07-07 20:03:48 +0530] [23560] [INFO] Booting worker with pid: 23560
[2022-07-07 22:16:09 +0530] [24301] [CRITICAL] WORKER TIMEOUT (pid:23559)
[2022-07-07 22:16:10 +0530] [24301] [CRITICAL] WORKER TIMEOUT (pid:23560)
[2022-07-07 22:16:10 +0530] [23559] [INFO] Worker exiting (pid: 23559)
[2022-07-07 22:16:10 +0530] [23560] [INFO] Worker exiting (pid: 23560)
[2022-07-07 22:16:10 +0530] [11460] [INFO] Booting worker with pid: 11460
[2022-07-07 22:16:10 +0530] [11463] [INFO] Booting worker with pid: 11463
[2022-07-07 22:33:55 +0530] [24301] [CRITICAL] WORKER TIMEOUT (pid:11460)
[2022-07-07 22:33:55 +0530] [24301] [CRITICAL] WORKER TIMEOUT (pid:11463)
[2022-07-07 22:33:55 +0530] [11463] [INFO] Worker exiting (pid: 11463)
[2022-07-07 22:33:55 +0530] [11460] [INFO] Worker exiting (pid: 11460)
[2022-07-07 22:33:56 +0530] [12267] [INFO] Booting worker with pid: 12267
[2022-07-07 22:33:56 +0530] [12276] [INFO] Booting worker with pid: 12276
[2022-07-07 22:49:43 +0530] [24301] [CRITICAL] WORKER TIMEOUT (pid:12267)
[2022-07-07 22:49:43 +0530] [24301] [CRITICAL] WORKER TIMEOUT (pid:12276)
[2022-07-07 22:49:43 +0530] [12276] [INFO] Worker exiting (pid: 12276)
[2022-07-07 22:49:43 +0530] [12267] [INFO] Worker exiting (pid: 12267)
[2022-07-07 22:49:44 +0530] [13009] [INFO] Booting worker with pid: 13009
[2022-07-07 22:49:44 +0530] [13010] [INFO] Booting worker with pid: 13010
[2022-07-07 23:15:42 +0530] [24301] [CRITICAL] WORKER TIMEOUT (pid:13009)
[2022-07-07 23:15:42 +0530] [24301] [CRITICAL] WORKER TIMEOUT (pid:13010)
[2022-07-07 23:15:42 +0530] [13009] [INFO] Worker exiting (pid: 13009)
[2022-07-07 23:15:42 +0530] [13010] [INFO] Worker exiting (pid: 13010)
[2022-07-07 23:15:43 +0530] [13735] [INFO] Booting worker with pid: 13735
[2022-07-07 23:15:43 +0530] [13736] [INFO] Booting worker with pid: 13736
[2022-07-08 00:16:30 +0530] [24301] [CRITICAL] WORKER TIMEOUT (pid:13735)
[2022-07-08 00:16:30 +0530] [24301] [CRITICAL] WORKER TIMEOUT (pid:13736)
[2022-07-08 00:16:30 +0530] [13735] [INFO] Worker exiting (pid: 13735)
[2022-07-08 00:16:30 +0530] [13736] [INFO] Worker exiting (pid: 13736)
[2022-07-08 00:16:30 +0530] [14471] [INFO] Booting worker with pid: 14471
[2022-07-08 00:16:31 +0530] [14472] [INFO] Booting worker with pid: 14472
[2022-07-08 01:17:18 +0530] [24301] [CRITICAL] WORKER TIMEOUT (pid:14471)
[2022-07-08 01:17:18 +0530] [24301] [CRITICAL] WORKER TIMEOUT (pid:14472)
[2022-07-08 01:17:18 +0530] [14472] [INFO] Worker exiting (pid: 14472)
[2022-07-08 01:17:18 +0530] [14471] [INFO] Worker exiting (pid: 14471)
[2022-07-08 01:17:19 +0530] [15264] [INFO] Booting worker with pid: 15264
[2022-07-08 01:17:19 +0530] [15266] [INFO] Booting worker with pid: 15266
[2022-07-08 02:18:06 +0530] [24301] [CRITICAL] WORKER TIMEOUT (pid:15264)
[2022-07-08 02:18:06 +0530] [24301] [CRITICAL] WORKER TIMEOUT (pid:15266)
[2022-07-08 02:18:06 +0530] [15264] [INFO] Worker exiting (pid: 15264)
[2022-07-08 02:18:06 +0530] [15266] [INFO] Worker exiting (pid: 15266)
[2022-07-08 02:18:06 +0530] [16025] [INFO] Booting worker with pid: 16025
[2022-07-08 02:18:06 +0530] [16026] [INFO] Booting worker with pid: 16026
[2022-07-08 02:33:54 +0530] [24301] [CRITICAL] WORKER TIMEOUT (pid:16025)
[2022-07-08 02:33:54 +0530] [24301] [CRITICAL] WORKER TIMEOUT (pid:16026)
[2022-07-08 02:33:54 +0530] [16025] [INFO] Worker exiting (pid: 16025)
[2022-07-08 02:33:54 +0530] [16026] [INFO] Worker exiting (pid: 16026)
[2022-07-08 02:33:54 +0530] [16801] [INFO] Booting worker with pid: 16801
[2022-07-08 02:33:54 +0530] [16803] [INFO] Booting worker with pid: 16803
[2022-07-08 02:49:42 +0530] [24301] [CRITICAL] WORKER TIMEOUT (pid:16801)
[2022-07-08 02:49:42 +0530] [24301] [CRITICAL] WORKER TIMEOUT (pid:16803)
[2022-07-08 02:49:42 +0530] [16801] [INFO] Worker exiting (pid: 16801)
[2022-07-08 02:49:42 +0530] [16803] [INFO] Worker exiting (pid: 16803)
[2022-07-08 02:49:42 +0530] [17557] [INFO] Booting worker with pid: 17557
[2022-07-08 02:49:42 +0530] [17558] [INFO] Booting worker with pid: 17558
[2022-07-08 03:05:30 +0530] [24301] [CRITICAL] WORKER TIMEOUT (pid:17557)
[2022-07-08 03:05:30 +0530] [24301] [CRITICAL] WORKER TIMEOUT (pid:17558)
[2022-07-08 03:05:30 +0530] [17557] [INFO] Worker exiting (pid: 17557)
[2022-07-08 03:05:30 +0530] [17558] [INFO] Worker exiting (pid: 17558)
[2022-07-08 03:05:30 +0530] [18281] [INFO] Booting worker with pid: 18281
[2022-07-08 03:05:30 +0530] [18285] [INFO] Booting worker with pid: 18285
[2022-07-08 03:21:44 +0530] [24301] [CRITICAL] WORKER TIMEOUT (pid:18281)
[2022-07-08 03:21:44 +0530] [18281] [INFO] Worker exiting (pid: 18281)
[2022-07-08 03:21:44 +0530] [19390] [INFO] Booting worker with pid: 19390
[2022-07-08 03:37:32 +0530] [24301] [CRITICAL] WORKER TIMEOUT (pid:18285)
[2022-07-08 03:37:32 +0530] [24301] [CRITICAL] WORKER TIMEOUT (pid:19390)
[2022-07-08 03:37:32 +0530] [19390] [INFO] Worker exiting (pid: 19390)
[2022-07-08 03:37:32 +0530] [18285] [INFO] Worker exiting (pid: 18285)
[2022-07-08 03:37:32 +0530] [20183] [INFO] Booting worker with pid: 20183
[2022-07-08 03:37:33 +0530] [20184] [INFO] Booting worker with pid: 20184
[2022-07-08 03:53:20 +0530] [24301] [CRITICAL] WORKER TIMEOUT (pid:20183)
[2022-07-08 03:53:20 +0530] [24301] [CRITICAL] WORKER TIMEOUT (pid:20184)
[2022-07-08 03:53:20 +0530] [20183] [INFO] Worker exiting (pid: 20183)
[2022-07-08 03:53:20 +0530] [20184] [INFO] Worker exiting (pid: 20184)
[2022-07-08 03:53:20 +0530] [20947] [INFO] Booting worker with pid: 20947
[2022-07-08 03:53:21 +0530] [20952] [INFO] Booting worker with pid: 20952
[2022-07-08 04:52:08 +0530] [24301] [CRITICAL] WORKER TIMEOUT (pid:20947)
[2022-07-08 04:52:08 +0530] [24301] [CRITICAL] WORKER TIMEOUT (pid:20952)
[2022-07-08 04:52:08 +0530] [20947] [INFO] Worker exiting (pid: 20947)
[2022-07-08 04:52:08 +0530] [20952] [INFO] Worker exiting (pid: 20952)
[2022-07-08 04:52:09 +0530] [21678] [INFO] Booting worker with pid: 21678
[2022-07-08 04:52:09 +0530] [21679] [INFO] Booting worker with pid: 21679
[2022-07-08 05:32:06 +0530] [24301] [CRITICAL] WORKER TIMEOUT (pid:21678)
[2022-07-08 05:32:06 +0530] [24301] [CRITICAL] WORKER TIMEOUT (pid:21679)
[2022-07-08 05:32:06 +0530] [21678] [INFO] Worker exiting (pid: 21678)
[2022-07-08 05:32:06 +0530] [21679] [INFO] Worker exiting (pid: 21679)
[2022-07-08 05:32:07 +0530] [22458] [INFO] Booting worker with pid: 22458
[2022-07-08 05:32:07 +0530] [22460] [INFO] Booting worker with pid: 22460
[2022-07-08 05:53:58 +0530] [24301] [CRITICAL] WORKER TIMEOUT (pid:22458)
[2022-07-08 05:53:58 +0530] [24301] [CRITICAL] WORKER TIMEOUT (pid:22460)
[2022-07-08 05:53:58 +0530] [22458] [INFO] Worker exiting (pid: 22458)
[2022-07-08 05:53:58 +0530] [22460] [INFO] Worker exiting (pid: 22460)
[2022-07-08 05:53:59 +0530] [26000] [INFO] Booting worker with pid: 26000
[2022-07-08 05:53:59 +0530] [26001] [INFO] Booting worker with pid: 26001
[2022-07-08 06:46:03 +0530] [24301] [CRITICAL] WORKER TIMEOUT (pid:26000)
[2022-07-08 06:46:03 +0530] [24301] [CRITICAL] WORKER TIMEOUT (pid:26001)
[2022-07-08 06:46:03 +0530] [26000] [INFO] Worker exiting (pid: 26000)
[2022-07-08 06:46:03 +0530] [26001] [INFO] Worker exiting (pid: 26001)
[2022-07-08 06:46:04 +0530] [24301] [WARNING] Worker with pid 26001 was terminated due to signal 9
[2022-07-08 06:46:04 +0530] [68962] [INFO] Booting worker with pid: 68962
[2022-07-08 06:46:04 +0530] [68964] [INFO] Booting worker with pid: 68964
[2022-07-08 07:13:49 +0530] [24301] [CRITICAL] WORKER TIMEOUT (pid:68962)
[2022-07-08 07:13:49 +0530] [68962] [INFO] Worker exiting (pid: 68962)
[2022-07-08 07:13:49 +0530] [92720] [INFO] Booting worker with pid: 92720
[2022-07-08 07:15:20 +0530] [24301] [CRITICAL] WORKER TIMEOUT (pid:68964)
[2022-07-08 07:15:20 +0530] [24301] [CRITICAL] WORKER TIMEOUT (pid:92720)
[2022-07-08 07:15:20 +0530] [68964] [INFO] Worker exiting (pid: 68964)
[2022-07-08 07:15:20 +0530] [92720] [INFO] Worker exiting (pid: 92720)
[2022-07-08 07:15:20 +0530] [93499] [INFO] Booting worker with pid: 93499
[2022-07-08 07:15:20 +0530] [93500] [INFO] Booting worker with pid: 93500
[2022-07-08 07:18:33 +0530] [24301] [CRITICAL] WORKER TIMEOUT (pid:93499)
[2022-07-08 07:18:33 +0530] [24301] [CRITICAL] WORKER TIMEOUT (pid:93500)
[2022-07-08 07:18:33 +0530] [93499] [INFO] Worker exiting (pid: 93499)
[2022-07-08 07:18:33 +0530] [93500] [INFO] Worker exiting (pid: 93500)
[2022-07-08 07:18:33 +0530] [94257] [INFO] Booting worker with pid: 94257
[2022-07-08 07:18:33 +0530] [94266] [INFO] Booting worker with pid: 94266
[2022-07-08 08:17:51 +0530] [24301] [CRITICAL] WORKER TIMEOUT (pid:94257)
[2022-07-08 08:17:51 +0530] [94257] [INFO] Worker exiting (pid: 94257)
[2022-07-08 08:17:51 +0530] [45830] [INFO] Booting worker with pid: 45830
[2022-07-08 09:48:55 +0530] [24301] [CRITICAL] WORKER TIMEOUT (pid:94266)
[2022-07-08 09:48:55 +0530] [24301] [CRITICAL] WORKER TIMEOUT (pid:45830)
[2022-07-08 09:48:55 +0530] [94266] [INFO] Worker exiting (pid: 94266)
[2022-07-08 09:48:55 +0530] [45830] [INFO] Worker exiting (pid: 45830)
[2022-07-08 09:48:55 +0530] [13498] [INFO] Booting worker with pid: 13498
[2022-07-08 09:48:56 +0530] [13499] [INFO] Booting worker with pid: 13499
[2022-07-08 14:28:44 +0530] [24301] [CRITICAL] WORKER TIMEOUT (pid:13498)
[2022-07-08 14:28:44 +0530] [13498] [INFO] Worker exiting (pid: 13498)
[2022-07-08 14:28:45 +0530] [76477] [INFO] Booting worker with pid: 76477
[2022-07-08 14:58:09 +0530] [24301] [CRITICAL] WORKER TIMEOUT (pid:13499)
[2022-07-08 14:58:09 +0530] [24301] [CRITICAL] WORKER TIMEOUT (pid:76477)
[2022-07-08 14:58:09 +0530] [13499] [INFO] Worker exiting (pid: 13499)
[2022-07-08 14:58:09 +0530] [76477] [INFO] Worker exiting (pid: 76477)
[2022-07-08 14:58:09 +0530] [77288] [INFO] Booting worker with pid: 77288
[2022-07-08 14:58:09 +0530] [77289] [INFO] Booting worker with pid: 77289
[2022-07-08 15:01:59 +0530] [24301] [CRITICAL] WORKER TIMEOUT (pid:77288)
[2022-07-08 15:01:59 +0530] [24301] [CRITICAL] WORKER TIMEOUT (pid:77289)
[2022-07-08 15:01:59 +0530] [77288] [INFO] Worker exiting (pid: 77288)
[2022-07-08 15:01:59 +0530] [77289] [INFO] Worker exiting (pid: 77289)
[2022-07-08 15:01:59 +0530] [78142] [INFO] Booting worker with pid: 78142
[2022-07-08 15:01:59 +0530] [78144] [INFO] Booting worker with pid: 78144
[2022-07-08 19:25:40 +0530] [24301] [CRITICAL] WORKER TIMEOUT (pid:78142)
[2022-07-08 19:25:40 +0530] [24301] [CRITICAL] WORKER TIMEOUT (pid:78144)
[2022-07-08 19:25:40 +0530] [78142] [INFO] Worker exiting (pid: 78142)
[2022-07-08 19:25:40 +0530] [78144] [INFO] Worker exiting (pid: 78144)
[2022-07-08 19:25:40 +0530] [44276] [INFO] Booting worker with pid: 44276
[2022-07-08 19:25:40 +0530] [44277] [INFO] Booting worker with pid: 44277
[2022-07-08 22:30:34 +0530] [24301] [CRITICAL] WORKER TIMEOUT (pid:44276)
[2022-07-08 22:30:34 +0530] [24301] [CRITICAL] WORKER TIMEOUT (pid:44277)
[2022-07-08 22:30:34 +0530] [44276] [INFO] Worker exiting (pid: 44276)
[2022-07-08 22:30:34 +0530] [44277] [INFO] Worker exiting (pid: 44277)
[2022-07-08 22:30:34 +0530] [8628] [INFO] Booting worker with pid: 8628
[2022-07-08 22:30:35 +0530] [8632] [INFO] Booting worker with pid: 8632
[2022-07-08 22:46:54 +0530] [24301] [CRITICAL] WORKER TIMEOUT (pid:8628)
[2022-07-08 22:46:54 +0530] [24301] [CRITICAL] WORKER TIMEOUT (pid:8632)
[2022-07-08 22:46:54 +0530] [8628] [INFO] Worker exiting (pid: 8628)
[2022-07-08 22:46:54 +0530] [8632] [INFO] Worker exiting (pid: 8632)
[2022-07-08 22:46:54 +0530] [10077] [INFO] Booting worker with pid: 10077
[2022-07-08 22:46:54 +0530] [10078] [INFO] Booting worker with pid: 10078
[2022-07-08 23:04:41 +0530] [24301] [CRITICAL] WORKER TIMEOUT (pid:10077)
[2022-07-08 23:04:41 +0530] [10077] [INFO] Worker exiting (pid: 10077)
[2022-07-08 23:04:41 +0530] [24301] [CRITICAL] WORKER TIMEOUT (pid:10078)
[2022-07-08 23:04:41 +0530] [10078] [INFO] Worker exiting (pid: 10078)
[2022-07-08 23:04:41 +0530] [10970] [INFO] Booting worker with pid: 10970
[2022-07-08 23:04:41 +0530] [10971] [INFO] Booting worker with pid: 10971
[2022-07-08 23:22:32 +0530] [24301] [CRITICAL] WORKER TIMEOUT (pid:10970)
[2022-07-08 23:22:32 +0530] [24301] [CRITICAL] WORKER TIMEOUT (pid:10971)
[2022-07-08 23:22:32 +0530] [10971] [INFO] Worker exiting (pid: 10971)
[2022-07-08 23:22:32 +0530] [10970] [INFO] Worker exiting (pid: 10970)
[2022-07-08 23:22:32 +0530] [12775] [INFO] Booting worker with pid: 12775
[2022-07-08 23:22:32 +0530] [12776] [INFO] Booting worker with pid: 12776
[2022-07-09 00:23:21 +0530] [24301] [CRITICAL] WORKER TIMEOUT (pid:12775)
[2022-07-09 00:23:21 +0530] [24301] [CRITICAL] WORKER TIMEOUT (pid:12776)
[2022-07-09 00:23:21 +0530] [12776] [INFO] Worker exiting (pid: 12776)
[2022-07-09 00:23:21 +0530] [12775] [INFO] Worker exiting (pid: 12775)
[2022-07-09 00:23:21 +0530] [13675] [INFO] Booting worker with pid: 13675
[2022-07-09 00:23:22 +0530] [13682] [INFO] Booting worker with pid: 13682
[2022-07-09 01:24:11 +0530] [24301] [CRITICAL] WORKER TIMEOUT (pid:13675)
[2022-07-09 01:24:11 +0530] [24301] [CRITICAL] WORKER TIMEOUT (pid:13682)
[2022-07-09 01:24:11 +0530] [13675] [INFO] Worker exiting (pid: 13675)
[2022-07-09 01:24:11 +0530] [13682] [INFO] Worker exiting (pid: 13682)
[2022-07-09 01:24:11 +0530] [14585] [INFO] Booting worker with pid: 14585
[2022-07-09 01:24:11 +0530] [14587] [INFO] Booting worker with pid: 14587
[2022-07-09 02:25:01 +0530] [24301] [CRITICAL] WORKER TIMEOUT (pid:14585)
[2022-07-09 02:25:01 +0530] [24301] [CRITICAL] WORKER TIMEOUT (pid:14587)
[2022-07-09 02:25:01 +0530] [14585] [INFO] Worker exiting (pid: 14585)
[2022-07-09 02:25:01 +0530] [14587] [INFO] Worker exiting (pid: 14587)
[2022-07-09 02:25:01 +0530] [15541] [INFO] Booting worker with pid: 15541
[2022-07-09 02:25:01 +0530] [15542] [INFO] Booting worker with pid: 15542
[2022-07-09 03:25:51 +0530] [24301] [CRITICAL] WORKER TIMEOUT (pid:15541)
[2022-07-09 03:25:51 +0530] [24301] [CRITICAL] WORKER TIMEOUT (pid:15542)
[2022-07-09 03:25:51 +0530] [15541] [INFO] Worker exiting (pid: 15541)
[2022-07-09 03:25:51 +0530] [15542] [INFO] Worker exiting (pid: 15542)
[2022-07-09 03:25:51 +0530] [16459] [INFO] Booting worker with pid: 16459
[2022-07-09 03:25:51 +0530] [16461] [INFO] Booting worker with pid: 16461
[2022-07-09 03:52:43 +0530] [24301] [CRITICAL] WORKER TIMEOUT (pid:16459)
[2022-07-09 03:52:43 +0530] [24301] [CRITICAL] WORKER TIMEOUT (pid:16461)
[2022-07-09 03:52:43 +0530] [16459] [INFO] Worker exiting (pid: 16459)
[2022-07-09 03:52:43 +0530] [16461] [INFO] Worker exiting (pid: 16461)
[2022-07-09 03:52:43 +0530] [17409] [INFO] Booting worker with pid: 17409
[2022-07-09 03:52:43 +0530] [17410] [INFO] Booting worker with pid: 17410
[2022-07-09 04:47:30 +0530] [24301] [CRITICAL] WORKER TIMEOUT (pid:17409)
[2022-07-09 04:47:30 +0530] [24301] [CRITICAL] WORKER TIMEOUT (pid:17410)
[2022-07-09 04:47:30 +0530] [17409] [INFO] Worker exiting (pid: 17409)
[2022-07-09 04:47:30 +0530] [17410] [INFO] Worker exiting (pid: 17410)
[2022-07-09 04:47:30 +0530] [18343] [INFO] Booting worker with pid: 18343
[2022-07-09 04:47:30 +0530] [18344] [INFO] Booting worker with pid: 18344
[2022-07-09 06:18:29 +0530] [24301] [CRITICAL] WORKER TIMEOUT (pid:18343)
[2022-07-09 06:18:29 +0530] [24301] [CRITICAL] WORKER TIMEOUT (pid:18344)
[2022-07-09 06:18:29 +0530] [18344] [INFO] Worker exiting (pid: 18344)
[2022-07-09 06:18:29 +0530] [18343] [INFO] Worker exiting (pid: 18343)
[2022-07-09 06:18:29 +0530] [94862] [INFO] Booting worker with pid: 94862
[2022-07-09 06:18:29 +0530] [94863] [INFO] Booting worker with pid: 94863
[2022-07-09 09:00:16 +0530] [24301] [CRITICAL] WORKER TIMEOUT (pid:94862)
[2022-07-09 09:00:16 +0530] [24301] [CRITICAL] WORKER TIMEOUT (pid:94863)
[2022-07-09 09:00:16 +0530] [94862] [INFO] Worker exiting (pid: 94862)
[2022-07-09 09:00:16 +0530] [94863] [INFO] Worker exiting (pid: 94863)
[2022-07-09 09:00:16 +0530] [40125] [INFO] Booting worker with pid: 40125
[2022-07-09 09:00:16 +0530] [40132] [INFO] Booting worker with pid: 40132
[2022-07-09 10:41:49 +0530] [24301] [CRITICAL] WORKER TIMEOUT (pid:40125)
[2022-07-09 10:41:49 +0530] [24301] [CRITICAL] WORKER TIMEOUT (pid:40132)
[2022-07-09 10:41:49 +0530] [40132] [INFO] Worker exiting (pid: 40132)
[2022-07-09 10:41:49 +0530] [40125] [INFO] Worker exiting (pid: 40125)
[2022-07-09 10:41:49 +0530] [24301] [WARNING] Worker with pid 40125 was terminated due to signal 9
[2022-07-09 10:41:49 +0530] [40354] [INFO] Booting worker with pid: 40354
[2022-07-09 10:41:49 +0530] [40356] [INFO] Booting worker with pid: 40356
[2022-07-09 10:43:06 +0530] [24301] [CRITICAL] WORKER TIMEOUT (pid:40354)
[2022-07-09 10:43:06 +0530] [24301] [CRITICAL] WORKER TIMEOUT (pid:40356)
[2022-07-09 10:43:06 +0530] [40356] [INFO] Worker exiting (pid: 40356)
[2022-07-09 10:43:06 +0530] [40354] [INFO] Worker exiting (pid: 40354)
[2022-07-09 10:43:07 +0530] [41321] [INFO] Booting worker with pid: 41321
[2022-07-09 10:43:07 +0530] [41322] [INFO] Booting worker with pid: 41322
[2022-07-09 11:00:24 +0530] [24301] [CRITICAL] WORKER TIMEOUT (pid:41321)
[2022-07-09 11:00:24 +0530] [24301] [CRITICAL] WORKER TIMEOUT (pid:41322)
[2022-07-09 11:00:24 +0530] [41322] [INFO] Worker exiting (pid: 41322)
[2022-07-09 11:00:24 +0530] [41321] [INFO] Worker exiting (pid: 41321)
[2022-07-09 11:00:24 +0530] [42239] [INFO] Booting worker with pid: 42239
[2022-07-09 11:00:24 +0530] [42244] [INFO] Booting worker with pid: 42244
[2022-07-09 11:06:14 +0530] [24301] [CRITICAL] WORKER TIMEOUT (pid:42239)
[2022-07-09 11:06:14 +0530] [24301] [CRITICAL] WORKER TIMEOUT (pid:42244)
[2022-07-09 11:06:14 +0530] [42239] [INFO] Worker exiting (pid: 42239)
[2022-07-09 11:06:14 +0530] [42244] [INFO] Worker exiting (pid: 42244)
[2022-07-09 11:06:14 +0530] [43767] [INFO] Booting worker with pid: 43767
[2022-07-09 11:06:14 +0530] [43768] [INFO] Booting worker with pid: 43768
[2022-07-09 12:38:08 +0530] [24301] [CRITICAL] WORKER TIMEOUT (pid:43767)
[2022-07-09 12:38:09 +0530] [24301] [CRITICAL] WORKER TIMEOUT (pid:43768)
[2022-07-09 12:38:09 +0530] [43767] [INFO] Worker exiting (pid: 43767)
[2022-07-09 12:38:09 +0530] [43768] [INFO] Worker exiting (pid: 43768)
[2022-07-09 12:38:09 +0530] [45373] [INFO] Booting worker with pid: 45373
[2022-07-09 12:38:09 +0530] [45374] [INFO] Booting worker with pid: 45374
[2022-07-09 13:11:19 +0530] [24301] [CRITICAL] WORKER TIMEOUT (pid:45373)
[2022-07-09 13:11:19 +0530] [45373] [INFO] Worker exiting (pid: 45373)
[2022-07-09 13:11:19 +0530] [24301] [CRITICAL] WORKER TIMEOUT (pid:45374)
[2022-07-09 13:11:19 +0530] [45374] [INFO] Worker exiting (pid: 45374)
[2022-07-09 13:11:20 +0530] [80357] [INFO] Booting worker with pid: 80357
[2022-07-09 13:11:20 +0530] [80359] [INFO] Booting worker with pid: 80359
[2022-07-09 14:36:35 +0530] [24301] [CRITICAL] WORKER TIMEOUT (pid:80357)
[2022-07-09 14:36:35 +0530] [24301] [CRITICAL] WORKER TIMEOUT (pid:80359)
[2022-07-09 14:36:35 +0530] [80359] [INFO] Worker exiting (pid: 80359)
[2022-07-09 14:36:35 +0530] [80357] [INFO] Worker exiting (pid: 80357)
[2022-07-09 14:36:36 +0530] [97931] [INFO] Booting worker with pid: 97931
[2022-07-09 14:36:36 +0530] [97933] [INFO] Booting worker with pid: 97933
[2022-07-09 14:47:13 +0530] [24301] [CRITICAL] WORKER TIMEOUT (pid:97931)
[2022-07-09 14:47:13 +0530] [24301] [CRITICAL] WORKER TIMEOUT (pid:97933)
[2022-07-09 14:47:13 +0530] [97933] [INFO] Worker exiting (pid: 97933)
[2022-07-09 14:47:13 +0530] [97931] [INFO] Worker exiting (pid: 97931)
[2022-07-09 14:47:13 +0530] [2610] [INFO] Booting worker with pid: 2610
[2022-07-09 14:47:13 +0530] [2617] [INFO] Booting worker with pid: 2617
[2022-07-09 18:04:02 +0530] [24301] [CRITICAL] WORKER TIMEOUT (pid:2610)
[2022-07-09 18:04:03 +0530] [24301] [CRITICAL] WORKER TIMEOUT (pid:2617)
[2022-07-09 18:04:03 +0530] [2610] [INFO] Worker exiting (pid: 2610)
[2022-07-09 18:04:03 +0530] [2617] [INFO] Worker exiting (pid: 2617)
[2022-07-09 18:04:03 +0530] [23830] [INFO] Booting worker with pid: 23830
[2022-07-09 18:04:03 +0530] [23831] [INFO] Booting worker with pid: 23831
[2022-07-09 18:37:12 +0530] [24301] [CRITICAL] WORKER TIMEOUT (pid:23830)
[2022-07-09 18:37:12 +0530] [23830] [INFO] Worker exiting (pid: 23830)
[2022-07-09 18:37:12 +0530] [54296] [INFO] Booting worker with pid: 54296
[2022-07-09 18:38:58 +0530] [24301] [CRITICAL] WORKER TIMEOUT (pid:23831)
[2022-07-09 18:38:58 +0530] [24301] [CRITICAL] WORKER TIMEOUT (pid:54296)
[2022-07-09 18:38:58 +0530] [23831] [INFO] Worker exiting (pid: 23831)
[2022-07-09 18:38:58 +0530] [54296] [INFO] Worker exiting (pid: 54296)
[2022-07-09 18:38:58 +0530] [55403] [INFO] Booting worker with pid: 55403
[2022-07-09 18:38:59 +0530] [55405] [INFO] Booting worker with pid: 55405
[2022-07-09 18:58:30 +0530] [24301] [CRITICAL] WORKER TIMEOUT (pid:55403)
[2022-07-09 18:58:30 +0530] [24301] [CRITICAL] WORKER TIMEOUT (pid:55405)
[2022-07-09 18:58:30 +0530] [55405] [INFO] Worker exiting (pid: 55405)
[2022-07-09 18:58:30 +0530] [55403] [INFO] Worker exiting (pid: 55403)
[2022-07-09 18:58:30 +0530] [56454] [INFO] Booting worker with pid: 56454
[2022-07-09 18:58:30 +0530] [56463] [INFO] Booting worker with pid: 56463
[2022-07-09 19:15:56 +0530] [24301] [CRITICAL] WORKER TIMEOUT (pid:56454)
[2022-07-09 19:15:56 +0530] [24301] [CRITICAL] WORKER TIMEOUT (pid:56463)
[2022-07-09 19:15:56 +0530] [56463] [INFO] Worker exiting (pid: 56463)
[2022-07-09 19:15:56 +0530] [56454] [INFO] Worker exiting (pid: 56454)
[2022-07-09 19:15:56 +0530] [57693] [INFO] Booting worker with pid: 57693
[2022-07-09 19:15:56 +0530] [57695] [INFO] Booting worker with pid: 57695
[2022-07-09 20:45:16 +0530] [24301] [CRITICAL] WORKER TIMEOUT (pid:57693)
[2022-07-09 20:45:16 +0530] [24301] [CRITICAL] WORKER TIMEOUT (pid:57695)
[2022-07-09 20:45:16 +0530] [57693] [INFO] Worker exiting (pid: 57693)
[2022-07-09 20:45:16 +0530] [57695] [INFO] Worker exiting (pid: 57695)
[2022-07-09 20:45:16 +0530] [58758] [INFO] Booting worker with pid: 58758
[2022-07-09 20:45:16 +0530] [58759] [INFO] Booting worker with pid: 58759
[2022-07-09 20:58:31 +0530] [24301] [CRITICAL] WORKER TIMEOUT (pid:58758)
[2022-07-09 20:58:31 +0530] [24301] [CRITICAL] WORKER TIMEOUT (pid:58759)
[2022-07-09 20:58:31 +0530] [58758] [INFO] Worker exiting (pid: 58758)
[2022-07-09 20:58:32 +0530] [58759] [INFO] Worker exiting (pid: 58759)
[2022-07-09 20:58:32 +0530] [59848] [INFO] Booting worker with pid: 59848
[2022-07-09 20:58:32 +0530] [59849] [INFO] Booting worker with pid: 59849
[2022-07-09 20:59:43 +0530] [24301] [CRITICAL] WORKER TIMEOUT (pid:59848)
[2022-07-09 20:59:43 +0530] [24301] [CRITICAL] WORKER TIMEOUT (pid:59849)
[2022-07-09 20:59:43 +0530] [59849] [INFO] Worker exiting (pid: 59849)
[2022-07-09 20:59:43 +0530] [59848] [INFO] Worker exiting (pid: 59848)
[2022-07-09 20:59:43 +0530] [24301] [WARNING] Worker with pid 59848 was terminated due to signal 9
[2022-07-09 20:59:43 +0530] [60094] [INFO] Booting worker with pid: 60094
[2022-07-09 20:59:44 +0530] [60096] [INFO] Booting worker with pid: 60096
[2022-07-10 00:15:23 +0530] [24301] [CRITICAL] WORKER TIMEOUT (pid:60094)
[2022-07-10 00:15:23 +0530] [60094] [INFO] Worker exiting (pid: 60094)
[2022-07-10 00:15:23 +0530] [54601] [INFO] Booting worker with pid: 54601
[2022-07-10 02:15:43 +0530] [24301] [CRITICAL] WORKER TIMEOUT (pid:60096)
[2022-07-10 02:15:44 +0530] [60096] [INFO] Worker exiting (pid: 60096)
[2022-07-10 02:15:45 +0530] [55174] [INFO] Booting worker with pid: 55174
[2022-07-10 04:10:36 +0530] [24301] [CRITICAL] WORKER TIMEOUT (pid:55174)
[2022-07-10 04:10:37 +0530] [55174] [INFO] Worker exiting (pid: 55174)
[2022-07-10 04:10:38 +0530] [56093] [INFO] Booting worker with pid: 56093
[2022-07-10 05:32:04 +0530] [24301] [CRITICAL] WORKER TIMEOUT (pid:54601)
[2022-07-10 05:32:04 +0530] [24301] [CRITICAL] WORKER TIMEOUT (pid:56093)
[2022-07-10 05:32:04 +0530] [56093] [INFO] Worker exiting (pid: 56093)
[2022-07-10 05:32:04 +0530] [54601] [INFO] Worker exiting (pid: 54601)
[2022-07-10 05:32:04 +0530] [24301] [WARNING] Worker with pid 54601 was terminated due to signal 9
[2022-07-10 05:32:04 +0530] [57061] [INFO] Booting worker with pid: 57061
[2022-07-10 05:32:04 +0530] [57062] [INFO] Booting worker with pid: 57062
[2022-07-10 06:00:37 +0530] [24301] [CRITICAL] WORKER TIMEOUT (pid:57061)
[2022-07-10 06:00:37 +0530] [24301] [CRITICAL] WORKER TIMEOUT (pid:57062)
[2022-07-10 06:00:37 +0530] [57062] [INFO] Worker exiting (pid: 57062)
[2022-07-10 06:00:37 +0530] [57061] [INFO] Worker exiting (pid: 57061)
[2022-07-10 06:00:37 +0530] [58119] [INFO] Booting worker with pid: 58119
[2022-07-10 06:00:37 +0530] [58120] [INFO] Booting worker with pid: 58120
[2022-07-10 06:21:09 +0530] [24301] [CRITICAL] WORKER TIMEOUT (pid:58119)
[2022-07-10 06:21:09 +0530] [24301] [CRITICAL] WORKER TIMEOUT (pid:58120)
[2022-07-10 06:21:09 +0530] [58119] [INFO] Worker exiting (pid: 58119)
[2022-07-10 06:21:09 +0530] [58120] [INFO] Worker exiting (pid: 58120)
[2022-07-10 06:21:09 +0530] [63215] [INFO] Booting worker with pid: 63215
[2022-07-10 06:21:09 +0530] [63216] [INFO] Booting worker with pid: 63216
[2022-07-10 06:43:55 +0530] [24301] [CRITICAL] WORKER TIMEOUT (pid:63215)
[2022-07-10 06:43:55 +0530] [24301] [CRITICAL] WORKER TIMEOUT (pid:63216)
[2022-07-10 06:43:55 +0530] [63215] [INFO] Worker exiting (pid: 63215)
[2022-07-10 06:43:55 +0530] [63216] [INFO] Worker exiting (pid: 63216)
[2022-07-10 06:43:55 +0530] [70990] [INFO] Booting worker with pid: 70990
[2022-07-10 06:43:55 +0530] [70992] [INFO] Booting worker with pid: 70992
[2022-07-10 07:02:09 +0530] [24301] [CRITICAL] WORKER TIMEOUT (pid:70990)
[2022-07-10 07:02:09 +0530] [24301] [CRITICAL] WORKER TIMEOUT (pid:70992)
[2022-07-10 07:02:09 +0530] [70992] [INFO] Worker exiting (pid: 70992)
[2022-07-10 07:02:09 +0530] [70990] [INFO] Worker exiting (pid: 70990)
[2022-07-10 07:02:09 +0530] [72185] [INFO] Booting worker with pid: 72185
[2022-07-10 07:02:09 +0530] [72186] [INFO] Booting worker with pid: 72186
[2022-07-10 07:19:18 +0530] [24301] [CRITICAL] WORKER TIMEOUT (pid:72185)
[2022-07-10 07:19:18 +0530] [24301] [CRITICAL] WORKER TIMEOUT (pid:72186)
[2022-07-10 07:19:18 +0530] [72186] [INFO] Worker exiting (pid: 72186)
[2022-07-10 07:19:18 +0530] [72185] [INFO] Worker exiting (pid: 72185)
[2022-07-10 07:19:18 +0530] [74219] [INFO] Booting worker with pid: 74219
[2022-07-10 07:19:18 +0530] [74220] [INFO] Booting worker with pid: 74220
[2022-07-10 07:37:12 +0530] [24301] [CRITICAL] WORKER TIMEOUT (pid:74219)
[2022-07-10 07:37:12 +0530] [24301] [CRITICAL] WORKER TIMEOUT (pid:74220)
[2022-07-10 07:37:12 +0530] [74219] [INFO] Worker exiting (pid: 74219)
[2022-07-10 07:37:12 +0530] [74220] [INFO] Worker exiting (pid: 74220)
[2022-07-10 07:37:12 +0530] [75852] [INFO] Booting worker with pid: 75852
[2022-07-10 07:37:12 +0530] [75854] [INFO] Booting worker with pid: 75854
[2022-07-10 07:53:49 +0530] [24301] [CRITICAL] WORKER TIMEOUT (pid:75852)
[2022-07-10 07:53:49 +0530] [24301] [CRITICAL] WORKER TIMEOUT (pid:75854)
[2022-07-10 07:53:49 +0530] [75854] [INFO] Worker exiting (pid: 75854)
[2022-07-10 07:53:49 +0530] [75852] [INFO] Worker exiting (pid: 75852)
[2022-07-10 07:53:49 +0530] [76898] [INFO] Booting worker with pid: 76898
[2022-07-10 07:53:49 +0530] [76899] [INFO] Booting worker with pid: 76899
[2022-07-10 08:11:06 +0530] [24301] [CRITICAL] WORKER TIMEOUT (pid:76898)
[2022-07-10 08:11:06 +0530] [24301] [CRITICAL] WORKER TIMEOUT (pid:76899)
[2022-07-10 08:11:06 +0530] [76898] [INFO] Worker exiting (pid: 76898)
[2022-07-10 08:11:06 +0530] [76899] [INFO] Worker exiting (pid: 76899)
[2022-07-10 08:11:06 +0530] [24301] [WARNING] Worker with pid 76898 was terminated due to signal 9
[2022-07-10 08:11:06 +0530] [77959] [INFO] Booting worker with pid: 77959
[2022-07-10 08:11:06 +0530] [77963] [INFO] Booting worker with pid: 77963
[2022-07-10 09:45:55 +0530] [24301] [CRITICAL] WORKER TIMEOUT (pid:77959)
[2022-07-10 09:45:55 +0530] [24301] [CRITICAL] WORKER TIMEOUT (pid:77963)
[2022-07-10 09:45:55 +0530] [77959] [INFO] Worker exiting (pid: 77959)
[2022-07-10 09:45:55 +0530] [77963] [INFO] Worker exiting (pid: 77963)
[2022-07-10 09:45:55 +0530] [93887] [INFO] Booting worker with pid: 93887
[2022-07-10 09:45:55 +0530] [93888] [INFO] Booting worker with pid: 93888
[2022-07-10 10:03:12 +0530] [24301] [CRITICAL] WORKER TIMEOUT (pid:93887)
[2022-07-10 10:03:12 +0530] [24301] [CRITICAL] WORKER TIMEOUT (pid:93888)
[2022-07-10 10:03:12 +0530] [93887] [INFO] Worker exiting (pid: 93887)
[2022-07-10 10:03:12 +0530] [93888] [INFO] Worker exiting (pid: 93888)
[2022-07-10 10:03:12 +0530] [95042] [INFO] Booting worker with pid: 95042
[2022-07-10 10:03:12 +0530] [95045] [INFO] Booting worker with pid: 95045
[2022-07-10 10:13:53 +0530] [24301] [CRITICAL] WORKER TIMEOUT (pid:95042)
[2022-07-10 10:13:53 +0530] [24301] [CRITICAL] WORKER TIMEOUT (pid:95045)
[2022-07-10 10:13:53 +0530] [95045] [INFO] Worker exiting (pid: 95045)
[2022-07-10 10:13:53 +0530] [95042] [INFO] Worker exiting (pid: 95042)
[2022-07-10 10:13:53 +0530] [96091] [INFO] Booting worker with pid: 96091
[2022-07-10 10:13:53 +0530] [96092] [INFO] Booting worker with pid: 96092
[2022-07-10 11:47:11 +0530] [24301] [CRITICAL] WORKER TIMEOUT (pid:96091)
[2022-07-10 11:47:11 +0530] [24301] [CRITICAL] WORKER TIMEOUT (pid:96092)
[2022-07-10 11:47:11 +0530] [96092] [INFO] Worker exiting (pid: 96092)
[2022-07-10 11:47:11 +0530] [96091] [INFO] Worker exiting (pid: 96091)
[2022-07-10 11:47:11 +0530] [180] [INFO] Booting worker with pid: 180
[2022-07-10 11:47:11 +0530] [181] [INFO] Booting worker with pid: 181
[2022-07-10 12:53:11 +0530] [24301] [CRITICAL] WORKER TIMEOUT (pid:180)
[2022-07-10 12:53:11 +0530] [24301] [CRITICAL] WORKER TIMEOUT (pid:181)
[2022-07-10 12:53:11 +0530] [180] [INFO] Worker exiting (pid: 180)
[2022-07-10 12:53:11 +0530] [181] [INFO] Worker exiting (pid: 181)
[2022-07-10 12:53:11 +0530] [1593] [INFO] Booting worker with pid: 1593
[2022-07-10 12:53:11 +0530] [1596] [INFO] Booting worker with pid: 1596
[2022-07-10 15:10:41 +0530] [24301] [CRITICAL] WORKER TIMEOUT (pid:1593)
[2022-07-10 15:10:41 +0530] [24301] [CRITICAL] WORKER TIMEOUT (pid:1596)
[2022-07-10 15:10:41 +0530] [1593] [INFO] Worker exiting (pid: 1593)
[2022-07-10 15:10:41 +0530] [1596] [INFO] Worker exiting (pid: 1596)
[2022-07-10 15:10:41 +0530] [75102] [INFO] Booting worker with pid: 75102
[2022-07-10 15:10:41 +0530] [75106] [INFO] Booting worker with pid: 75106
[2022-07-10 15:26:52 +0530] [24301] [CRITICAL] WORKER TIMEOUT (pid:75102)
[2022-07-10 15:26:52 +0530] [75102] [INFO] Worker exiting (pid: 75102)
[2022-07-10 15:26:52 +0530] [24301] [CRITICAL] WORKER TIMEOUT (pid:75106)
[2022-07-10 15:26:52 +0530] [75106] [INFO] Worker exiting (pid: 75106)
[2022-07-10 15:26:53 +0530] [91822] [INFO] Booting worker with pid: 91822
[2022-07-10 15:26:53 +0530] [91823] [INFO] Booting worker with pid: 91823
[2022-07-10 15:44:05 +0530] [24301] [CRITICAL] WORKER TIMEOUT (pid:91822)
[2022-07-10 15:44:05 +0530] [24301] [CRITICAL] WORKER TIMEOUT (pid:91823)
[2022-07-10 15:44:05 +0530] [91822] [INFO] Worker exiting (pid: 91822)
[2022-07-10 15:44:05 +0530] [91823] [INFO] Worker exiting (pid: 91823)
[2022-07-10 15:44:05 +0530] [7360] [INFO] Booting worker with pid: 7360
[2022-07-10 15:44:06 +0530] [7362] [INFO] Booting worker with pid: 7362
[2022-07-10 16:48:55 +0530] [24301] [CRITICAL] WORKER TIMEOUT (pid:7360)
[2022-07-10 16:48:55 +0530] [7360] [INFO] Worker exiting (pid: 7360)
[2022-07-10 16:48:56 +0530] [87092] [INFO] Booting worker with pid: 87092
[2022-07-10 16:59:57 +0530] [24301] [CRITICAL] WORKER TIMEOUT (pid:7362)
[2022-07-10 16:59:57 +0530] [24301] [CRITICAL] WORKER TIMEOUT (pid:87092)
[2022-07-10 16:59:57 +0530] [7362] [INFO] Worker exiting (pid: 7362)
[2022-07-10 16:59:57 +0530] [87092] [INFO] Worker exiting (pid: 87092)
[2022-07-10 16:59:58 +0530] [99715] [INFO] Booting worker with pid: 99715
[2022-07-10 16:59:58 +0530] [99716] [INFO] Booting worker with pid: 99716
[2022-07-10 17:18:16 +0530] [24301] [CRITICAL] WORKER TIMEOUT (pid:99715)
[2022-07-10 17:18:16 +0530] [24301] [CRITICAL] WORKER TIMEOUT (pid:99716)
[2022-07-10 17:18:16 +0530] [99715] [INFO] Worker exiting (pid: 99715)
[2022-07-10 17:18:16 +0530] [99716] [INFO] Worker exiting (pid: 99716)
[2022-07-10 17:18:16 +0530] [1264] [INFO] Booting worker with pid: 1264
[2022-07-10 17:18:16 +0530] [1269] [INFO] Booting worker with pid: 1269
[2022-07-10 17:33:02 +0530] [24301] [CRITICAL] WORKER TIMEOUT (pid:1264)
[2022-07-10 17:33:02 +0530] [24301] [CRITICAL] WORKER TIMEOUT (pid:1269)
[2022-07-10 17:33:02 +0530] [1264] [INFO] Worker exiting (pid: 1264)
[2022-07-10 17:33:02 +0530] [1269] [INFO] Worker exiting (pid: 1269)
[2022-07-10 17:33:02 +0530] [19244] [INFO] Booting worker with pid: 19244
[2022-07-10 17:33:02 +0530] [19245] [INFO] Booting worker with pid: 19245
[2022-07-10 17:34:36 +0530] [24301] [CRITICAL] WORKER TIMEOUT (pid:19244)
[2022-07-10 17:34:36 +0530] [24301] [CRITICAL] WORKER TIMEOUT (pid:19245)
[2022-07-10 17:34:36 +0530] [19244] [INFO] Worker exiting (pid: 19244)
[2022-07-10 17:34:36 +0530] [19245] [INFO] Worker exiting (pid: 19245)
[2022-07-10 17:34:37 +0530] [20310] [INFO] Booting worker with pid: 20310
[2022-07-10 17:34:37 +0530] [20311] [INFO] Booting worker with pid: 20311
[2022-07-10 17:35:46 +0530] [24301] [CRITICAL] WORKER TIMEOUT (pid:20310)
[2022-07-10 17:35:46 +0530] [24301] [CRITICAL] WORKER TIMEOUT (pid:20311)
[2022-07-10 17:35:46 +0530] [20310] [INFO] Worker exiting (pid: 20310)
[2022-07-10 17:35:46 +0530] [20311] [INFO] Worker exiting (pid: 20311)
[2022-07-10 17:35:46 +0530] [20736] [INFO] Booting worker with pid: 20736
[2022-07-10 17:35:46 +0530] [20737] [INFO] Booting worker with pid: 20737
[2022-07-10 17:52:22 +0530] [24301] [CRITICAL] WORKER TIMEOUT (pid:20736)
[2022-07-10 17:52:22 +0530] [24301] [CRITICAL] WORKER TIMEOUT (pid:20737)
[2022-07-10 17:52:22 +0530] [20736] [INFO] Worker exiting (pid: 20736)
[2022-07-10 17:52:22 +0530] [20737] [INFO] Worker exiting (pid: 20737)
[2022-07-10 17:52:22 +0530] [21820] [INFO] Booting worker with pid: 21820
[2022-07-10 17:52:22 +0530] [21823] [INFO] Booting worker with pid: 21823
[2022-07-10 18:10:17 +0530] [24301] [CRITICAL] WORKER TIMEOUT (pid:21820)
[2022-07-10 18:10:17 +0530] [24301] [CRITICAL] WORKER TIMEOUT (pid:21823)
[2022-07-10 18:10:17 +0530] [21820] [INFO] Worker exiting (pid: 21820)
[2022-07-10 18:10:17 +0530] [22981] [INFO] Booting worker with pid: 22981
[2022-07-10 18:10:17 +0530] [24301] [WARNING] Worker with pid 21823 was terminated due to signal 9
[2022-07-10 18:10:17 +0530] [22988] [INFO] Booting worker with pid: 22988
[2022-07-10 18:27:46 +0530] [24301] [CRITICAL] WORKER TIMEOUT (pid:22981)
[2022-07-10 18:27:46 +0530] [24301] [CRITICAL] WORKER TIMEOUT (pid:22988)
[2022-07-10 18:27:46 +0530] [22981] [INFO] Worker exiting (pid: 22981)
[2022-07-10 18:27:46 +0530] [22988] [INFO] Worker exiting (pid: 22988)
[2022-07-10 18:27:46 +0530] [24044] [INFO] Booting worker with pid: 24044
[2022-07-10 18:27:46 +0530] [24054] [INFO] Booting worker with pid: 24054
[2022-07-10 18:50:54 +0530] [24301] [CRITICAL] WORKER TIMEOUT (pid:24044)
[2022-07-10 18:50:54 +0530] [24301] [CRITICAL] WORKER TIMEOUT (pid:24054)
[2022-07-10 18:50:54 +0530] [24044] [INFO] Worker exiting (pid: 24044)
[2022-07-10 18:50:54 +0530] [24054] [INFO] Worker exiting (pid: 24054)
[2022-07-10 18:50:54 +0530] [25110] [INFO] Booting worker with pid: 25110
[2022-07-10 18:50:54 +0530] [25113] [INFO] Booting worker with pid: 25113
[2022-07-10 19:08:53 +0530] [24301] [CRITICAL] WORKER TIMEOUT (pid:25110)
[2022-07-10 19:08:53 +0530] [24301] [CRITICAL] WORKER TIMEOUT (pid:25113)
[2022-07-10 19:08:53 +0530] [25110] [INFO] Worker exiting (pid: 25110)
[2022-07-10 19:08:53 +0530] [25113] [INFO] Worker exiting (pid: 25113)
[2022-07-10 19:08:53 +0530] [26160] [INFO] Booting worker with pid: 26160
[2022-07-10 19:08:53 +0530] [26164] [INFO] Booting worker with pid: 26164
[2022-07-10 19:40:18 +0530] [24301] [CRITICAL] WORKER TIMEOUT (pid:26160)
[2022-07-10 19:40:18 +0530] [24301] [CRITICAL] WORKER TIMEOUT (pid:26164)
[2022-07-10 19:40:18 +0530] [26160] [INFO] Worker exiting (pid: 26160)
[2022-07-10 19:40:18 +0530] [26164] [INFO] Worker exiting (pid: 26164)
[2022-07-10 19:40:18 +0530] [27296] [INFO] Booting worker with pid: 27296
[2022-07-10 19:40:18 +0530] [27297] [INFO] Booting worker with pid: 27297
[2022-07-10 19:58:05 +0530] [24301] [CRITICAL] WORKER TIMEOUT (pid:27296)
[2022-07-10 19:58:05 +0530] [24301] [CRITICAL] WORKER TIMEOUT (pid:27297)
[2022-07-10 19:58:05 +0530] [27297] [INFO] Worker exiting (pid: 27297)
[2022-07-10 19:58:05 +0530] [27296] [INFO] Worker exiting (pid: 27296)
[2022-07-10 19:58:05 +0530] [28731] [INFO] Booting worker with pid: 28731
[2022-07-10 19:58:05 +0530] [28733] [INFO] Booting worker with pid: 28733
[2022-07-10 20:58:55 +0530] [24301] [CRITICAL] WORKER TIMEOUT (pid:28731)
[2022-07-10 20:58:55 +0530] [24301] [CRITICAL] WORKER TIMEOUT (pid:28733)
[2022-07-10 20:58:55 +0530] [28733] [INFO] Worker exiting (pid: 28733)
[2022-07-10 20:58:55 +0530] [28731] [INFO] Worker exiting (pid: 28731)
[2022-07-10 20:58:55 +0530] [29799] [INFO] Booting worker with pid: 29799
[2022-07-10 20:58:55 +0530] [29812] [INFO] Booting worker with pid: 29812
[2022-07-10 21:00:41 +0530] [24301] [CRITICAL] WORKER TIMEOUT (pid:29799)
[2022-07-10 21:00:41 +0530] [24301] [CRITICAL] WORKER TIMEOUT (pid:29812)
[2022-07-10 21:00:41 +0530] [29799] [INFO] Worker exiting (pid: 29799)
[2022-07-10 21:00:41 +0530] [29812] [INFO] Worker exiting (pid: 29812)
[2022-07-10 21:00:42 +0530] [30933] [INFO] Booting worker with pid: 30933
[2022-07-10 21:00:42 +0530] [30934] [INFO] Booting worker with pid: 30934
[2022-07-10 23:54:08 +0530] [24301] [CRITICAL] WORKER TIMEOUT (pid:30933)
[2022-07-10 23:54:08 +0530] [24301] [CRITICAL] WORKER TIMEOUT (pid:30934)
[2022-07-10 23:54:08 +0530] [30933] [INFO] Worker exiting (pid: 30933)
[2022-07-10 23:54:08 +0530] [30934] [INFO] Worker exiting (pid: 30934)
[2022-07-10 23:54:08 +0530] [97165] [INFO] Booting worker with pid: 97165
[2022-07-10 23:54:08 +0530] [97166] [INFO] Booting worker with pid: 97166
[2022-07-11 03:54:44 +0530] [24301] [CRITICAL] WORKER TIMEOUT (pid:97165)
[2022-07-11 03:54:44 +0530] [24301] [CRITICAL] WORKER TIMEOUT (pid:97166)
[2022-07-11 03:54:44 +0530] [97166] [INFO] Worker exiting (pid: 97166)
[2022-07-11 03:54:44 +0530] [97165] [INFO] Worker exiting (pid: 97165)
[2022-07-11 03:54:45 +0530] [24301] [WARNING] Worker with pid 97166 was terminated due to signal 9
[2022-07-11 03:54:45 +0530] [24301] [WARNING] Worker with pid 97165 was terminated due to signal 9
[2022-07-11 03:54:46 +0530] [98166] [INFO] Booting worker with pid: 98166
[2022-07-11 03:54:46 +0530] [98194] [INFO] Booting worker with pid: 98194
[2022-07-11 05:55:02 +0530] [24301] [CRITICAL] WORKER TIMEOUT (pid:98166)
[2022-07-11 05:55:02 +0530] [98166] [INFO] Worker exiting (pid: 98166)
[2022-07-11 05:55:04 +0530] [98704] [INFO] Booting worker with pid: 98704
[2022-07-11 06:00:51 +0530] [24301] [CRITICAL] WORKER TIMEOUT (pid:98194)
[2022-07-11 06:00:51 +0530] [98194] [INFO] Worker exiting (pid: 98194)
[2022-07-11 06:00:52 +0530] [24301] [WARNING] Worker with pid 98194 was terminated due to signal 9
[2022-07-11 06:00:52 +0530] [99056] [INFO] Booting worker with pid: 99056
[2022-07-11 06:15:15 +0530] [24301] [CRITICAL] WORKER TIMEOUT (pid:98704)
[2022-07-11 06:15:15 +0530] [24301] [CRITICAL] WORKER TIMEOUT (pid:99056)
[2022-07-11 06:15:15 +0530] [99056] [INFO] Worker exiting (pid: 99056)
[2022-07-11 06:15:15 +0530] [98704] [INFO] Worker exiting (pid: 98704)
[2022-07-11 06:15:16 +0530] [99390] [INFO] Booting worker with pid: 99390
[2022-07-11 06:15:16 +0530] [99391] [INFO] Booting worker with pid: 99391
