2022-07-02 18:05:37,404 INFO - Starting the scheduler
2022-07-02 18:05:37,405 INFO - Processing each file at most -1 times
2022-07-02 18:05:37,408 INFO - Loaded executor: SequentialExecutor
2022-07-02 18:05:37,411 INFO - Launched DagFileProcessorManager with pid: 24306
2022-07-02 18:05:37,414 INFO - Resetting orphaned tasks for active dag runs
2022-07-02 18:33:23,207 INFO - Resetting orphaned tasks for active dag runs
2022-07-02 18:38:23,231 INFO - Resetting orphaned tasks for active dag runs
2022-07-02 18:43:23,257 INFO - Resetting orphaned tasks for active dag runs
2022-07-02 18:48:23,248 INFO - Resetting orphaned tasks for active dag runs
2022-07-02 18:53:23,269 INFO - Resetting orphaned tasks for active dag runs
2022-07-02 18:58:23,301 INFO - Resetting orphaned tasks for active dag runs
2022-07-02 19:03:23,383 INFO - Resetting orphaned tasks for active dag runs
2022-07-02 19:06:21,510 WARNING - DagFileProcessorManager (PID=24306) exited with exit code -9 - re-launching
2022-07-02 19:06:21,514 INFO - Launched DagFileProcessorManager with pid: 55730
2022-07-02 19:09:16,798 INFO - Starting the scheduler
2022-07-02 19:09:16,799 INFO - Processing each file at most -1 times
2022-07-02 19:09:16,802 INFO - Loaded executor: SequentialExecutor
2022-07-02 19:09:16,806 INFO - Launched DagFileProcessorManager with pid: 58267
2022-07-02 19:09:16,808 INFO - Resetting orphaned tasks for active dag runs
2022-07-02 19:09:16,816 INFO - Marked 1 SchedulerJob instances as failed
2022-07-02 19:12:49,002 INFO - 1 tasks up for execution:
	<TaskInstance: ai_cluster.create_job_flow manual__2022-07-02T13:42:47.887514+00:00 [scheduled]>
2022-07-02 19:12:49,003 INFO - DAG ai_cluster has 0/16 running and queued tasks
2022-07-02 19:12:49,004 INFO - Setting the following tasks to queued state:
	<TaskInstance: ai_cluster.create_job_flow manual__2022-07-02T13:42:47.887514+00:00 [scheduled]>
2022-07-02 19:12:49,006 INFO - Sending TaskInstanceKey(dag_id='ai_cluster', task_id='create_job_flow', run_id='manual__2022-07-02T13:42:47.887514+00:00', try_number=1, map_index=-1) to executor with priority 1 and queue default
2022-07-02 19:12:49,007 INFO - Adding to queue: ['airflow', 'tasks', 'run', 'ai_cluster', 'create_job_flow', 'manual__2022-07-02T13:42:47.887514+00:00', '--local', '--subdir', 'DAGS_FOLDER/itvghapipeline.py']
2022-07-02 19:12:49,009 INFO - Executing command: ['airflow', 'tasks', 'run', 'ai_cluster', 'create_job_flow', 'manual__2022-07-02T13:42:47.887514+00:00', '--local', '--subdir', 'DAGS_FOLDER/itvghapipeline.py']
2022-07-02 19:12:51,800 INFO - Executor reports execution of ai_cluster.create_job_flow run_id=manual__2022-07-02T13:42:47.887514+00:00 exited with status success for try_number 1
2022-07-02 19:12:51,811 INFO - TaskInstance Finished: dag_id=ai_cluster, task_id=create_job_flow, run_id=manual__2022-07-02T13:42:47.887514+00:00, map_index=-1, run_start_date=2022-07-02 13:42:49.805214+00:00, run_end_date=2022-07-02 13:42:51.596379+00:00, run_duration=1.791165, state=success, executor_state=success, try_number=1, max_tries=0, job_id=3, pool=default_pool, queue=default, priority_weight=1, operator=EmrCreateJobFlowOperator, queued_dttm=2022-07-02 13:42:49.004848+00:00, queued_by_job_id=2, pid=61387
2022-07-02 19:12:52,585 INFO - Marking run <DagRun ai_cluster @ 2022-07-02 13:42:47.887514+00:00: manual__2022-07-02T13:42:47.887514+00:00, externally triggered: True> successful
2022-07-02 19:12:52,586 INFO - DagRun Finished: dag_id=ai_cluster, execution_date=2022-07-02 13:42:47.887514+00:00, run_id=manual__2022-07-02T13:42:47.887514+00:00, run_start_date=2022-07-02 13:42:48.906672+00:00, run_end_date=2022-07-02 13:42:52.586043+00:00, run_duration=3.679371, state=success, external_trigger=True, run_type=manual, data_interval_start=2022-07-02 13:42:47.887514+00:00, data_interval_end=2022-07-02 13:42:47.887514+00:00, dag_hash=33693ab9e3deeaa30b7733479fc550bd
2022-07-02 19:12:52,588 INFO - Setting next_dagrun for ai_cluster to None, run_after=None
2022-07-02 19:14:17,678 INFO - Resetting orphaned tasks for active dag runs
2022-07-02 19:16:10,962 INFO - 1 tasks up for execution:
	<TaskInstance: ai_cluster.create_job_flow manual__2022-07-02T13:46:09.714765+00:00 [scheduled]>
2022-07-02 19:16:10,962 INFO - DAG ai_cluster has 0/16 running and queued tasks
2022-07-02 19:16:10,962 INFO - Setting the following tasks to queued state:
	<TaskInstance: ai_cluster.create_job_flow manual__2022-07-02T13:46:09.714765+00:00 [scheduled]>
2022-07-02 19:16:10,964 INFO - Sending TaskInstanceKey(dag_id='ai_cluster', task_id='create_job_flow', run_id='manual__2022-07-02T13:46:09.714765+00:00', try_number=1, map_index=-1) to executor with priority 2 and queue default
2022-07-02 19:16:10,965 INFO - Adding to queue: ['airflow', 'tasks', 'run', 'ai_cluster', 'create_job_flow', 'manual__2022-07-02T13:46:09.714765+00:00', '--local', '--subdir', 'DAGS_FOLDER/itvghapipeline.py']
2022-07-02 19:16:10,966 INFO - Executing command: ['airflow', 'tasks', 'run', 'ai_cluster', 'create_job_flow', 'manual__2022-07-02T13:46:09.714765+00:00', '--local', '--subdir', 'DAGS_FOLDER/itvghapipeline.py']
2022-07-02 19:16:13,725 ERROR - Failed to execute task Command '['airflow', 'tasks', 'run', 'ai_cluster', 'create_job_flow', 'manual__2022-07-02T13:46:09.714765+00:00', '--local', '--subdir', 'DAGS_FOLDER/itvghapipeline.py']' returned non-zero exit status 1..
2022-07-02 19:16:13,728 INFO - Executor reports execution of ai_cluster.create_job_flow run_id=manual__2022-07-02T13:46:09.714765+00:00 exited with status failed for try_number 1
2022-07-02 19:16:13,739 INFO - TaskInstance Finished: dag_id=ai_cluster, task_id=create_job_flow, run_id=manual__2022-07-02T13:46:09.714765+00:00, map_index=-1, run_start_date=2022-07-02 13:46:11.779175+00:00, run_end_date=2022-07-02 13:46:13.480147+00:00, run_duration=1.700972, state=success, executor_state=failed, try_number=1, max_tries=0, job_id=4, pool=default_pool, queue=default, priority_weight=2, operator=EmrCreateJobFlowOperator, queued_dttm=2022-07-02 13:46:10.963602+00:00, queued_by_job_id=2, pid=64244
2022-07-02 19:16:14,639 INFO - 1 tasks up for execution:
	<TaskInstance: ai_cluster.check_job_flow manual__2022-07-02T13:46:09.714765+00:00 [scheduled]>
2022-07-02 19:16:14,639 INFO - DAG ai_cluster has 0/16 running and queued tasks
2022-07-02 19:16:14,640 INFO - Setting the following tasks to queued state:
	<TaskInstance: ai_cluster.check_job_flow manual__2022-07-02T13:46:09.714765+00:00 [scheduled]>
2022-07-02 19:16:14,641 INFO - Sending TaskInstanceKey(dag_id='ai_cluster', task_id='check_job_flow', run_id='manual__2022-07-02T13:46:09.714765+00:00', try_number=1, map_index=-1) to executor with priority 1 and queue default
2022-07-02 19:16:14,642 INFO - Adding to queue: ['airflow', 'tasks', 'run', 'ai_cluster', 'check_job_flow', 'manual__2022-07-02T13:46:09.714765+00:00', '--local', '--subdir', 'DAGS_FOLDER/itvghapipeline.py']
2022-07-02 19:16:14,643 INFO - Executing command: ['airflow', 'tasks', 'run', 'ai_cluster', 'check_job_flow', 'manual__2022-07-02T13:46:09.714765+00:00', '--local', '--subdir', 'DAGS_FOLDER/itvghapipeline.py']
2022-07-02 20:02:04,715 INFO - Executor reports execution of ai_cluster.check_job_flow run_id=manual__2022-07-02T13:46:09.714765+00:00 exited with status success for try_number 1
2022-07-02 20:02:04,724 INFO - TaskInstance Finished: dag_id=ai_cluster, task_id=check_job_flow, run_id=manual__2022-07-02T13:46:09.714765+00:00, map_index=-1, run_start_date=2022-07-02 13:46:15.425799+00:00, run_end_date=2022-07-02 14:32:04.510371+00:00, run_duration=2749.084572, state=success, executor_state=success, try_number=1, max_tries=0, job_id=5, pool=default_pool, queue=default, priority_weight=1, operator=EmrJobFlowSensor, queued_dttm=2022-07-02 13:46:14.640781+00:00, queued_by_job_id=2, pid=64280
2022-07-02 20:02:04,736 ERROR - DagFileProcessorManager (PID=58267) last sent a heartbeat 2749.89 seconds ago! Restarting it
2022-07-02 20:02:04,751 INFO - Sending Signals.SIGTERM to group 58267. PIDs of all processes in the group: [58267]
2022-07-02 20:02:04,752 INFO - Sending the signal Signals.SIGTERM to group 58267
2022-07-02 20:02:04,969 INFO - Process psutil.Process(pid=58267, status='terminated', exitcode=0, started='19:09:16') (58267) terminated with exit code 0
2022-07-02 20:02:04,975 INFO - Launched DagFileProcessorManager with pid: 1767
2022-07-02 20:02:04,996 INFO - Resetting orphaned tasks for active dag runs
2022-07-02 20:02:04,999 INFO - Marked 1 SchedulerJob instances as failed
2022-07-02 20:02:06,496 INFO - Marking run <DagRun ai_cluster @ 2022-07-02 13:46:09.714765+00:00: manual__2022-07-02T13:46:09.714765+00:00, externally triggered: True> successful
2022-07-02 20:02:06,497 INFO - DagRun Finished: dag_id=ai_cluster, execution_date=2022-07-02 13:46:09.714765+00:00, run_id=manual__2022-07-02T13:46:09.714765+00:00, run_start_date=2022-07-02 13:46:10.944186+00:00, run_end_date=2022-07-02 14:32:06.497004+00:00, run_duration=2755.552818, state=success, external_trigger=True, run_type=manual, data_interval_start=2022-07-02 13:46:09.714765+00:00, data_interval_end=2022-07-02 13:46:09.714765+00:00, dag_hash=a6df69fe1d2eaa6f8e63172a340ca9c8
2022-07-02 20:02:06,499 INFO - Setting next_dagrun for ai_cluster to None, run_after=None
2022-07-02 20:07:05,717 INFO - Resetting orphaned tasks for active dag runs
2022-07-02 20:12:06,096 INFO - Resetting orphaned tasks for active dag runs
2022-07-02 20:17:06,799 INFO - Resetting orphaned tasks for active dag runs
2022-07-02 20:22:07,606 INFO - Resetting orphaned tasks for active dag runs
2022-07-02 20:27:08,165 INFO - Resetting orphaned tasks for active dag runs
2022-07-02 20:32:09,084 INFO - Resetting orphaned tasks for active dag runs
2022-07-02 20:37:09,443 INFO - Resetting orphaned tasks for active dag runs
2022-07-02 20:42:10,356 INFO - Resetting orphaned tasks for active dag runs
2022-07-02 20:47:11,050 INFO - Resetting orphaned tasks for active dag runs
2022-07-02 20:52:11,244 INFO - Resetting orphaned tasks for active dag runs
2022-07-02 20:57:11,612 INFO - Resetting orphaned tasks for active dag runs
2022-07-02 21:02:11,763 INFO - Resetting orphaned tasks for active dag runs
2022-07-02 21:07:12,089 INFO - Resetting orphaned tasks for active dag runs
2022-07-02 21:12:12,832 INFO - Resetting orphaned tasks for active dag runs
2022-07-02 21:17:13,594 INFO - Resetting orphaned tasks for active dag runs
2022-07-02 21:22:14,349 INFO - Resetting orphaned tasks for active dag runs
2022-07-02 21:27:15,115 INFO - Resetting orphaned tasks for active dag runs
2022-07-02 21:32:15,980 INFO - Resetting orphaned tasks for active dag runs
2022-07-02 21:35:45,966 INFO - 1 tasks up for execution:
	<TaskInstance: ai_cluster.create_job_flow manual__2022-07-02T16:05:44.782876+00:00 [scheduled]>
2022-07-02 21:35:45,966 INFO - DAG ai_cluster has 0/16 running and queued tasks
2022-07-02 21:35:45,967 INFO - Setting the following tasks to queued state:
	<TaskInstance: ai_cluster.create_job_flow manual__2022-07-02T16:05:44.782876+00:00 [scheduled]>
2022-07-02 21:35:45,968 INFO - Sending TaskInstanceKey(dag_id='ai_cluster', task_id='create_job_flow', run_id='manual__2022-07-02T16:05:44.782876+00:00', try_number=1, map_index=-1) to executor with priority 6 and queue default
2022-07-02 21:35:45,969 INFO - Adding to queue: ['airflow', 'tasks', 'run', 'ai_cluster', 'create_job_flow', 'manual__2022-07-02T16:05:44.782876+00:00', '--local', '--subdir', 'DAGS_FOLDER/itvghapipeline.py']
2022-07-02 21:35:45,970 INFO - Executing command: ['airflow', 'tasks', 'run', 'ai_cluster', 'create_job_flow', 'manual__2022-07-02T16:05:44.782876+00:00', '--local', '--subdir', 'DAGS_FOLDER/itvghapipeline.py']
2022-07-02 21:35:48,812 ERROR - Failed to execute task Command '['airflow', 'tasks', 'run', 'ai_cluster', 'create_job_flow', 'manual__2022-07-02T16:05:44.782876+00:00', '--local', '--subdir', 'DAGS_FOLDER/itvghapipeline.py']' returned non-zero exit status 1..
2022-07-02 21:35:48,815 INFO - Executor reports execution of ai_cluster.create_job_flow run_id=manual__2022-07-02T16:05:44.782876+00:00 exited with status failed for try_number 1
2022-07-02 21:35:48,822 INFO - TaskInstance Finished: dag_id=ai_cluster, task_id=create_job_flow, run_id=manual__2022-07-02T16:05:44.782876+00:00, map_index=-1, run_start_date=2022-07-02 16:05:46.806796+00:00, run_end_date=2022-07-02 16:05:48.596818+00:00, run_duration=1.790022, state=success, executor_state=failed, try_number=1, max_tries=0, job_id=6, pool=default_pool, queue=default, priority_weight=6, operator=EmrCreateJobFlowOperator, queued_dttm=2022-07-02 16:05:45.967710+00:00, queued_by_job_id=2, pid=81041
2022-07-02 21:35:49,684 INFO - 2 tasks up for execution:
	<TaskInstance: ai_cluster.check_job_flow manual__2022-07-02T16:05:44.782876+00:00 [scheduled]>
	<TaskInstance: ai_cluster.check_job_flow_terminate manual__2022-07-02T16:05:44.782876+00:00 [scheduled]>
2022-07-02 21:35:49,684 INFO - DAG ai_cluster has 0/16 running and queued tasks
2022-07-02 21:35:49,685 INFO - DAG ai_cluster has 1/16 running and queued tasks
2022-07-02 21:35:49,685 INFO - Setting the following tasks to queued state:
	<TaskInstance: ai_cluster.check_job_flow manual__2022-07-02T16:05:44.782876+00:00 [scheduled]>
	<TaskInstance: ai_cluster.check_job_flow_terminate manual__2022-07-02T16:05:44.782876+00:00 [scheduled]>
2022-07-02 21:35:49,687 INFO - Sending TaskInstanceKey(dag_id='ai_cluster', task_id='check_job_flow', run_id='manual__2022-07-02T16:05:44.782876+00:00', try_number=1, map_index=-1) to executor with priority 4 and queue default
2022-07-02 21:35:49,687 INFO - Adding to queue: ['airflow', 'tasks', 'run', 'ai_cluster', 'check_job_flow', 'manual__2022-07-02T16:05:44.782876+00:00', '--local', '--subdir', 'DAGS_FOLDER/itvghapipeline.py']
2022-07-02 21:35:49,687 INFO - Sending TaskInstanceKey(dag_id='ai_cluster', task_id='check_job_flow_terminate', run_id='manual__2022-07-02T16:05:44.782876+00:00', try_number=1, map_index=-1) to executor with priority 1 and queue default
2022-07-02 21:35:49,688 INFO - Adding to queue: ['airflow', 'tasks', 'run', 'ai_cluster', 'check_job_flow_terminate', 'manual__2022-07-02T16:05:44.782876+00:00', '--local', '--subdir', 'DAGS_FOLDER/itvghapipeline.py']
2022-07-02 21:35:49,689 INFO - Executing command: ['airflow', 'tasks', 'run', 'ai_cluster', 'check_job_flow', 'manual__2022-07-02T16:05:44.782876+00:00', '--local', '--subdir', 'DAGS_FOLDER/itvghapipeline.py']
2022-07-02 21:48:05,180 ERROR - Failed to execute task Command '['airflow', 'tasks', 'run', 'ai_cluster', 'check_job_flow', 'manual__2022-07-02T16:05:44.782876+00:00', '--local', '--subdir', 'DAGS_FOLDER/itvghapipeline.py']' returned non-zero exit status 1..
2022-07-02 21:48:05,181 INFO - Executing command: ['airflow', 'tasks', 'run', 'ai_cluster', 'check_job_flow_terminate', 'manual__2022-07-02T16:05:44.782876+00:00', '--local', '--subdir', 'DAGS_FOLDER/itvghapipeline.py']
2022-07-02 21:48:07,568 INFO - Executor reports execution of ai_cluster.check_job_flow run_id=manual__2022-07-02T16:05:44.782876+00:00 exited with status failed for try_number 1
2022-07-02 21:48:07,570 INFO - Executor reports execution of ai_cluster.check_job_flow_terminate run_id=manual__2022-07-02T16:05:44.782876+00:00 exited with status success for try_number 1
2022-07-02 21:48:07,577 INFO - TaskInstance Finished: dag_id=ai_cluster, task_id=check_job_flow, run_id=manual__2022-07-02T16:05:44.782876+00:00, map_index=-1, run_start_date=2022-07-02 16:05:50.553465+00:00, run_end_date=2022-07-02 16:18:04.989217+00:00, run_duration=734.435752, state=success, executor_state=failed, try_number=1, max_tries=0, job_id=7, pool=default_pool, queue=default, priority_weight=4, operator=EmrJobFlowSensor, queued_dttm=2022-07-02 16:05:49.686014+00:00, queued_by_job_id=2, pid=81112
2022-07-02 21:48:07,578 INFO - TaskInstance Finished: dag_id=ai_cluster, task_id=check_job_flow_terminate, run_id=manual__2022-07-02T16:05:44.782876+00:00, map_index=-1, run_start_date=2022-07-02 16:18:05.957489+00:00, run_end_date=2022-07-02 16:18:07.341291+00:00, run_duration=1.383802, state=success, executor_state=success, try_number=1, max_tries=0, job_id=8, pool=default_pool, queue=default, priority_weight=1, operator=EmrJobFlowSensor, queued_dttm=2022-07-02 16:05:49.686014+00:00, queued_by_job_id=2, pid=91044
2022-07-02 21:48:07,590 ERROR - DagFileProcessorManager (PID=1767) last sent a heartbeat 737.81 seconds ago! Restarting it
2022-07-02 21:48:07,605 INFO - Sending Signals.SIGTERM to group 1767. PIDs of all processes in the group: [1767]
2022-07-02 21:48:07,606 INFO - Sending the signal Signals.SIGTERM to group 1767
2022-07-02 21:48:07,783 INFO - Process psutil.Process(pid=1767, status='terminated', exitcode=0, started='20:02:04') (1767) terminated with exit code 0
2022-07-02 21:48:07,788 INFO - Launched DagFileProcessorManager with pid: 91074
2022-07-02 21:48:07,809 INFO - Resetting orphaned tasks for active dag runs
2022-07-02 21:48:07,812 INFO - Marked 1 SchedulerJob instances as failed
2022-07-02 21:48:09,131 INFO - 1 tasks up for execution:
	<TaskInstance: ai_cluster.add_steps manual__2022-07-02T16:05:44.782876+00:00 [scheduled]>
2022-07-02 21:48:09,131 INFO - DAG ai_cluster has 0/16 running and queued tasks
2022-07-02 21:48:09,132 INFO - Setting the following tasks to queued state:
	<TaskInstance: ai_cluster.add_steps manual__2022-07-02T16:05:44.782876+00:00 [scheduled]>
2022-07-02 21:48:09,133 INFO - Sending TaskInstanceKey(dag_id='ai_cluster', task_id='add_steps', run_id='manual__2022-07-02T16:05:44.782876+00:00', try_number=1, map_index=-1) to executor with priority 3 and queue default
2022-07-02 21:48:09,134 INFO - Adding to queue: ['airflow', 'tasks', 'run', 'ai_cluster', 'add_steps', 'manual__2022-07-02T16:05:44.782876+00:00', '--local', '--subdir', 'DAGS_FOLDER/itvghapipeline.py']
2022-07-02 21:48:09,135 INFO - Executing command: ['airflow', 'tasks', 'run', 'ai_cluster', 'add_steps', 'manual__2022-07-02T16:05:44.782876+00:00', '--local', '--subdir', 'DAGS_FOLDER/itvghapipeline.py']
2022-07-02 21:48:11,880 ERROR - Failed to execute task Command '['airflow', 'tasks', 'run', 'ai_cluster', 'add_steps', 'manual__2022-07-02T16:05:44.782876+00:00', '--local', '--subdir', 'DAGS_FOLDER/itvghapipeline.py']' returned non-zero exit status 1..
2022-07-02 21:48:11,884 INFO - Executor reports execution of ai_cluster.add_steps run_id=manual__2022-07-02T16:05:44.782876+00:00 exited with status failed for try_number 1
2022-07-02 21:48:11,891 INFO - TaskInstance Finished: dag_id=ai_cluster, task_id=add_steps, run_id=manual__2022-07-02T16:05:44.782876+00:00, map_index=-1, run_start_date=2022-07-02 16:18:10.477763+00:00, run_end_date=2022-07-02 16:18:11.618044+00:00, run_duration=1.140281, state=failed, executor_state=failed, try_number=1, max_tries=0, job_id=9, pool=default_pool, queue=default, priority_weight=3, operator=EmrAddStepsOperator, queued_dttm=2022-07-02 16:18:09.132854+00:00, queued_by_job_id=2, pid=91132
2022-07-02 21:48:15,508 ERROR - Marking run <DagRun ai_cluster @ 2022-07-02 16:05:44.782876+00:00: manual__2022-07-02T16:05:44.782876+00:00, externally triggered: True> failed
2022-07-02 21:48:15,509 INFO - DagRun Finished: dag_id=ai_cluster, execution_date=2022-07-02 16:05:44.782876+00:00, run_id=manual__2022-07-02T16:05:44.782876+00:00, run_start_date=2022-07-02 16:05:45.950167+00:00, run_end_date=2022-07-02 16:18:15.509234+00:00, run_duration=749.559067, state=failed, external_trigger=True, run_type=manual, data_interval_start=2022-07-02 16:05:44.782876+00:00, data_interval_end=2022-07-02 16:05:44.782876+00:00, dag_hash=e390dc6dd685e8a3ecd5be2de03580c9
2022-07-02 21:48:15,511 INFO - Setting next_dagrun for ai_cluster to None, run_after=None
2022-07-02 21:51:54,443 INFO - 1 tasks up for execution:
	<TaskInstance: ai_cluster.create_job_flow manual__2022-07-02T16:21:53.958512+00:00 [scheduled]>
2022-07-02 21:51:54,444 INFO - DAG ai_cluster has 0/16 running and queued tasks
2022-07-02 21:51:54,444 INFO - Setting the following tasks to queued state:
	<TaskInstance: ai_cluster.create_job_flow manual__2022-07-02T16:21:53.958512+00:00 [scheduled]>
2022-07-02 21:51:54,446 INFO - Sending TaskInstanceKey(dag_id='ai_cluster', task_id='create_job_flow', run_id='manual__2022-07-02T16:21:53.958512+00:00', try_number=1, map_index=-1) to executor with priority 6 and queue default
2022-07-02 21:51:54,446 INFO - Adding to queue: ['airflow', 'tasks', 'run', 'ai_cluster', 'create_job_flow', 'manual__2022-07-02T16:21:53.958512+00:00', '--local', '--subdir', 'DAGS_FOLDER/itvghapipeline.py']
2022-07-02 21:51:54,448 INFO - Executing command: ['airflow', 'tasks', 'run', 'ai_cluster', 'create_job_flow', 'manual__2022-07-02T16:21:53.958512+00:00', '--local', '--subdir', 'DAGS_FOLDER/itvghapipeline.py']
2022-07-02 21:51:57,181 ERROR - Failed to execute task Command '['airflow', 'tasks', 'run', 'ai_cluster', 'create_job_flow', 'manual__2022-07-02T16:21:53.958512+00:00', '--local', '--subdir', 'DAGS_FOLDER/itvghapipeline.py']' returned non-zero exit status 1..
2022-07-02 21:51:57,183 INFO - Executor reports execution of ai_cluster.create_job_flow run_id=manual__2022-07-02T16:21:53.958512+00:00 exited with status failed for try_number 1
2022-07-02 21:51:57,190 INFO - TaskInstance Finished: dag_id=ai_cluster, task_id=create_job_flow, run_id=manual__2022-07-02T16:21:53.958512+00:00, map_index=-1, run_start_date=2022-07-02 16:21:55.218295+00:00, run_end_date=2022-07-02 16:21:56.976688+00:00, run_duration=1.758393, state=success, executor_state=failed, try_number=1, max_tries=0, job_id=10, pool=default_pool, queue=default, priority_weight=6, operator=EmrCreateJobFlowOperator, queued_dttm=2022-07-02 16:21:54.445475+00:00, queued_by_job_id=2, pid=94393
2022-07-02 21:51:58,005 INFO - 1 tasks up for execution:
	<TaskInstance: ai_cluster.check_job_flow manual__2022-07-02T16:21:53.958512+00:00 [scheduled]>
2022-07-02 21:51:58,005 INFO - DAG ai_cluster has 0/16 running and queued tasks
2022-07-02 21:51:58,006 INFO - Setting the following tasks to queued state:
	<TaskInstance: ai_cluster.check_job_flow manual__2022-07-02T16:21:53.958512+00:00 [scheduled]>
2022-07-02 21:51:58,008 INFO - Sending TaskInstanceKey(dag_id='ai_cluster', task_id='check_job_flow', run_id='manual__2022-07-02T16:21:53.958512+00:00', try_number=1, map_index=-1) to executor with priority 5 and queue default
2022-07-02 21:51:58,008 INFO - Adding to queue: ['airflow', 'tasks', 'run', 'ai_cluster', 'check_job_flow', 'manual__2022-07-02T16:21:53.958512+00:00', '--local', '--subdir', 'DAGS_FOLDER/itvghapipeline.py']
2022-07-02 21:51:58,009 INFO - Executing command: ['airflow', 'tasks', 'run', 'ai_cluster', 'check_job_flow', 'manual__2022-07-02T16:21:53.958512+00:00', '--local', '--subdir', 'DAGS_FOLDER/itvghapipeline.py']
2022-07-02 22:02:49,030 INFO - Executor reports execution of ai_cluster.check_job_flow run_id=manual__2022-07-02T16:21:53.958512+00:00 exited with status success for try_number 1
2022-07-02 22:02:49,038 INFO - TaskInstance Finished: dag_id=ai_cluster, task_id=check_job_flow, run_id=manual__2022-07-02T16:21:53.958512+00:00, map_index=-1, run_start_date=2022-07-02 16:21:58.843508+00:00, run_end_date=2022-07-02 16:32:44.964883+00:00, run_duration=646.121375, state=failed, executor_state=success, try_number=1, max_tries=0, job_id=11, pool=default_pool, queue=default, priority_weight=5, operator=EmrJobFlowSensor, queued_dttm=2022-07-02 16:21:58.006825+00:00, queued_by_job_id=2, pid=94444
2022-07-02 22:02:49,049 ERROR - DagFileProcessorManager (PID=91074) last sent a heartbeat 651.04 seconds ago! Restarting it
2022-07-02 22:02:49,064 INFO - Sending Signals.SIGTERM to group 91074. PIDs of all processes in the group: [91074]
2022-07-02 22:02:49,065 INFO - Sending the signal Signals.SIGTERM to group 91074
2022-07-02 22:02:49,240 INFO - Process psutil.Process(pid=91074, status='terminated', exitcode=0, started='21:48:07') (91074) terminated with exit code 0
2022-07-02 22:02:49,245 INFO - Launched DagFileProcessorManager with pid: 3704
2022-07-02 22:02:49,265 INFO - Resetting orphaned tasks for active dag runs
2022-07-02 22:02:49,267 INFO - Marked 1 SchedulerJob instances as failed
2022-07-02 22:02:58,142 ERROR - Marking run <DagRun ai_cluster @ 2022-07-02 16:21:53.958512+00:00: manual__2022-07-02T16:21:53.958512+00:00, externally triggered: True> failed
2022-07-02 22:02:58,143 INFO - DagRun Finished: dag_id=ai_cluster, execution_date=2022-07-02 16:21:53.958512+00:00, run_id=manual__2022-07-02T16:21:53.958512+00:00, run_start_date=2022-07-02 16:21:54.427509+00:00, run_end_date=2022-07-02 16:32:58.143208+00:00, run_duration=663.715699, state=failed, external_trigger=True, run_type=manual, data_interval_start=2022-07-02 16:21:53.958512+00:00, data_interval_end=2022-07-02 16:21:53.958512+00:00, dag_hash=c41876772e3fb58b96f16fff1323b739
2022-07-02 22:02:58,145 INFO - Setting next_dagrun for ai_cluster to None, run_after=None
2022-07-02 22:07:50,043 INFO - Resetting orphaned tasks for active dag runs
2022-07-02 22:12:50,149 INFO - Resetting orphaned tasks for active dag runs
2022-07-02 22:17:51,022 INFO - Resetting orphaned tasks for active dag runs
2022-07-02 22:22:51,867 INFO - Resetting orphaned tasks for active dag runs
2022-07-03 09:17:13,129 INFO - Resetting orphaned tasks for active dag runs
2022-07-03 09:53:20,396 INFO - Resetting orphaned tasks for active dag runs
2022-07-03 09:58:20,430 INFO - Resetting orphaned tasks for active dag runs
2022-07-03 10:03:20,461 INFO - Resetting orphaned tasks for active dag runs
2022-07-03 10:08:20,919 INFO - Resetting orphaned tasks for active dag runs
2022-07-03 10:13:20,960 INFO - Resetting orphaned tasks for active dag runs
2022-07-03 10:18:20,993 INFO - Resetting orphaned tasks for active dag runs
2022-07-03 10:23:21,055 INFO - Resetting orphaned tasks for active dag runs
2022-07-03 10:28:21,091 INFO - Resetting orphaned tasks for active dag runs
2022-07-03 10:33:21,127 INFO - Resetting orphaned tasks for active dag runs
2022-07-03 10:38:21,101 INFO - Resetting orphaned tasks for active dag runs
2022-07-03 10:43:21,137 INFO - Resetting orphaned tasks for active dag runs
2022-07-03 10:48:21,170 INFO - Resetting orphaned tasks for active dag runs
2022-07-03 10:53:21,126 INFO - Resetting orphaned tasks for active dag runs
2022-07-03 10:58:21,160 INFO - Resetting orphaned tasks for active dag runs
2022-07-03 11:03:21,192 INFO - Resetting orphaned tasks for active dag runs
2022-07-03 11:08:21,280 INFO - Resetting orphaned tasks for active dag runs
2022-07-03 11:13:21,312 INFO - Resetting orphaned tasks for active dag runs
2022-07-03 11:18:21,344 INFO - Resetting orphaned tasks for active dag runs
2022-07-03 11:23:21,417 INFO - Resetting orphaned tasks for active dag runs
2022-07-03 11:28:21,456 INFO - Resetting orphaned tasks for active dag runs
2022-07-03 11:33:21,490 INFO - Resetting orphaned tasks for active dag runs
2022-07-03 11:38:21,523 INFO - Resetting orphaned tasks for active dag runs
2022-07-03 11:43:21,555 INFO - Resetting orphaned tasks for active dag runs
2022-07-03 11:48:21,588 INFO - Resetting orphaned tasks for active dag runs
2022-07-03 11:53:21,670 INFO - Resetting orphaned tasks for active dag runs
2022-07-03 11:58:21,710 INFO - Resetting orphaned tasks for active dag runs
2022-07-03 19:59:30,872 INFO - Resetting orphaned tasks for active dag runs
2022-07-03 20:04:30,895 INFO - Resetting orphaned tasks for active dag runs
2022-07-03 20:09:30,930 INFO - Resetting orphaned tasks for active dag runs
2022-07-03 20:14:30,844 INFO - Resetting orphaned tasks for active dag runs
2022-07-03 20:19:30,876 INFO - Resetting orphaned tasks for active dag runs
2022-07-03 20:24:30,906 INFO - Resetting orphaned tasks for active dag runs
2022-07-03 20:29:30,848 INFO - Resetting orphaned tasks for active dag runs
2022-07-03 20:34:30,878 INFO - Resetting orphaned tasks for active dag runs
2022-07-03 20:39:30,905 INFO - Resetting orphaned tasks for active dag runs
2022-07-03 20:44:30,927 INFO - Resetting orphaned tasks for active dag runs
2022-07-03 20:49:30,953 INFO - Resetting orphaned tasks for active dag runs
2022-07-03 20:54:30,983 INFO - Resetting orphaned tasks for active dag runs
2022-07-03 20:59:31,013 INFO - Resetting orphaned tasks for active dag runs
2022-07-03 21:11:44,101 INFO - Resetting orphaned tasks for active dag runs
2022-07-03 21:16:44,134 INFO - Resetting orphaned tasks for active dag runs
2022-07-03 21:21:44,166 INFO - Resetting orphaned tasks for active dag runs
2022-07-03 21:26:44,236 INFO - Resetting orphaned tasks for active dag runs
2022-07-03 21:31:44,270 INFO - Resetting orphaned tasks for active dag runs
2022-07-03 21:36:44,299 INFO - Resetting orphaned tasks for active dag runs
2022-07-03 21:41:44,284 INFO - Resetting orphaned tasks for active dag runs
2022-07-03 21:46:44,316 INFO - Resetting orphaned tasks for active dag runs
2022-07-03 21:51:44,347 INFO - Resetting orphaned tasks for active dag runs
2022-07-03 21:56:44,307 INFO - Resetting orphaned tasks for active dag runs
2022-07-03 22:01:44,331 INFO - Resetting orphaned tasks for active dag runs
2022-07-03 22:06:44,354 INFO - Resetting orphaned tasks for active dag runs
2022-07-03 22:11:44,391 INFO - Resetting orphaned tasks for active dag runs
2022-07-04 05:15:41,475 INFO - Resetting orphaned tasks for active dag runs
2022-07-04 05:15:41,480 INFO - Marked 1 SchedulerJob instances as failed
2022-07-04 07:15:18,486 INFO - Resetting orphaned tasks for active dag runs
2022-07-04 07:20:18,508 INFO - Resetting orphaned tasks for active dag runs
2022-07-04 07:25:18,531 INFO - Resetting orphaned tasks for active dag runs
2022-07-04 07:30:18,610 INFO - Resetting orphaned tasks for active dag runs
2022-07-04 07:35:18,634 INFO - Resetting orphaned tasks for active dag runs
2022-07-04 07:40:18,657 INFO - Resetting orphaned tasks for active dag runs
2022-07-04 07:45:18,732 INFO - Resetting orphaned tasks for active dag runs
2022-07-04 07:50:18,760 INFO - Resetting orphaned tasks for active dag runs
2022-07-04 07:55:18,788 INFO - Resetting orphaned tasks for active dag runs
2022-07-04 08:00:18,819 INFO - Resetting orphaned tasks for active dag runs
2022-07-04 08:05:18,845 INFO - Resetting orphaned tasks for active dag runs
2022-07-04 08:27:23,975 INFO - Resetting orphaned tasks for active dag runs
2022-07-04 08:32:24,021 INFO - Resetting orphaned tasks for active dag runs
2022-07-04 08:37:24,050 INFO - Resetting orphaned tasks for active dag runs
2022-07-04 08:42:25,244 INFO - Resetting orphaned tasks for active dag runs
2022-07-04 08:47:25,273 INFO - Resetting orphaned tasks for active dag runs
2022-07-04 08:52:25,305 INFO - Resetting orphaned tasks for active dag runs
2022-07-04 08:57:25,350 INFO - Resetting orphaned tasks for active dag runs
2022-07-04 09:02:25,384 INFO - Resetting orphaned tasks for active dag runs
2022-07-04 09:07:25,663 INFO - Resetting orphaned tasks for active dag runs
2022-07-04 09:12:25,711 INFO - Resetting orphaned tasks for active dag runs
2022-07-04 09:17:25,745 INFO - Resetting orphaned tasks for active dag runs
2022-07-04 09:22:25,776 INFO - Resetting orphaned tasks for active dag runs
2022-07-04 09:27:25,837 INFO - Resetting orphaned tasks for active dag runs
2022-07-04 09:32:25,873 INFO - Resetting orphaned tasks for active dag runs
2022-07-04 09:37:25,909 INFO - Resetting orphaned tasks for active dag runs
2022-07-04 09:42:26,016 INFO - Resetting orphaned tasks for active dag runs
2022-07-04 09:47:26,054 INFO - Resetting orphaned tasks for active dag runs
2022-07-04 09:52:26,094 INFO - Resetting orphaned tasks for active dag runs
2022-07-04 09:57:26,134 INFO - Resetting orphaned tasks for active dag runs
2022-07-04 10:02:27,083 INFO - Resetting orphaned tasks for active dag runs
2022-07-04 10:07:27,121 INFO - Resetting orphaned tasks for active dag runs
2022-07-04 10:12:27,162 INFO - Resetting orphaned tasks for active dag runs
2022-07-04 10:17:27,156 INFO - Resetting orphaned tasks for active dag runs
2022-07-04 10:22:27,176 INFO - Resetting orphaned tasks for active dag runs
2022-07-04 10:27:27,208 INFO - Resetting orphaned tasks for active dag runs
2022-07-04 10:32:27,175 INFO - Resetting orphaned tasks for active dag runs
2022-07-04 10:37:27,204 INFO - Resetting orphaned tasks for active dag runs
2022-07-04 10:42:27,217 INFO - Resetting orphaned tasks for active dag runs
2022-07-04 10:47:27,218 INFO - Resetting orphaned tasks for active dag runs
2022-07-04 10:52:27,255 INFO - Resetting orphaned tasks for active dag runs
2022-07-04 10:57:27,283 INFO - Resetting orphaned tasks for active dag runs
2022-07-04 11:02:27,391 INFO - Resetting orphaned tasks for active dag runs
2022-07-04 11:07:27,424 INFO - Resetting orphaned tasks for active dag runs
2022-07-04 11:12:27,457 INFO - Resetting orphaned tasks for active dag runs
2022-07-04 11:17:27,534 INFO - Resetting orphaned tasks for active dag runs
2022-07-04 11:22:27,572 INFO - Resetting orphaned tasks for active dag runs
2022-07-04 11:27:27,611 INFO - Resetting orphaned tasks for active dag runs
2022-07-04 11:32:27,651 INFO - Resetting orphaned tasks for active dag runs
2022-07-04 11:37:27,688 INFO - Resetting orphaned tasks for active dag runs
2022-07-04 11:42:27,728 INFO - Resetting orphaned tasks for active dag runs
2022-07-04 11:47:27,806 INFO - Resetting orphaned tasks for active dag runs
2022-07-04 11:52:27,847 INFO - Resetting orphaned tasks for active dag runs
2022-07-04 11:57:27,889 INFO - Resetting orphaned tasks for active dag runs
2022-07-04 12:02:27,958 INFO - Resetting orphaned tasks for active dag runs
2022-07-04 12:07:28,000 INFO - Resetting orphaned tasks for active dag runs
2022-07-04 12:12:28,039 INFO - Resetting orphaned tasks for active dag runs
2022-07-04 12:17:28,091 INFO - Resetting orphaned tasks for active dag runs
2022-07-04 12:22:28,134 INFO - Resetting orphaned tasks for active dag runs
2022-07-04 12:27:28,177 INFO - Resetting orphaned tasks for active dag runs
2022-07-04 12:32:28,088 INFO - Resetting orphaned tasks for active dag runs
2022-07-04 12:37:28,119 INFO - Resetting orphaned tasks for active dag runs
2022-07-04 12:42:28,147 INFO - Resetting orphaned tasks for active dag runs
2022-07-04 12:47:28,034 INFO - Resetting orphaned tasks for active dag runs
2022-07-04 12:52:28,050 INFO - Resetting orphaned tasks for active dag runs
2022-07-04 12:57:28,066 INFO - Resetting orphaned tasks for active dag runs
2022-07-04 13:02:27,989 INFO - Resetting orphaned tasks for active dag runs
2022-07-04 13:07:28,001 INFO - Resetting orphaned tasks for active dag runs
2022-07-04 13:12:28,017 INFO - Resetting orphaned tasks for active dag runs
2022-07-04 16:29:42,399 INFO - Resetting orphaned tasks for active dag runs
2022-07-04 16:29:42,403 INFO - Marked 1 SchedulerJob instances as failed
2022-07-04 16:34:42,439 INFO - Resetting orphaned tasks for active dag runs
2022-07-04 16:39:42,480 INFO - Resetting orphaned tasks for active dag runs
2022-07-04 16:44:42,518 INFO - Resetting orphaned tasks for active dag runs
2022-07-04 16:49:42,402 INFO - Resetting orphaned tasks for active dag runs
2022-07-04 16:54:42,429 INFO - Resetting orphaned tasks for active dag runs
2022-07-04 16:59:42,455 INFO - Resetting orphaned tasks for active dag runs
2022-07-04 17:04:42,481 INFO - Resetting orphaned tasks for active dag runs
2022-07-04 17:09:42,508 INFO - Resetting orphaned tasks for active dag runs
2022-07-04 17:14:42,536 INFO - Resetting orphaned tasks for active dag runs
2022-07-04 17:19:42,701 INFO - Resetting orphaned tasks for active dag runs
2022-07-04 17:24:42,728 INFO - Resetting orphaned tasks for active dag runs
2022-07-04 17:35:44,335 INFO - Resetting orphaned tasks for active dag runs
2022-07-04 17:40:44,365 INFO - Resetting orphaned tasks for active dag runs
2022-07-04 17:58:29,886 INFO - Resetting orphaned tasks for active dag runs
2022-07-04 18:03:29,918 INFO - Resetting orphaned tasks for active dag runs
2022-07-04 18:08:29,947 INFO - Resetting orphaned tasks for active dag runs
2022-07-04 18:13:29,990 INFO - Resetting orphaned tasks for active dag runs
2022-07-04 18:18:30,968 INFO - Resetting orphaned tasks for active dag runs
2022-07-04 18:23:31,004 INFO - Resetting orphaned tasks for active dag runs
2022-07-04 18:28:31,052 INFO - Resetting orphaned tasks for active dag runs
2022-07-04 18:33:31,096 INFO - Resetting orphaned tasks for active dag runs
2022-07-04 18:38:31,127 INFO - Resetting orphaned tasks for active dag runs
2022-07-04 18:43:31,149 INFO - Resetting orphaned tasks for active dag runs
2022-07-04 18:48:31,168 INFO - Resetting orphaned tasks for active dag runs
2022-07-04 18:53:31,201 INFO - Resetting orphaned tasks for active dag runs
2022-07-04 21:47:27,821 INFO - Resetting orphaned tasks for active dag runs
2022-07-04 21:52:27,845 INFO - Resetting orphaned tasks for active dag runs
2022-07-05 00:57:05,353 INFO - Resetting orphaned tasks for active dag runs
2022-07-05 00:57:05,368 INFO - Marked 1 SchedulerJob instances as failed
2022-07-05 03:12:21,344 INFO - Resetting orphaned tasks for active dag runs
2022-07-05 03:17:21,384 INFO - Resetting orphaned tasks for active dag runs
2022-07-05 04:21:53,704 INFO - Resetting orphaned tasks for active dag runs
2022-07-05 04:26:53,743 INFO - Resetting orphaned tasks for active dag runs
2022-07-05 07:01:28,812 INFO - Resetting orphaned tasks for active dag runs
2022-07-05 07:06:28,842 INFO - Resetting orphaned tasks for active dag runs
2022-07-05 07:11:28,873 INFO - Resetting orphaned tasks for active dag runs
2022-07-05 07:16:28,902 INFO - Resetting orphaned tasks for active dag runs
2022-07-05 07:21:28,938 INFO - Resetting orphaned tasks for active dag runs
2022-07-05 07:26:28,972 INFO - Resetting orphaned tasks for active dag runs
2022-07-05 07:31:29,008 INFO - Resetting orphaned tasks for active dag runs
2022-07-05 07:36:29,038 INFO - Resetting orphaned tasks for active dag runs
2022-07-05 07:41:29,074 INFO - Resetting orphaned tasks for active dag runs
2022-07-05 08:07:07,631 INFO - Resetting orphaned tasks for active dag runs
2022-07-05 08:07:07,634 INFO - Marked 1 SchedulerJob instances as failed
2022-07-05 08:12:07,661 INFO - Resetting orphaned tasks for active dag runs
2022-07-05 08:17:07,690 INFO - Resetting orphaned tasks for active dag runs
2022-07-05 08:22:07,718 INFO - Resetting orphaned tasks for active dag runs
2022-07-05 08:27:07,976 INFO - Resetting orphaned tasks for active dag runs
2022-07-05 08:32:07,998 INFO - Resetting orphaned tasks for active dag runs
2022-07-05 08:37:08,028 INFO - Resetting orphaned tasks for active dag runs
2022-07-05 08:42:08,042 INFO - Resetting orphaned tasks for active dag runs
2022-07-05 08:47:08,064 INFO - Resetting orphaned tasks for active dag runs
2022-07-05 08:52:08,088 INFO - Resetting orphaned tasks for active dag runs
2022-07-05 08:57:08,153 INFO - Resetting orphaned tasks for active dag runs
2022-07-05 09:02:08,174 INFO - Resetting orphaned tasks for active dag runs
2022-07-05 09:07:08,200 INFO - Resetting orphaned tasks for active dag runs
2022-07-05 09:12:08,303 INFO - Resetting orphaned tasks for active dag runs
2022-07-05 09:17:08,332 INFO - Resetting orphaned tasks for active dag runs
2022-07-05 09:22:08,362 INFO - Resetting orphaned tasks for active dag runs
2022-07-05 09:27:08,455 INFO - Resetting orphaned tasks for active dag runs
2022-07-05 09:32:08,489 INFO - Resetting orphaned tasks for active dag runs
2022-07-05 09:37:08,520 INFO - Resetting orphaned tasks for active dag runs
2022-07-05 09:42:08,527 INFO - Resetting orphaned tasks for active dag runs
2022-07-05 09:47:08,560 INFO - Resetting orphaned tasks for active dag runs
2022-07-05 09:52:08,586 INFO - Resetting orphaned tasks for active dag runs
2022-07-05 09:57:08,634 INFO - Resetting orphaned tasks for active dag runs
2022-07-05 10:02:08,664 INFO - Resetting orphaned tasks for active dag runs
2022-07-05 10:07:08,693 INFO - Resetting orphaned tasks for active dag runs
2022-07-05 10:12:08,744 INFO - Resetting orphaned tasks for active dag runs
2022-07-05 10:17:08,775 INFO - Resetting orphaned tasks for active dag runs
2022-07-05 10:22:08,803 INFO - Resetting orphaned tasks for active dag runs
2022-07-05 10:27:08,809 INFO - Resetting orphaned tasks for active dag runs
2022-07-05 10:32:08,842 INFO - Resetting orphaned tasks for active dag runs
2022-07-05 10:37:08,878 INFO - Resetting orphaned tasks for active dag runs
2022-07-05 10:42:08,983 INFO - Resetting orphaned tasks for active dag runs
2022-07-05 10:47:09,030 INFO - Resetting orphaned tasks for active dag runs
2022-07-05 10:52:09,070 INFO - Resetting orphaned tasks for active dag runs
2022-07-05 10:57:09,147 INFO - Resetting orphaned tasks for active dag runs
2022-07-05 11:02:09,183 INFO - Resetting orphaned tasks for active dag runs
2022-07-05 11:07:09,218 INFO - Resetting orphaned tasks for active dag runs
2022-07-05 11:12:09,216 INFO - Resetting orphaned tasks for active dag runs
2022-07-05 11:17:09,248 INFO - Resetting orphaned tasks for active dag runs
2022-07-05 11:22:09,260 INFO - Resetting orphaned tasks for active dag runs
2022-07-05 11:27:09,270 INFO - Resetting orphaned tasks for active dag runs
2022-07-05 11:32:09,299 INFO - Resetting orphaned tasks for active dag runs
2022-07-05 11:37:09,331 INFO - Resetting orphaned tasks for active dag runs
2022-07-05 11:42:09,361 INFO - Resetting orphaned tasks for active dag runs
2022-07-05 11:47:09,389 INFO - Resetting orphaned tasks for active dag runs
2022-07-05 11:52:09,420 INFO - Resetting orphaned tasks for active dag runs
2022-07-05 11:57:09,429 INFO - Resetting orphaned tasks for active dag runs
2022-07-05 12:02:09,449 INFO - Resetting orphaned tasks for active dag runs
2022-07-05 12:07:09,476 INFO - Resetting orphaned tasks for active dag runs
2022-07-05 12:12:09,503 INFO - Resetting orphaned tasks for active dag runs
2022-07-05 12:17:09,516 INFO - Resetting orphaned tasks for active dag runs
2022-07-05 12:22:09,543 INFO - Resetting orphaned tasks for active dag runs
2022-07-05 12:27:09,569 INFO - Resetting orphaned tasks for active dag runs
2022-07-05 12:32:09,598 INFO - Resetting orphaned tasks for active dag runs
2022-07-05 12:37:09,636 INFO - Resetting orphaned tasks for active dag runs
2022-07-05 12:42:09,667 INFO - Resetting orphaned tasks for active dag runs
2022-07-05 12:58:15,680 INFO - Resetting orphaned tasks for active dag runs
2022-07-05 13:03:15,713 INFO - Resetting orphaned tasks for active dag runs
2022-07-05 13:08:15,746 INFO - Resetting orphaned tasks for active dag runs
2022-07-05 13:13:15,843 INFO - Resetting orphaned tasks for active dag runs
2022-07-05 13:18:15,877 INFO - Resetting orphaned tasks for active dag runs
2022-07-05 13:23:15,909 INFO - Resetting orphaned tasks for active dag runs
2022-07-05 13:28:15,970 INFO - Resetting orphaned tasks for active dag runs
2022-07-05 13:33:16,008 INFO - Resetting orphaned tasks for active dag runs
2022-07-05 13:38:16,044 INFO - Resetting orphaned tasks for active dag runs
2022-07-05 13:43:16,051 INFO - Resetting orphaned tasks for active dag runs
2022-07-05 13:48:16,087 INFO - Resetting orphaned tasks for active dag runs
2022-07-05 13:53:16,123 INFO - Resetting orphaned tasks for active dag runs
2022-07-05 13:58:16,191 INFO - Resetting orphaned tasks for active dag runs
2022-07-05 14:03:16,212 INFO - Resetting orphaned tasks for active dag runs
2022-07-05 15:25:43,828 INFO - Resetting orphaned tasks for active dag runs
2022-07-05 15:30:43,870 INFO - Resetting orphaned tasks for active dag runs
2022-07-05 15:35:43,900 INFO - Resetting orphaned tasks for active dag runs
2022-07-05 15:40:43,958 INFO - Resetting orphaned tasks for active dag runs
2022-07-05 15:45:43,989 INFO - Resetting orphaned tasks for active dag runs
2022-07-05 15:50:44,020 INFO - Resetting orphaned tasks for active dag runs
2022-07-05 15:55:44,096 INFO - Resetting orphaned tasks for active dag runs
2022-07-05 16:00:44,132 INFO - Resetting orphaned tasks for active dag runs
2022-07-05 16:05:44,166 INFO - Resetting orphaned tasks for active dag runs
2022-07-05 16:10:44,235 INFO - Resetting orphaned tasks for active dag runs
2022-07-05 16:15:44,273 INFO - Resetting orphaned tasks for active dag runs
2022-07-05 16:20:44,309 INFO - Resetting orphaned tasks for active dag runs
2022-07-05 16:25:44,346 INFO - Resetting orphaned tasks for active dag runs
2022-07-05 16:30:44,391 INFO - Resetting orphaned tasks for active dag runs
2022-07-05 16:35:44,895 INFO - Resetting orphaned tasks for active dag runs
2022-07-05 16:40:44,872 INFO - Resetting orphaned tasks for active dag runs
2022-07-05 16:45:44,908 INFO - Resetting orphaned tasks for active dag runs
2022-07-05 16:50:44,942 INFO - Resetting orphaned tasks for active dag runs
2022-07-05 16:55:44,928 INFO - Resetting orphaned tasks for active dag runs
2022-07-05 17:00:44,960 INFO - Resetting orphaned tasks for active dag runs
2022-07-05 17:05:44,992 INFO - Resetting orphaned tasks for active dag runs
2022-07-05 17:10:45,054 INFO - Resetting orphaned tasks for active dag runs
2022-07-05 19:50:12,265 INFO - Resetting orphaned tasks for active dag runs
2022-07-05 19:55:12,300 INFO - Resetting orphaned tasks for active dag runs
2022-07-05 20:00:12,335 INFO - Resetting orphaned tasks for active dag runs
2022-07-05 20:05:12,386 INFO - Resetting orphaned tasks for active dag runs
2022-07-05 20:29:37,265 INFO - Resetting orphaned tasks for active dag runs
2022-07-05 20:34:37,292 INFO - Resetting orphaned tasks for active dag runs
2022-07-05 20:39:37,319 INFO - Resetting orphaned tasks for active dag runs
2022-07-05 20:44:37,346 INFO - Resetting orphaned tasks for active dag runs
2022-07-05 20:49:37,370 INFO - Resetting orphaned tasks for active dag runs
2022-07-05 20:54:37,397 INFO - Resetting orphaned tasks for active dag runs
2022-07-05 20:59:37,412 INFO - Resetting orphaned tasks for active dag runs
2022-07-05 21:04:37,442 INFO - Resetting orphaned tasks for active dag runs
2022-07-05 21:15:30,196 INFO - Resetting orphaned tasks for active dag runs
2022-07-05 21:20:30,220 INFO - Resetting orphaned tasks for active dag runs
2022-07-05 21:25:30,245 INFO - Resetting orphaned tasks for active dag runs
2022-07-05 21:30:30,288 INFO - Resetting orphaned tasks for active dag runs
2022-07-05 21:35:30,289 INFO - Resetting orphaned tasks for active dag runs
2022-07-05 21:40:30,315 INFO - Resetting orphaned tasks for active dag runs
2022-07-05 21:45:30,349 INFO - Resetting orphaned tasks for active dag runs
2022-07-06 03:31:51,534 INFO - Resetting orphaned tasks for active dag runs
2022-07-06 03:36:51,584 INFO - Resetting orphaned tasks for active dag runs
2022-07-06 03:41:51,616 INFO - Resetting orphaned tasks for active dag runs
2022-07-06 03:46:51,649 INFO - Resetting orphaned tasks for active dag runs
2022-07-06 03:51:51,745 INFO - Resetting orphaned tasks for active dag runs
2022-07-06 03:56:51,782 INFO - Resetting orphaned tasks for active dag runs
2022-07-06 04:01:51,816 INFO - Resetting orphaned tasks for active dag runs
2022-07-06 04:06:51,878 INFO - Resetting orphaned tasks for active dag runs
2022-07-06 04:11:51,913 INFO - Resetting orphaned tasks for active dag runs
2022-07-06 08:22:40,350 INFO - Resetting orphaned tasks for active dag runs
2022-07-06 08:27:40,374 INFO - Resetting orphaned tasks for active dag runs
2022-07-06 08:32:40,402 INFO - Resetting orphaned tasks for active dag runs
2022-07-06 08:37:40,555 INFO - Resetting orphaned tasks for active dag runs
2022-07-06 08:42:40,584 INFO - Resetting orphaned tasks for active dag runs
2022-07-06 08:47:40,614 INFO - Resetting orphaned tasks for active dag runs
2022-07-06 08:52:40,701 INFO - Resetting orphaned tasks for active dag runs
2022-07-06 08:57:40,731 INFO - Resetting orphaned tasks for active dag runs
2022-07-06 09:02:40,757 INFO - Resetting orphaned tasks for active dag runs
2022-07-06 09:07:40,786 INFO - Resetting orphaned tasks for active dag runs
2022-07-06 09:12:40,871 INFO - Resetting orphaned tasks for active dag runs
2022-07-06 09:17:41,698 INFO - Resetting orphaned tasks for active dag runs
2022-07-06 09:22:41,732 INFO - Resetting orphaned tasks for active dag runs
2022-07-06 09:27:41,767 INFO - Resetting orphaned tasks for active dag runs
2022-07-06 09:32:41,800 INFO - Resetting orphaned tasks for active dag runs
2022-07-06 09:37:41,830 INFO - Resetting orphaned tasks for active dag runs
2022-07-06 09:42:41,761 INFO - Resetting orphaned tasks for active dag runs
2022-07-06 09:47:41,795 INFO - Resetting orphaned tasks for active dag runs
2022-07-06 09:52:41,825 INFO - Resetting orphaned tasks for active dag runs
2022-07-06 09:57:41,929 INFO - Resetting orphaned tasks for active dag runs
2022-07-06 10:02:41,959 INFO - Resetting orphaned tasks for active dag runs
2022-07-06 10:07:41,990 INFO - Resetting orphaned tasks for active dag runs
2022-07-06 10:12:42,060 INFO - Resetting orphaned tasks for active dag runs
2022-07-06 10:17:42,094 INFO - Resetting orphaned tasks for active dag runs
2022-07-06 10:22:42,130 INFO - Resetting orphaned tasks for active dag runs
2022-07-06 10:27:42,201 INFO - Resetting orphaned tasks for active dag runs
2022-07-06 10:32:42,237 INFO - Resetting orphaned tasks for active dag runs
2022-07-06 10:37:42,272 INFO - Resetting orphaned tasks for active dag runs
2022-07-06 10:42:42,318 INFO - Resetting orphaned tasks for active dag runs
2022-07-06 10:47:42,349 INFO - Resetting orphaned tasks for active dag runs
2022-07-06 10:52:42,381 INFO - Resetting orphaned tasks for active dag runs
2022-07-06 10:57:42,376 INFO - Resetting orphaned tasks for active dag runs
2022-07-06 11:02:42,406 INFO - Resetting orphaned tasks for active dag runs
2022-07-06 11:07:42,436 INFO - Resetting orphaned tasks for active dag runs
2022-07-06 11:12:42,425 INFO - Resetting orphaned tasks for active dag runs
2022-07-06 11:17:42,464 INFO - Resetting orphaned tasks for active dag runs
2022-07-06 11:22:42,494 INFO - Resetting orphaned tasks for active dag runs
2022-07-06 11:27:42,496 INFO - Resetting orphaned tasks for active dag runs
2022-07-06 11:32:42,527 INFO - Resetting orphaned tasks for active dag runs
2022-07-06 11:37:42,556 INFO - Resetting orphaned tasks for active dag runs
2022-07-06 11:42:42,567 INFO - Resetting orphaned tasks for active dag runs
2022-07-06 11:47:42,593 INFO - Resetting orphaned tasks for active dag runs
2022-07-06 11:52:42,622 INFO - Resetting orphaned tasks for active dag runs
2022-07-06 11:57:42,636 INFO - Resetting orphaned tasks for active dag runs
2022-07-06 12:02:42,666 INFO - Resetting orphaned tasks for active dag runs
2022-07-06 12:07:42,671 INFO - Resetting orphaned tasks for active dag runs
2022-07-06 12:12:42,709 INFO - Resetting orphaned tasks for active dag runs
2022-07-06 12:17:42,738 INFO - Resetting orphaned tasks for active dag runs
2022-07-06 12:22:42,768 INFO - Resetting orphaned tasks for active dag runs
2022-07-06 12:27:42,823 INFO - Resetting orphaned tasks for active dag runs
2022-07-06 12:32:42,858 INFO - Resetting orphaned tasks for active dag runs
2022-07-06 12:37:42,891 INFO - Resetting orphaned tasks for active dag runs
2022-07-06 12:42:42,938 INFO - Resetting orphaned tasks for active dag runs
2022-07-06 12:57:32,038 INFO - Resetting orphaned tasks for active dag runs
2022-07-06 13:02:32,071 INFO - Resetting orphaned tasks for active dag runs
2022-07-06 13:07:32,105 INFO - Resetting orphaned tasks for active dag runs
2022-07-06 13:12:32,178 INFO - Resetting orphaned tasks for active dag runs
2022-07-06 13:17:32,218 INFO - Resetting orphaned tasks for active dag runs
2022-07-06 13:22:32,260 INFO - Resetting orphaned tasks for active dag runs
2022-07-06 13:28:41,200 INFO - Resetting orphaned tasks for active dag runs
2022-07-06 15:17:02,761 INFO - Resetting orphaned tasks for active dag runs
2022-07-06 17:18:50,567 INFO - Resetting orphaned tasks for active dag runs
2022-07-06 17:23:50,603 INFO - Resetting orphaned tasks for active dag runs
2022-07-06 17:28:50,639 INFO - Resetting orphaned tasks for active dag runs
2022-07-06 17:33:50,608 INFO - Resetting orphaned tasks for active dag runs
2022-07-06 17:38:50,637 INFO - Resetting orphaned tasks for active dag runs
2022-07-06 17:43:50,665 INFO - Resetting orphaned tasks for active dag runs
2022-07-06 17:48:50,705 INFO - Resetting orphaned tasks for active dag runs
2022-07-06 17:53:50,736 INFO - Resetting orphaned tasks for active dag runs
2022-07-06 17:58:50,764 INFO - Resetting orphaned tasks for active dag runs
2022-07-06 18:03:50,784 INFO - Resetting orphaned tasks for active dag runs
2022-07-06 18:08:50,813 INFO - Resetting orphaned tasks for active dag runs
2022-07-06 18:13:50,842 INFO - Resetting orphaned tasks for active dag runs
2022-07-06 18:18:50,828 INFO - Resetting orphaned tasks for active dag runs
2022-07-06 18:23:50,850 INFO - Resetting orphaned tasks for active dag runs
2022-07-06 18:28:50,877 INFO - Resetting orphaned tasks for active dag runs
2022-07-06 18:33:50,901 INFO - Resetting orphaned tasks for active dag runs
2022-07-06 18:38:50,928 INFO - Resetting orphaned tasks for active dag runs
2022-07-06 18:43:50,999 INFO - Resetting orphaned tasks for active dag runs
2022-07-06 18:48:51,018 INFO - Resetting orphaned tasks for active dag runs
2022-07-06 18:53:51,034 INFO - Resetting orphaned tasks for active dag runs
2022-07-06 18:58:51,048 INFO - Resetting orphaned tasks for active dag runs
2022-07-06 19:03:51,077 INFO - Resetting orphaned tasks for active dag runs
2022-07-06 19:08:51,093 INFO - Resetting orphaned tasks for active dag runs
2022-07-06 19:13:51,119 INFO - Resetting orphaned tasks for active dag runs
2022-07-06 19:18:51,147 INFO - Resetting orphaned tasks for active dag runs
2022-07-06 19:23:51,238 INFO - Resetting orphaned tasks for active dag runs
2022-07-06 19:28:51,272 INFO - Resetting orphaned tasks for active dag runs
2022-07-06 20:56:51,879 INFO - Resetting orphaned tasks for active dag runs
2022-07-06 21:01:51,915 INFO - Resetting orphaned tasks for active dag runs
2022-07-06 21:06:51,951 INFO - Resetting orphaned tasks for active dag runs
2022-07-06 21:11:52,229 INFO - Resetting orphaned tasks for active dag runs
2022-07-06 21:16:52,265 INFO - Resetting orphaned tasks for active dag runs
2022-07-06 21:21:52,301 INFO - Resetting orphaned tasks for active dag runs
2022-07-06 21:26:52,336 INFO - Resetting orphaned tasks for active dag runs
2022-07-06 21:31:52,369 INFO - Resetting orphaned tasks for active dag runs
2022-07-06 21:36:52,411 INFO - Resetting orphaned tasks for active dag runs
2022-07-06 21:41:52,435 INFO - Resetting orphaned tasks for active dag runs
2022-07-06 21:46:52,471 INFO - Resetting orphaned tasks for active dag runs
2022-07-06 21:51:52,515 INFO - Resetting orphaned tasks for active dag runs
2022-07-06 21:56:52,435 INFO - Resetting orphaned tasks for active dag runs
2022-07-06 22:01:52,470 INFO - Resetting orphaned tasks for active dag runs
2022-07-06 22:06:52,504 INFO - Resetting orphaned tasks for active dag runs
2022-07-06 22:11:52,483 INFO - Resetting orphaned tasks for active dag runs
2022-07-06 22:16:52,508 INFO - Resetting orphaned tasks for active dag runs
2022-07-06 22:21:52,535 INFO - Resetting orphaned tasks for active dag runs
2022-07-06 22:26:52,630 INFO - Resetting orphaned tasks for active dag runs
2022-07-06 22:32:33,925 INFO - Resetting orphaned tasks for active dag runs
2022-07-07 01:34:20,504 INFO - Resetting orphaned tasks for active dag runs
2022-07-07 02:57:20,527 INFO - Resetting orphaned tasks for active dag runs
2022-07-07 03:02:20,551 INFO - Resetting orphaned tasks for active dag runs
2022-07-07 03:07:20,574 INFO - Resetting orphaned tasks for active dag runs
2022-07-07 03:12:20,599 INFO - Resetting orphaned tasks for active dag runs
2022-07-07 03:17:20,627 INFO - Resetting orphaned tasks for active dag runs
2022-07-07 03:22:20,655 INFO - Resetting orphaned tasks for active dag runs
2022-07-07 03:27:20,678 INFO - Resetting orphaned tasks for active dag runs
2022-07-07 03:32:20,702 INFO - Resetting orphaned tasks for active dag runs
2022-07-07 03:37:20,733 INFO - Resetting orphaned tasks for active dag runs
2022-07-07 03:42:20,749 INFO - Resetting orphaned tasks for active dag runs
2022-07-07 03:47:20,770 INFO - Resetting orphaned tasks for active dag runs
2022-07-07 03:52:20,797 INFO - Resetting orphaned tasks for active dag runs
2022-07-07 03:57:20,827 INFO - Resetting orphaned tasks for active dag runs
2022-07-07 04:02:20,857 INFO - Resetting orphaned tasks for active dag runs
2022-07-07 04:07:20,886 INFO - Resetting orphaned tasks for active dag runs
2022-07-07 04:12:20,922 INFO - Resetting orphaned tasks for active dag runs
2022-07-07 04:17:20,954 INFO - Resetting orphaned tasks for active dag runs
2022-07-07 04:22:20,993 INFO - Resetting orphaned tasks for active dag runs
2022-07-07 05:34:09,686 INFO - Resetting orphaned tasks for active dag runs
2022-07-07 06:59:00,151 INFO - Resetting orphaned tasks for active dag runs
2022-07-07 07:04:00,311 INFO - Resetting orphaned tasks for active dag runs
2022-07-07 07:09:00,341 INFO - Resetting orphaned tasks for active dag runs
2022-07-07 07:14:00,228 INFO - Resetting orphaned tasks for active dag runs
2022-07-07 07:19:00,253 INFO - Resetting orphaned tasks for active dag runs
2022-07-07 07:24:00,274 INFO - Resetting orphaned tasks for active dag runs
2022-07-07 07:29:00,252 INFO - Resetting orphaned tasks for active dag runs
2022-07-07 07:34:00,275 INFO - Resetting orphaned tasks for active dag runs
2022-07-07 07:39:00,293 INFO - Resetting orphaned tasks for active dag runs
2022-07-07 07:44:00,362 INFO - Resetting orphaned tasks for active dag runs
2022-07-07 07:49:00,388 INFO - Resetting orphaned tasks for active dag runs
2022-07-07 07:54:33,181 INFO - Resetting orphaned tasks for active dag runs
2022-07-07 07:54:33,186 INFO - Marked 1 SchedulerJob instances as failed
2022-07-07 08:27:09,791 INFO - Resetting orphaned tasks for active dag runs
2022-07-07 08:32:09,822 INFO - Resetting orphaned tasks for active dag runs
2022-07-07 09:30:38,351 INFO - Resetting orphaned tasks for active dag runs
2022-07-07 09:35:38,391 INFO - Resetting orphaned tasks for active dag runs
2022-07-07 09:57:19,070 INFO - Resetting orphaned tasks for active dag runs
2022-07-07 10:02:19,107 INFO - Resetting orphaned tasks for active dag runs
2022-07-07 10:07:19,141 INFO - Resetting orphaned tasks for active dag runs
2022-07-07 10:12:19,185 INFO - Resetting orphaned tasks for active dag runs
2022-07-07 10:17:19,219 INFO - Resetting orphaned tasks for active dag runs
2022-07-07 10:22:19,257 INFO - Resetting orphaned tasks for active dag runs
2022-07-07 10:27:19,297 INFO - Resetting orphaned tasks for active dag runs
2022-07-07 10:32:19,331 INFO - Resetting orphaned tasks for active dag runs
2022-07-07 10:37:19,363 INFO - Resetting orphaned tasks for active dag runs
2022-07-07 10:42:19,362 INFO - Resetting orphaned tasks for active dag runs
2022-07-07 10:47:19,395 INFO - Resetting orphaned tasks for active dag runs
2022-07-07 10:52:19,426 INFO - Resetting orphaned tasks for active dag runs
2022-07-07 10:57:19,434 INFO - Resetting orphaned tasks for active dag runs
2022-07-07 11:02:19,464 INFO - Resetting orphaned tasks for active dag runs
2022-07-07 11:07:19,500 INFO - Resetting orphaned tasks for active dag runs
2022-07-07 11:12:19,534 INFO - Resetting orphaned tasks for active dag runs
2022-07-07 11:17:19,566 INFO - Resetting orphaned tasks for active dag runs
2022-07-07 11:22:19,598 INFO - Resetting orphaned tasks for active dag runs
2022-07-07 11:27:19,583 INFO - Resetting orphaned tasks for active dag runs
2022-07-07 11:32:19,612 INFO - Resetting orphaned tasks for active dag runs
2022-07-07 11:37:19,635 INFO - Resetting orphaned tasks for active dag runs
2022-07-07 11:42:20,420 INFO - Resetting orphaned tasks for active dag runs
2022-07-07 11:47:20,448 INFO - Resetting orphaned tasks for active dag runs
2022-07-07 11:52:20,476 INFO - Resetting orphaned tasks for active dag runs
2022-07-07 11:57:20,494 INFO - Resetting orphaned tasks for active dag runs
2022-07-07 12:02:20,521 INFO - Resetting orphaned tasks for active dag runs
2022-07-07 12:07:20,550 INFO - Resetting orphaned tasks for active dag runs
2022-07-07 12:12:20,632 INFO - Resetting orphaned tasks for active dag runs
2022-07-07 12:17:20,661 INFO - Resetting orphaned tasks for active dag runs
2022-07-07 12:22:20,690 INFO - Resetting orphaned tasks for active dag runs
2022-07-07 12:27:20,723 INFO - Resetting orphaned tasks for active dag runs
2022-07-07 12:32:20,756 INFO - Resetting orphaned tasks for active dag runs
2022-07-07 12:37:20,790 INFO - Resetting orphaned tasks for active dag runs
2022-07-07 12:42:20,821 INFO - Resetting orphaned tasks for active dag runs
2022-07-07 14:12:44,714 INFO - Resetting orphaned tasks for active dag runs
2022-07-07 14:12:44,716 INFO - Marked 1 SchedulerJob instances as failed
2022-07-07 14:17:44,905 INFO - Resetting orphaned tasks for active dag runs
2022-07-07 16:00:35,412 INFO - Resetting orphaned tasks for active dag runs
2022-07-07 16:05:35,438 INFO - Resetting orphaned tasks for active dag runs
2022-07-07 16:10:35,461 INFO - Resetting orphaned tasks for active dag runs
2022-07-07 16:15:35,466 INFO - Resetting orphaned tasks for active dag runs
2022-07-07 16:20:35,491 INFO - Resetting orphaned tasks for active dag runs
2022-07-07 16:25:35,516 INFO - Resetting orphaned tasks for active dag runs
2022-07-07 16:30:35,621 INFO - Resetting orphaned tasks for active dag runs
2022-07-07 16:35:35,638 INFO - Resetting orphaned tasks for active dag runs
2022-07-07 16:40:35,663 INFO - Resetting orphaned tasks for active dag runs
2022-07-07 16:45:35,728 INFO - Resetting orphaned tasks for active dag runs
2022-07-07 16:50:35,756 INFO - Resetting orphaned tasks for active dag runs
2022-07-07 16:55:35,786 INFO - Resetting orphaned tasks for active dag runs
2022-07-07 17:00:35,843 INFO - Resetting orphaned tasks for active dag runs
2022-07-07 17:05:35,874 INFO - Resetting orphaned tasks for active dag runs
2022-07-07 19:01:31,315 INFO - Resetting orphaned tasks for active dag runs
2022-07-07 19:06:31,342 INFO - Resetting orphaned tasks for active dag runs
2022-07-07 19:11:31,370 INFO - Resetting orphaned tasks for active dag runs
2022-07-07 19:16:31,425 INFO - Resetting orphaned tasks for active dag runs
2022-07-07 19:21:32,310 INFO - Resetting orphaned tasks for active dag runs
2022-07-07 19:26:32,339 INFO - Resetting orphaned tasks for active dag runs
2022-07-07 19:31:32,375 INFO - Resetting orphaned tasks for active dag runs
2022-07-07 19:36:32,409 INFO - Resetting orphaned tasks for active dag runs
2022-07-07 19:41:32,443 INFO - Resetting orphaned tasks for active dag runs
2022-07-07 19:46:32,462 INFO - Resetting orphaned tasks for active dag runs
2022-07-07 20:08:16,504 INFO - Resetting orphaned tasks for active dag runs
2022-07-07 20:13:16,536 INFO - Resetting orphaned tasks for active dag runs
2022-07-07 20:18:16,565 INFO - Resetting orphaned tasks for active dag runs
2022-07-07 20:23:16,613 INFO - Resetting orphaned tasks for active dag runs
2022-07-07 20:28:16,645 INFO - Resetting orphaned tasks for active dag runs
2022-07-07 20:33:16,676 INFO - Resetting orphaned tasks for active dag runs
2022-07-07 20:38:16,681 INFO - Resetting orphaned tasks for active dag runs
2022-07-07 20:43:16,707 INFO - Resetting orphaned tasks for active dag runs
2022-07-07 20:48:16,738 INFO - Resetting orphaned tasks for active dag runs
2022-07-07 20:53:16,748 INFO - Resetting orphaned tasks for active dag runs
2022-07-07 20:58:16,776 INFO - Resetting orphaned tasks for active dag runs
2022-07-07 21:03:16,813 INFO - Resetting orphaned tasks for active dag runs
2022-07-07 21:08:16,896 INFO - Resetting orphaned tasks for active dag runs
2022-07-07 21:13:16,931 INFO - Resetting orphaned tasks for active dag runs
2022-07-07 21:18:16,963 INFO - Resetting orphaned tasks for active dag runs
2022-07-07 21:23:17,021 INFO - Resetting orphaned tasks for active dag runs
2022-07-07 21:28:17,056 INFO - Resetting orphaned tasks for active dag runs
2022-07-07 21:33:17,090 INFO - Resetting orphaned tasks for active dag runs
2022-07-07 21:38:17,074 INFO - Resetting orphaned tasks for active dag runs
2022-07-07 21:43:17,098 INFO - Resetting orphaned tasks for active dag runs
2022-07-07 22:50:05,799 INFO - Resetting orphaned tasks for active dag runs
2022-07-08 02:49:52,489 INFO - Resetting orphaned tasks for active dag runs
2022-07-08 04:52:36,036 INFO - Resetting orphaned tasks for active dag runs
2022-07-08 05:54:29,106 INFO - Resetting orphaned tasks for active dag runs
2022-07-08 05:59:29,138 INFO - Resetting orphaned tasks for active dag runs
2022-07-08 06:04:29,163 INFO - Resetting orphaned tasks for active dag runs
2022-07-08 06:09:30,441 INFO - Resetting orphaned tasks for active dag runs
2022-07-08 06:14:30,481 INFO - Resetting orphaned tasks for active dag runs
2022-07-08 06:19:30,508 INFO - Resetting orphaned tasks for active dag runs
2022-07-08 06:24:30,534 INFO - Resetting orphaned tasks for active dag runs
2022-07-08 06:29:30,570 INFO - Resetting orphaned tasks for active dag runs
2022-07-08 06:34:30,598 INFO - Resetting orphaned tasks for active dag runs
2022-07-08 06:39:30,627 INFO - Resetting orphaned tasks for active dag runs
2022-07-08 06:47:04,942 INFO - Resetting orphaned tasks for active dag runs
2022-07-08 06:52:04,955 INFO - Resetting orphaned tasks for active dag runs
2022-07-08 06:57:04,985 INFO - Resetting orphaned tasks for active dag runs
2022-07-08 07:02:05,018 INFO - Resetting orphaned tasks for active dag runs
2022-07-08 07:07:05,066 INFO - Resetting orphaned tasks for active dag runs
2022-07-08 07:12:05,093 INFO - Resetting orphaned tasks for active dag runs
2022-07-08 07:20:47,739 INFO - Resetting orphaned tasks for active dag runs
2022-07-08 07:25:47,776 INFO - Resetting orphaned tasks for active dag runs
2022-07-08 07:30:47,812 INFO - Resetting orphaned tasks for active dag runs
2022-07-08 07:35:47,833 INFO - Resetting orphaned tasks for active dag runs
2022-07-08 07:40:47,865 INFO - Resetting orphaned tasks for active dag runs
2022-07-08 07:45:47,910 INFO - Resetting orphaned tasks for active dag runs
2022-07-08 07:50:47,949 INFO - Resetting orphaned tasks for active dag runs
2022-07-08 07:55:47,985 INFO - Resetting orphaned tasks for active dag runs
2022-07-08 08:00:48,021 INFO - Resetting orphaned tasks for active dag runs
2022-07-08 08:05:48,062 INFO - Resetting orphaned tasks for active dag runs
2022-07-08 08:10:48,086 INFO - Resetting orphaned tasks for active dag runs
2022-07-08 08:18:19,565 INFO - Resetting orphaned tasks for active dag runs
2022-07-08 08:23:19,602 INFO - Resetting orphaned tasks for active dag runs
2022-07-08 08:28:19,637 INFO - Resetting orphaned tasks for active dag runs
2022-07-08 08:33:19,672 INFO - Resetting orphaned tasks for active dag runs
2022-07-08 08:38:19,703 INFO - Resetting orphaned tasks for active dag runs
2022-07-08 08:43:19,740 INFO - Resetting orphaned tasks for active dag runs
2022-07-08 08:48:20,527 INFO - Resetting orphaned tasks for active dag runs
2022-07-08 08:53:20,544 INFO - Resetting orphaned tasks for active dag runs
2022-07-08 08:58:20,581 INFO - Resetting orphaned tasks for active dag runs
2022-07-08 09:03:20,607 INFO - Resetting orphaned tasks for active dag runs
2022-07-08 09:08:20,630 INFO - Resetting orphaned tasks for active dag runs
2022-07-08 09:13:20,664 INFO - Resetting orphaned tasks for active dag runs
2022-07-08 09:18:20,883 INFO - Resetting orphaned tasks for active dag runs
2022-07-08 09:23:20,941 INFO - Resetting orphaned tasks for active dag runs
2022-07-08 09:28:20,971 INFO - Resetting orphaned tasks for active dag runs
2022-07-08 09:50:25,893 INFO - Resetting orphaned tasks for active dag runs
2022-07-08 09:55:25,922 INFO - Resetting orphaned tasks for active dag runs
2022-07-08 10:00:25,953 INFO - Resetting orphaned tasks for active dag runs
2022-07-08 10:05:26,000 INFO - Resetting orphaned tasks for active dag runs
2022-07-08 10:10:26,030 INFO - Resetting orphaned tasks for active dag runs
2022-07-08 10:15:26,062 INFO - Resetting orphaned tasks for active dag runs
2022-07-08 10:20:26,107 INFO - Resetting orphaned tasks for active dag runs
2022-07-08 10:25:26,128 INFO - Resetting orphaned tasks for active dag runs
2022-07-08 10:30:26,163 INFO - Resetting orphaned tasks for active dag runs
2022-07-08 10:35:26,162 INFO - Resetting orphaned tasks for active dag runs
2022-07-08 10:40:26,188 INFO - Resetting orphaned tasks for active dag runs
2022-07-08 10:45:26,234 INFO - Resetting orphaned tasks for active dag runs
2022-07-08 10:50:26,791 INFO - Resetting orphaned tasks for active dag runs
2022-07-08 10:55:26,817 INFO - Resetting orphaned tasks for active dag runs
2022-07-08 11:00:26,846 INFO - Resetting orphaned tasks for active dag runs
2022-07-08 11:05:26,874 INFO - Resetting orphaned tasks for active dag runs
2022-07-08 11:10:26,909 INFO - Resetting orphaned tasks for active dag runs
2022-07-08 11:15:26,944 INFO - Resetting orphaned tasks for active dag runs
2022-07-08 11:20:26,975 INFO - Resetting orphaned tasks for active dag runs
2022-07-08 11:25:27,017 INFO - Resetting orphaned tasks for active dag runs
2022-07-08 11:30:27,050 INFO - Resetting orphaned tasks for active dag runs
2022-07-08 11:35:27,084 INFO - Resetting orphaned tasks for active dag runs
2022-07-08 11:40:27,092 INFO - Resetting orphaned tasks for active dag runs
2022-07-08 11:45:27,125 INFO - Resetting orphaned tasks for active dag runs
2022-07-08 11:50:27,158 INFO - Resetting orphaned tasks for active dag runs
2022-07-08 11:55:27,973 INFO - Resetting orphaned tasks for active dag runs
2022-07-08 12:00:28,005 INFO - Resetting orphaned tasks for active dag runs
2022-07-08 12:05:28,036 INFO - Resetting orphaned tasks for active dag runs
2022-07-08 12:10:28,106 INFO - Resetting orphaned tasks for active dag runs
2022-07-08 12:15:28,139 INFO - Resetting orphaned tasks for active dag runs
2022-07-08 12:20:28,174 INFO - Resetting orphaned tasks for active dag runs
2022-07-08 12:25:28,175 INFO - Resetting orphaned tasks for active dag runs
2022-07-08 12:30:28,207 INFO - Resetting orphaned tasks for active dag runs
2022-07-08 12:35:28,241 INFO - Resetting orphaned tasks for active dag runs
2022-07-08 12:40:28,272 INFO - Resetting orphaned tasks for active dag runs
2022-07-08 12:45:28,317 INFO - Resetting orphaned tasks for active dag runs
2022-07-08 12:50:28,354 INFO - Resetting orphaned tasks for active dag runs
2022-07-08 12:55:28,390 INFO - Resetting orphaned tasks for active dag runs
2022-07-08 13:00:28,434 INFO - Resetting orphaned tasks for active dag runs
2022-07-08 13:05:28,465 INFO - Resetting orphaned tasks for active dag runs
2022-07-08 13:10:28,498 INFO - Resetting orphaned tasks for active dag runs
2022-07-08 13:15:28,888 INFO - Resetting orphaned tasks for active dag runs
2022-07-08 13:20:28,924 INFO - Resetting orphaned tasks for active dag runs
2022-07-08 13:25:28,956 INFO - Resetting orphaned tasks for active dag runs
2022-07-08 13:30:29,003 INFO - Resetting orphaned tasks for active dag runs
2022-07-08 13:35:29,044 INFO - Resetting orphaned tasks for active dag runs
2022-07-08 13:40:29,083 INFO - Resetting orphaned tasks for active dag runs
2022-07-08 13:45:29,118 INFO - Resetting orphaned tasks for active dag runs
2022-07-08 13:50:29,153 INFO - Resetting orphaned tasks for active dag runs
2022-07-08 13:55:29,193 INFO - Resetting orphaned tasks for active dag runs
2022-07-08 14:00:29,222 INFO - Resetting orphaned tasks for active dag runs
2022-07-08 14:05:29,255 INFO - Resetting orphaned tasks for active dag runs
2022-07-08 14:10:29,295 INFO - Resetting orphaned tasks for active dag runs
2022-07-08 14:15:29,331 INFO - Resetting orphaned tasks for active dag runs
2022-07-08 14:20:29,367 INFO - Resetting orphaned tasks for active dag runs
2022-07-08 14:25:29,408 INFO - Resetting orphaned tasks for active dag runs
2022-07-08 15:02:32,160 INFO - Resetting orphaned tasks for active dag runs
2022-07-08 15:07:32,192 INFO - Resetting orphaned tasks for active dag runs
2022-07-08 15:12:32,222 INFO - Resetting orphaned tasks for active dag runs
2022-07-08 15:17:32,249 INFO - Resetting orphaned tasks for active dag runs
2022-07-08 15:22:32,279 INFO - Resetting orphaned tasks for active dag runs
2022-07-08 15:27:32,310 INFO - Resetting orphaned tasks for active dag runs
2022-07-08 15:32:32,339 INFO - Resetting orphaned tasks for active dag runs
2022-07-08 15:37:32,352 INFO - Resetting orphaned tasks for active dag runs
2022-07-08 15:42:32,380 INFO - Resetting orphaned tasks for active dag runs
2022-07-08 15:47:32,408 INFO - Resetting orphaned tasks for active dag runs
2022-07-08 15:52:32,450 INFO - Resetting orphaned tasks for active dag runs
2022-07-08 15:57:32,483 INFO - Resetting orphaned tasks for active dag runs
2022-07-08 16:02:32,518 INFO - Resetting orphaned tasks for active dag runs
2022-07-08 16:07:32,533 INFO - Resetting orphaned tasks for active dag runs
2022-07-08 16:12:32,564 INFO - Resetting orphaned tasks for active dag runs
2022-07-08 16:17:32,592 INFO - Resetting orphaned tasks for active dag runs
2022-07-08 16:22:32,614 INFO - Resetting orphaned tasks for active dag runs
2022-07-08 16:27:32,644 INFO - Resetting orphaned tasks for active dag runs
2022-07-08 16:32:32,674 INFO - Resetting orphaned tasks for active dag runs
2022-07-08 16:37:32,712 INFO - Resetting orphaned tasks for active dag runs
2022-07-08 16:42:32,742 INFO - Resetting orphaned tasks for active dag runs
2022-07-08 16:47:32,772 INFO - Resetting orphaned tasks for active dag runs
2022-07-08 16:52:32,817 INFO - Resetting orphaned tasks for active dag runs
2022-07-08 16:57:32,848 INFO - Resetting orphaned tasks for active dag runs
2022-07-08 17:02:32,878 INFO - Resetting orphaned tasks for active dag runs
2022-07-08 17:07:32,976 INFO - Resetting orphaned tasks for active dag runs
2022-07-08 17:12:33,006 INFO - Resetting orphaned tasks for active dag runs
2022-07-08 17:17:33,039 INFO - Resetting orphaned tasks for active dag runs
2022-07-08 17:22:33,083 INFO - Resetting orphaned tasks for active dag runs
2022-07-08 17:27:33,117 INFO - Resetting orphaned tasks for active dag runs
2022-07-08 17:32:33,149 INFO - Resetting orphaned tasks for active dag runs
2022-07-08 17:37:33,185 INFO - Resetting orphaned tasks for active dag runs
2022-07-08 17:42:33,220 INFO - Resetting orphaned tasks for active dag runs
2022-07-08 17:47:33,272 INFO - Resetting orphaned tasks for active dag runs
2022-07-08 17:52:33,313 INFO - Resetting orphaned tasks for active dag runs
2022-07-08 17:57:33,610 INFO - Resetting orphaned tasks for active dag runs
2022-07-08 18:02:33,602 INFO - Resetting orphaned tasks for active dag runs
2022-07-08 18:07:33,639 INFO - Resetting orphaned tasks for active dag runs
2022-07-08 18:12:33,672 INFO - Resetting orphaned tasks for active dag runs
2022-07-08 18:17:33,700 INFO - Resetting orphaned tasks for active dag runs
2022-07-08 18:22:33,736 INFO - Resetting orphaned tasks for active dag runs
2022-07-08 18:27:33,771 INFO - Resetting orphaned tasks for active dag runs
2022-07-08 18:32:33,808 INFO - Resetting orphaned tasks for active dag runs
2022-07-08 18:37:33,844 INFO - Resetting orphaned tasks for active dag runs
2022-07-08 18:42:33,877 INFO - Resetting orphaned tasks for active dag runs
2022-07-08 18:47:33,893 INFO - Resetting orphaned tasks for active dag runs
2022-07-08 18:52:33,923 INFO - Resetting orphaned tasks for active dag runs
2022-07-08 18:57:33,961 INFO - Resetting orphaned tasks for active dag runs
2022-07-08 19:02:33,960 INFO - Resetting orphaned tasks for active dag runs
2022-07-08 19:07:33,992 INFO - Resetting orphaned tasks for active dag runs
2022-07-08 19:12:34,025 INFO - Resetting orphaned tasks for active dag runs
2022-07-08 19:17:34,051 INFO - Resetting orphaned tasks for active dag runs
2022-07-08 19:22:34,085 INFO - Resetting orphaned tasks for active dag runs
2022-07-08 19:28:18,175 INFO - Resetting orphaned tasks for active dag runs
2022-07-08 19:33:18,211 INFO - Resetting orphaned tasks for active dag runs
2022-07-08 19:38:18,250 INFO - Resetting orphaned tasks for active dag runs
2022-07-08 19:43:18,304 INFO - Resetting orphaned tasks for active dag runs
2022-07-08 19:48:18,344 INFO - Resetting orphaned tasks for active dag runs
2022-07-08 19:53:18,388 INFO - Resetting orphaned tasks for active dag runs
2022-07-08 19:58:18,448 INFO - Resetting orphaned tasks for active dag runs
2022-07-08 20:03:18,486 INFO - Resetting orphaned tasks for active dag runs
2022-07-08 20:08:18,524 INFO - Resetting orphaned tasks for active dag runs
2022-07-08 20:13:18,572 INFO - Resetting orphaned tasks for active dag runs
2022-07-08 20:18:18,609 INFO - Resetting orphaned tasks for active dag runs
2022-07-08 20:23:18,649 INFO - Resetting orphaned tasks for active dag runs
2022-07-08 20:28:18,644 INFO - Resetting orphaned tasks for active dag runs
2022-07-08 20:33:18,677 INFO - Resetting orphaned tasks for active dag runs
2022-07-08 20:38:18,710 INFO - Resetting orphaned tasks for active dag runs
2022-07-08 20:43:18,724 INFO - Resetting orphaned tasks for active dag runs
2022-07-08 20:48:18,757 INFO - Resetting orphaned tasks for active dag runs
2022-07-08 20:53:18,787 INFO - Resetting orphaned tasks for active dag runs
2022-07-08 20:58:18,828 INFO - Resetting orphaned tasks for active dag runs
2022-07-08 21:03:18,863 INFO - Resetting orphaned tasks for active dag runs
2022-07-08 21:08:18,902 INFO - Resetting orphaned tasks for active dag runs
2022-07-08 21:13:19,026 INFO - Resetting orphaned tasks for active dag runs
2022-07-08 21:18:19,058 INFO - Resetting orphaned tasks for active dag runs
2022-07-08 21:23:19,097 INFO - Resetting orphaned tasks for active dag runs
2022-07-08 21:28:19,103 INFO - Resetting orphaned tasks for active dag runs
2022-07-08 21:33:19,140 INFO - Resetting orphaned tasks for active dag runs
2022-07-08 21:38:19,173 INFO - Resetting orphaned tasks for active dag runs
2022-07-08 21:43:19,196 INFO - Resetting orphaned tasks for active dag runs
2022-07-08 21:48:19,228 INFO - Resetting orphaned tasks for active dag runs
2022-07-08 21:53:19,265 INFO - Resetting orphaned tasks for active dag runs
2022-07-08 21:58:19,334 INFO - Resetting orphaned tasks for active dag runs
2022-07-08 22:47:22,763 INFO - Resetting orphaned tasks for active dag runs
2022-07-09 02:25:23,564 INFO - Resetting orphaned tasks for active dag runs
2022-07-09 04:50:18,309 INFO - Resetting orphaned tasks for active dag runs
2022-07-09 04:55:18,334 INFO - Resetting orphaned tasks for active dag runs
2022-07-09 05:00:18,362 INFO - Resetting orphaned tasks for active dag runs
2022-07-09 05:05:18,419 INFO - Resetting orphaned tasks for active dag runs
2022-07-09 05:10:18,446 INFO - Resetting orphaned tasks for active dag runs
2022-07-09 05:15:18,474 INFO - Resetting orphaned tasks for active dag runs
2022-07-09 05:20:18,526 INFO - Resetting orphaned tasks for active dag runs
2022-07-09 05:25:18,555 INFO - Resetting orphaned tasks for active dag runs
2022-07-09 05:30:18,584 INFO - Resetting orphaned tasks for active dag runs
2022-07-09 05:35:18,667 INFO - Resetting orphaned tasks for active dag runs
2022-07-09 05:40:18,698 INFO - Resetting orphaned tasks for active dag runs
2022-07-09 05:45:18,728 INFO - Resetting orphaned tasks for active dag runs
2022-07-09 05:50:18,778 INFO - Resetting orphaned tasks for active dag runs
2022-07-09 05:55:18,809 INFO - Resetting orphaned tasks for active dag runs
2022-07-09 06:18:58,290 INFO - Resetting orphaned tasks for active dag runs
2022-07-09 06:23:58,311 INFO - Resetting orphaned tasks for active dag runs
2022-07-09 06:28:58,343 INFO - Resetting orphaned tasks for active dag runs
2022-07-09 06:33:58,357 INFO - Resetting orphaned tasks for active dag runs
2022-07-09 06:38:58,381 INFO - Resetting orphaned tasks for active dag runs
2022-07-09 06:43:58,411 INFO - Resetting orphaned tasks for active dag runs
2022-07-09 06:48:58,448 INFO - Resetting orphaned tasks for active dag runs
2022-07-09 06:53:58,490 INFO - Resetting orphaned tasks for active dag runs
2022-07-09 06:58:58,519 INFO - Resetting orphaned tasks for active dag runs
2022-07-09 11:06:45,027 INFO - Resetting orphaned tasks for active dag runs
2022-07-09 11:11:45,061 INFO - Resetting orphaned tasks for active dag runs
2022-07-09 11:16:45,093 INFO - Resetting orphaned tasks for active dag runs
2022-07-09 11:21:45,125 INFO - Resetting orphaned tasks for active dag runs
2022-07-09 11:26:45,159 INFO - Resetting orphaned tasks for active dag runs
2022-07-09 11:31:45,194 INFO - Resetting orphaned tasks for active dag runs
2022-07-09 11:36:45,214 INFO - Resetting orphaned tasks for active dag runs
2022-07-09 11:41:45,239 INFO - Resetting orphaned tasks for active dag runs
2022-07-09 11:46:45,272 INFO - Resetting orphaned tasks for active dag runs
2022-07-09 11:51:45,291 INFO - Resetting orphaned tasks for active dag runs
2022-07-09 11:56:45,315 INFO - Resetting orphaned tasks for active dag runs
2022-07-09 12:01:45,346 INFO - Resetting orphaned tasks for active dag runs
2022-07-09 12:06:45,367 INFO - Resetting orphaned tasks for active dag runs
2022-07-09 12:11:45,393 INFO - Resetting orphaned tasks for active dag runs
2022-07-09 12:16:45,422 INFO - Resetting orphaned tasks for active dag runs
2022-07-09 12:21:45,453 INFO - Resetting orphaned tasks for active dag runs
2022-07-09 12:26:45,484 INFO - Resetting orphaned tasks for active dag runs
2022-07-09 12:31:45,514 INFO - Resetting orphaned tasks for active dag runs
2022-07-09 12:40:30,747 INFO - Resetting orphaned tasks for active dag runs
2022-07-09 12:45:30,780 INFO - Resetting orphaned tasks for active dag runs
2022-07-09 12:50:30,815 INFO - Resetting orphaned tasks for active dag runs
2022-07-09 12:55:30,855 INFO - Resetting orphaned tasks for active dag runs
2022-07-09 13:00:30,887 INFO - Resetting orphaned tasks for active dag runs
2022-07-09 13:05:30,922 INFO - Resetting orphaned tasks for active dag runs
2022-07-09 13:14:18,988 INFO - Resetting orphaned tasks for active dag runs
2022-07-09 13:19:19,022 INFO - Resetting orphaned tasks for active dag runs
2022-07-09 13:24:19,048 INFO - Resetting orphaned tasks for active dag runs
2022-07-09 14:47:21,325 INFO - Resetting orphaned tasks for active dag runs
2022-07-09 14:52:21,342 INFO - Resetting orphaned tasks for active dag runs
2022-07-09 14:57:21,377 INFO - Resetting orphaned tasks for active dag runs
2022-07-09 15:02:21,417 INFO - Resetting orphaned tasks for active dag runs
2022-07-09 15:07:21,455 INFO - Resetting orphaned tasks for active dag runs
2022-07-09 15:12:21,487 INFO - Resetting orphaned tasks for active dag runs
2022-07-09 15:17:21,521 INFO - Resetting orphaned tasks for active dag runs
2022-07-09 15:22:21,563 INFO - Resetting orphaned tasks for active dag runs
2022-07-09 15:27:21,599 INFO - Resetting orphaned tasks for active dag runs
2022-07-09 15:32:21,633 INFO - Resetting orphaned tasks for active dag runs
2022-07-09 15:37:21,633 INFO - Resetting orphaned tasks for active dag runs
2022-07-09 15:42:21,666 INFO - Resetting orphaned tasks for active dag runs
2022-07-09 15:47:21,698 INFO - Resetting orphaned tasks for active dag runs
2022-07-09 15:52:21,740 INFO - Resetting orphaned tasks for active dag runs
2022-07-09 15:57:21,778 INFO - Resetting orphaned tasks for active dag runs
2022-07-09 16:02:21,809 INFO - Resetting orphaned tasks for active dag runs
2022-07-09 16:07:21,810 INFO - Resetting orphaned tasks for active dag runs
2022-07-09 16:12:21,838 INFO - Resetting orphaned tasks for active dag runs
2022-07-09 16:17:21,868 INFO - Resetting orphaned tasks for active dag runs
2022-07-09 16:22:21,919 INFO - Resetting orphaned tasks for active dag runs
2022-07-09 16:27:21,954 INFO - Resetting orphaned tasks for active dag runs
2022-07-09 16:32:21,986 INFO - Resetting orphaned tasks for active dag runs
2022-07-09 16:37:22,010 INFO - Resetting orphaned tasks for active dag runs
2022-07-09 16:42:22,043 INFO - Resetting orphaned tasks for active dag runs
2022-07-09 16:47:22,264 INFO - Resetting orphaned tasks for active dag runs
2022-07-09 16:52:22,286 INFO - Resetting orphaned tasks for active dag runs
2022-07-09 16:57:22,316 INFO - Resetting orphaned tasks for active dag runs
2022-07-09 17:02:22,346 INFO - Resetting orphaned tasks for active dag runs
2022-07-09 17:07:22,366 INFO - Resetting orphaned tasks for active dag runs
2022-07-09 17:12:22,396 INFO - Resetting orphaned tasks for active dag runs
2022-07-09 17:17:22,426 INFO - Resetting orphaned tasks for active dag runs
2022-07-09 17:22:22,489 INFO - Resetting orphaned tasks for active dag runs
2022-07-09 17:27:22,521 INFO - Resetting orphaned tasks for active dag runs
2022-07-09 17:32:22,556 INFO - Resetting orphaned tasks for active dag runs
2022-07-09 17:37:22,618 INFO - Resetting orphaned tasks for active dag runs
2022-07-09 17:42:22,659 INFO - Resetting orphaned tasks for active dag runs
2022-07-09 17:47:22,687 INFO - Resetting orphaned tasks for active dag runs
2022-07-09 18:08:48,977 INFO - Resetting orphaned tasks for active dag runs
2022-07-09 18:13:49,006 INFO - Resetting orphaned tasks for active dag runs
2022-07-09 18:18:49,036 INFO - Resetting orphaned tasks for active dag runs
2022-07-09 18:23:49,064 INFO - Resetting orphaned tasks for active dag runs
2022-07-09 18:37:26,445 INFO - Resetting orphaned tasks for active dag runs
2022-07-09 21:00:20,670 INFO - Resetting orphaned tasks for active dag runs
2022-07-09 21:05:20,715 INFO - Resetting orphaned tasks for active dag runs
2022-07-09 21:10:20,746 INFO - Resetting orphaned tasks for active dag runs
2022-07-09 21:15:20,776 INFO - Resetting orphaned tasks for active dag runs
2022-07-09 21:20:20,771 INFO - Resetting orphaned tasks for active dag runs
2022-07-09 21:25:20,802 INFO - Resetting orphaned tasks for active dag runs
2022-07-09 21:30:20,834 INFO - Resetting orphaned tasks for active dag runs
2022-07-09 21:35:20,863 INFO - Resetting orphaned tasks for active dag runs
2022-07-09 21:40:20,861 INFO - Resetting orphaned tasks for active dag runs
2022-07-09 21:45:20,889 INFO - Resetting orphaned tasks for active dag runs
2022-07-09 21:50:20,919 INFO - Resetting orphaned tasks for active dag runs
2022-07-09 21:55:20,941 INFO - Resetting orphaned tasks for active dag runs
2022-07-09 22:00:20,969 INFO - Resetting orphaned tasks for active dag runs
2022-07-09 22:05:21,001 INFO - Resetting orphaned tasks for active dag runs
2022-07-09 22:10:21,000 INFO - Resetting orphaned tasks for active dag runs
2022-07-09 22:15:21,029 INFO - Resetting orphaned tasks for active dag runs
2022-07-10 04:13:30,411 INFO - Resetting orphaned tasks for active dag runs
2022-07-10 04:18:30,440 INFO - Resetting orphaned tasks for active dag runs
2022-07-10 04:23:30,469 INFO - Resetting orphaned tasks for active dag runs
2022-07-10 04:28:30,497 INFO - Resetting orphaned tasks for active dag runs
2022-07-10 04:33:30,524 INFO - Resetting orphaned tasks for active dag runs
2022-07-10 04:38:30,549 INFO - Resetting orphaned tasks for active dag runs
2022-07-10 04:43:30,567 INFO - Resetting orphaned tasks for active dag runs
2022-07-10 04:48:30,594 INFO - Resetting orphaned tasks for active dag runs
2022-07-10 04:53:30,622 INFO - Resetting orphaned tasks for active dag runs
2022-07-10 04:58:30,634 INFO - Resetting orphaned tasks for active dag runs
2022-07-10 05:03:30,664 INFO - Resetting orphaned tasks for active dag runs
2022-07-10 05:08:30,699 INFO - Resetting orphaned tasks for active dag runs
2022-07-10 05:13:30,722 INFO - Resetting orphaned tasks for active dag runs
2022-07-10 05:18:30,747 INFO - Resetting orphaned tasks for active dag runs
2022-07-10 05:23:30,774 INFO - Resetting orphaned tasks for active dag runs
2022-07-10 05:28:30,801 INFO - Resetting orphaned tasks for active dag runs
2022-07-10 06:01:42,773 INFO - Resetting orphaned tasks for active dag runs
2022-07-10 06:23:08,983 INFO - Resetting orphaned tasks for active dag runs
2022-07-10 07:03:18,830 INFO - Resetting orphaned tasks for active dag runs
2022-07-10 08:12:38,103 INFO - Resetting orphaned tasks for active dag runs
2022-07-10 08:17:38,143 INFO - Resetting orphaned tasks for active dag runs
2022-07-10 08:22:38,177 INFO - Resetting orphaned tasks for active dag runs
2022-07-10 10:15:48,505 INFO - Resetting orphaned tasks for active dag runs
2022-07-10 12:56:04,277 INFO - Resetting orphaned tasks for active dag runs
2022-07-10 13:01:04,298 INFO - Resetting orphaned tasks for active dag runs
2022-07-10 13:06:04,323 INFO - Resetting orphaned tasks for active dag runs
2022-07-10 13:11:04,432 INFO - Resetting orphaned tasks for active dag runs
2022-07-10 13:16:04,462 INFO - Resetting orphaned tasks for active dag runs
2022-07-10 13:21:04,492 INFO - Resetting orphaned tasks for active dag runs
2022-07-10 13:26:04,498 INFO - Resetting orphaned tasks for active dag runs
2022-07-10 13:31:04,529 INFO - Resetting orphaned tasks for active dag runs
2022-07-10 13:36:04,556 INFO - Resetting orphaned tasks for active dag runs
2022-07-10 13:41:04,620 INFO - Resetting orphaned tasks for active dag runs
2022-07-10 13:46:04,652 INFO - Resetting orphaned tasks for active dag runs
2022-07-10 13:51:04,681 INFO - Resetting orphaned tasks for active dag runs
2022-07-10 15:14:22,362 INFO - Resetting orphaned tasks for active dag runs
2022-07-10 15:19:22,387 INFO - Resetting orphaned tasks for active dag runs
2022-07-10 15:27:05,227 INFO - Resetting orphaned tasks for active dag runs
2022-07-10 15:32:05,268 INFO - Resetting orphaned tasks for active dag runs
2022-07-10 15:37:05,293 INFO - Resetting orphaned tasks for active dag runs
2022-07-10 15:47:21,971 INFO - Resetting orphaned tasks for active dag runs
2022-07-10 15:52:21,992 INFO - Resetting orphaned tasks for active dag runs
2022-07-10 15:57:22,011 INFO - Resetting orphaned tasks for active dag runs
2022-07-10 16:02:22,061 INFO - Resetting orphaned tasks for active dag runs
2022-07-10 16:07:22,090 INFO - Resetting orphaned tasks for active dag runs
2022-07-10 16:12:22,123 INFO - Resetting orphaned tasks for active dag runs
2022-07-10 16:17:22,153 INFO - Resetting orphaned tasks for active dag runs
2022-07-10 16:22:22,185 INFO - Resetting orphaned tasks for active dag runs
2022-07-10 16:27:22,218 INFO - Resetting orphaned tasks for active dag runs
2022-07-10 16:32:22,264 INFO - Resetting orphaned tasks for active dag runs
2022-07-10 16:37:22,299 INFO - Resetting orphaned tasks for active dag runs
2022-07-10 16:42:22,334 INFO - Resetting orphaned tasks for active dag runs
2022-07-10 16:47:22,413 INFO - Resetting orphaned tasks for active dag runs
2022-07-10 16:52:55,395 INFO - Resetting orphaned tasks for active dag runs
2022-07-10 16:57:55,439 INFO - Resetting orphaned tasks for active dag runs
2022-07-10 17:21:15,155 INFO - Resetting orphaned tasks for active dag runs
2022-07-10 17:26:15,205 INFO - Resetting orphaned tasks for active dag runs
2022-07-10 17:31:15,244 INFO - Resetting orphaned tasks for active dag runs
2022-07-10 18:10:54,318 INFO - Resetting orphaned tasks for active dag runs
2022-07-10 20:59:04,115 INFO - Resetting orphaned tasks for active dag runs
2022-07-10 21:05:04,907 INFO - Resetting orphaned tasks for active dag runs
2022-07-10 21:10:04,933 INFO - Resetting orphaned tasks for active dag runs
2022-07-10 21:15:04,979 INFO - Resetting orphaned tasks for active dag runs
2022-07-10 21:20:05,005 INFO - Resetting orphaned tasks for active dag runs
2022-07-10 21:25:05,034 INFO - Resetting orphaned tasks for active dag runs
2022-07-10 21:30:05,086 INFO - Resetting orphaned tasks for active dag runs
2022-07-10 21:35:05,114 INFO - Resetting orphaned tasks for active dag runs
2022-07-10 21:40:05,143 INFO - Resetting orphaned tasks for active dag runs
2022-07-10 21:45:05,186 INFO - Resetting orphaned tasks for active dag runs
2022-07-10 21:50:05,215 INFO - Resetting orphaned tasks for active dag runs
2022-07-11 01:54:28,141 INFO - Resetting orphaned tasks for active dag runs
2022-07-11 01:54:28,183 INFO - Marked 1 SchedulerJob instances as failed
2022-07-11 06:18:59,717 INFO - Resetting orphaned tasks for active dag runs
2022-07-11 06:23:59,760 INFO - Resetting orphaned tasks for active dag runs
2022-07-11 06:28:59,786 INFO - Resetting orphaned tasks for active dag runs
2022-07-11 06:33:59,861 INFO - Resetting orphaned tasks for active dag runs
2022-07-11 06:38:59,886 INFO - Resetting orphaned tasks for active dag runs
2022-07-11 06:43:59,915 INFO - Resetting orphaned tasks for active dag runs
2022-07-11 06:49:00,121 INFO - Resetting orphaned tasks for active dag runs
2022-07-11 06:54:00,193 INFO - Resetting orphaned tasks for active dag runs
2022-07-11 06:59:00,221 INFO - Resetting orphaned tasks for active dag runs
2022-07-11 07:04:00,251 INFO - Resetting orphaned tasks for active dag runs
2022-07-11 07:09:00,280 INFO - Resetting orphaned tasks for active dag runs
2022-07-11 07:14:00,310 INFO - Resetting orphaned tasks for active dag runs
2022-07-11 07:19:00,326 INFO - Resetting orphaned tasks for active dag runs
2022-07-11 07:24:00,349 INFO - Resetting orphaned tasks for active dag runs
2022-07-11 07:29:00,381 INFO - Resetting orphaned tasks for active dag runs
